-- Found ament_cmake: 2.5.6 (/opt/ros/jazzy/share/ament_cmake/cmake)
-- Override CMake install command with custom implementation using symlinks instead of copying resources
-- Found rosidl_default_generators: 1.6.0 (/opt/ros/jazzy/share/rosidl_default_generators/cmake)
-- Using all available rosidl_typesupport_c: rosidl_typesupport_fastrtps_c;rosidl_typesupport_introspection_c
-- Using all available rosidl_typesupport_cpp: rosidl_typesupport_fastrtps_cpp;rosidl_typesupport_introspection_cpp
-- Found rosidl_adapter: 4.6.7 (/opt/ros/jazzy/share/rosidl_adapter/cmake)
-- Found std_msgs: 5.3.7 (/opt/ros/jazzy/share/std_msgs/cmake)
-- Found ament_cmake_ros: 0.12.0 (/opt/ros/jazzy/share/ament_cmake_ros/cmake)
-- Using all available rosidl_typesupport_c: rosidl_typesupport_fastrtps_c;rosidl_typesupport_introspection_c
-- Using all available rosidl_typesupport_cpp: rosidl_typesupport_fastrtps_cpp;rosidl_typesupport_introspection_cpp
-- Found python_cmake_module: 0.11.1 (/opt/ros/jazzy/share/python_cmake_module/cmake)
-- Found Python3: /usr/bin/python3 (found version "3.12.3") found components: Interpreter Development NumPy Development.Module Development.Embed 
-- Found Python3: /usr/bin/python3 (found version "3.12.3") found components: Interpreter 
-- Configuring done (1.1s)
-- Generating done (0.0s)
-- Build files have been written to: /root/ros2_ws/build/detection_msgs
[  2%] [34m[1mGenerating Rust code for ROS interfaces[0m
[  4%] [34m[1mGenerating type hashes for ROS interfaces[0m
[  4%] Built target ament_cmake_python_symlink_detection_msgs
running egg_info
[  4%] Built target detection_msgs__rosidl_generator_type_description
[  6%] [34m[1mGenerating C code for ROS interfaces[0m
[  8%] [34m[1mGenerating C++ code for ROS interfaces[0m
[  8%] Built target detection_msgs__rs
writing detection_msgs.egg-info/PKG-INFO
writing dependency_links to detection_msgs.egg-info/dependency_links.txt
writing top-level names to detection_msgs.egg-info/top_level.txt
reading manifest file 'detection_msgs.egg-info/SOURCES.txt'
writing manifest file 'detection_msgs.egg-info/SOURCES.txt'
[  8%] Built target ament_cmake_python_build_detection_msgs_egg
[  8%] Built target detection_msgs__cpp
[ 11%] [32mBuilding C object CMakeFiles/detection_msgs__rosidl_generator_c.dir/rosidl_generator_c/detection_msgs/msg/detail/detection2_d__description.c.o[0m
[ 13%] [32mBuilding C object CMakeFiles/detection_msgs__rosidl_generator_c.dir/rosidl_generator_c/detection_msgs/msg/detail/detection2_d__functions.c.o[0m
[ 15%] [32mBuilding C object CMakeFiles/detection_msgs__rosidl_generator_c.dir/rosidl_generator_c/detection_msgs/msg/detail/detection2_d_array__description.c.o[0m
[ 17%] [32mBuilding C object CMakeFiles/detection_msgs__rosidl_generator_c.dir/rosidl_generator_c/detection_msgs/msg/detail/detection2_d__type_support.c.o[0m
[ 22%] [32mBuilding C object CMakeFiles/detection_msgs__rosidl_generator_c.dir/rosidl_generator_c/detection_msgs/msg/detail/detection2_d_array__type_support.c.o[0m
[ 22%] [32mBuilding C object CMakeFiles/detection_msgs__rosidl_generator_c.dir/rosidl_generator_c/detection_msgs/msg/detail/detection2_d_array__functions.c.o[0m
[ 24%] [32m[1mLinking C shared library libdetection_msgs__rosidl_generator_c.so[0m
[ 24%] Built target detection_msgs__rosidl_generator_c
[ 31%] [34m[1mGenerating C type support dispatch for ROS interfaces[0m
[ 31%] [34m[1mGenerating C++ type support dispatch for ROS interfaces[0m
[ 31%] [34m[1mGenerating C introspection for ROS interfaces[0m
[ 33%] [34m[1mGenerating C++ type support for eProsima Fast-RTPS[0m
[ 35%] [34m[1mGenerating C++ introspection for ROS interfaces[0m
[ 37%] [34m[1mGenerating C type support for eProsima Fast-RTPS[0m
[ 42%] [32mBuilding CXX object CMakeFiles/detection_msgs__rosidl_typesupport_cpp.dir/rosidl_typesupport_cpp/detection_msgs/msg/detection2_d__type_support.cpp.o[0m
[ 42%] [32mBuilding CXX object CMakeFiles/detection_msgs__rosidl_typesupport_cpp.dir/rosidl_typesupport_cpp/detection_msgs/msg/detection2_d_array__type_support.cpp.o[0m
[ 44%] [32mBuilding CXX object CMakeFiles/detection_msgs__rosidl_typesupport_fastrtps_cpp.dir/rosidl_typesupport_fastrtps_cpp/detection_msgs/msg/detail/dds_fastrtps/detection2_d__type_support.cpp.o[0m
[ 46%] [32mBuilding CXX object CMakeFiles/detection_msgs__rosidl_typesupport_fastrtps_cpp.dir/rosidl_typesupport_fastrtps_cpp/detection_msgs/msg/detail/dds_fastrtps/detection2_d_array__type_support.cpp.o[0m
[ 48%] [32mBuilding CXX object CMakeFiles/detection_msgs__rosidl_typesupport_fastrtps_c.dir/rosidl_typesupport_fastrtps_c/detection_msgs/msg/detail/detection2_d__type_support_c.cpp.o[0m
[ 51%] [32mBuilding C object CMakeFiles/detection_msgs__rosidl_typesupport_introspection_c.dir/rosidl_typesupport_introspection_c/detection_msgs/msg/detail/detection2_d_array__type_support.c.o[0m
[ 53%] [32mBuilding C object CMakeFiles/detection_msgs__rosidl_typesupport_introspection_c.dir/rosidl_typesupport_introspection_c/detection_msgs/msg/detail/detection2_d__type_support.c.o[0m
[ 55%] [32mBuilding CXX object CMakeFiles/detection_msgs__rosidl_typesupport_fastrtps_c.dir/rosidl_typesupport_fastrtps_c/detection_msgs/msg/detail/detection2_d_array__type_support_c.cpp.o[0m
[ 57%] [32m[1mLinking C shared library libdetection_msgs__rosidl_typesupport_introspection_c.so[0m
[ 60%] [32mBuilding CXX object CMakeFiles/detection_msgs__rosidl_typesupport_c.dir/rosidl_typesupport_c/detection_msgs/msg/detection2_d__type_support.cpp.o[0m
[ 62%] [32mBuilding CXX object CMakeFiles/detection_msgs__rosidl_typesupport_introspection_cpp.dir/rosidl_typesupport_introspection_cpp/detection_msgs/msg/detail/detection2_d__type_support.cpp.o[0m
[ 64%] [32mBuilding CXX object CMakeFiles/detection_msgs__rosidl_typesupport_c.dir/rosidl_typesupport_c/detection_msgs/msg/detection2_d_array__type_support.cpp.o[0m
[ 66%] [32mBuilding CXX object CMakeFiles/detection_msgs__rosidl_typesupport_introspection_cpp.dir/rosidl_typesupport_introspection_cpp/detection_msgs/msg/detail/detection2_d_array__type_support.cpp.o[0m
[ 66%] Built target detection_msgs__rosidl_typesupport_introspection_c
[ 68%] [32m[1mLinking CXX shared library libdetection_msgs__rosidl_typesupport_c.so[0m
[ 68%] Built target detection_msgs__rosidl_typesupport_c
[ 71%] [32m[1mLinking CXX shared library libdetection_msgs__rosidl_typesupport_introspection_cpp.so[0m
[ 73%] [32m[1mLinking CXX shared library libdetection_msgs__rosidl_typesupport_cpp.so[0m
[ 75%] [32m[1mLinking CXX shared library libdetection_msgs__rosidl_typesupport_fastrtps_cpp.so[0m
[ 75%] Built target detection_msgs__rosidl_typesupport_cpp
[ 75%] Built target detection_msgs__rosidl_typesupport_introspection_cpp
[ 75%] Built target detection_msgs__rosidl_typesupport_fastrtps_cpp
[ 77%] [32m[1mLinking CXX shared library libdetection_msgs__rosidl_typesupport_fastrtps_c.so[0m
[ 77%] Built target detection_msgs__rosidl_typesupport_fastrtps_c
[ 77%] Built target detection_msgs
[ 80%] [34m[1mGenerating Python code for ROS interfaces[0m
[ 80%] Built target detection_msgs__py
[ 82%] [32mBuilding C object CMakeFiles/detection_msgs__rosidl_generator_py.dir/rosidl_generator_py/detection_msgs/msg/_detection2_d_s.c.o[0m
[ 84%] [32mBuilding C object CMakeFiles/detection_msgs__rosidl_generator_py.dir/rosidl_generator_py/detection_msgs/msg/_detection2_d_array_s.c.o[0m
[ 86%] [32m[1mLinking C shared library libdetection_msgs__rosidl_generator_py.so[0m
[ 86%] Built target detection_msgs__rosidl_generator_py
[ 88%] [32mBuilding C object CMakeFiles/detection_msgs_s__rosidl_typesupport_introspection_c.dir/rosidl_generator_py/detection_msgs/_detection_msgs_s.ep.rosidl_typesupport_introspection_c.c.o[0m
[ 91%] [32mBuilding C object CMakeFiles/detection_msgs_s__rosidl_typesupport_c.dir/rosidl_generator_py/detection_msgs/_detection_msgs_s.ep.rosidl_typesupport_c.c.o[0m
[ 93%] [32mBuilding C object CMakeFiles/detection_msgs_s__rosidl_typesupport_fastrtps_c.dir/rosidl_generator_py/detection_msgs/_detection_msgs_s.ep.rosidl_typesupport_fastrtps_c.c.o[0m
[ 95%] [32m[1mLinking C shared module rosidl_generator_py/detection_msgs/detection_msgs_s__rosidl_typesupport_introspection_c.so[0m
[ 97%] [32m[1mLinking C shared module rosidl_generator_py/detection_msgs/detection_msgs_s__rosidl_typesupport_c.so[0m
[100%] [32m[1mLinking C shared module rosidl_generator_py/detection_msgs/detection_msgs_s__rosidl_typesupport_fastrtps_c.so[0m
[100%] Built target detection_msgs_s__rosidl_typesupport_c
[100%] Built target detection_msgs_s__rosidl_typesupport_introspection_c
[100%] Built target detection_msgs_s__rosidl_typesupport_fastrtps_c
-- Install configuration: ""
-- Execute custom install script
-- Up-to-date symlink: /root/ros2_ws/install/detection_msgs/share/ament_index/resource_index/rosidl_interfaces/detection_msgs
-- Up-to-date symlink: /root/ros2_ws/install/detection_msgs/share/detection_msgs/msg/Detection2D.json
-- Up-to-date symlink: /root/ros2_ws/install/detection_msgs/share/detection_msgs/msg/Detection2DArray.json
-- Up-to-date symlink: /root/ros2_ws/install/detection_msgs/include/detection_msgs/detection_msgs/msg/detail/detection2_d__functions.h
-- Up-to-date symlink: /root/ros2_ws/install/detection_msgs/include/detection_msgs/detection_msgs/msg/detail/detection2_d__struct.h
-- Up-to-date symlink: /root/ros2_ws/install/detection_msgs/include/detection_msgs/detection_msgs/msg/detail/detection2_d__type_support.h
-- Up-to-date symlink: /root/ros2_ws/install/detection_msgs/include/detection_msgs/detection_msgs/msg/detail/detection2_d_array__functions.h
-- Up-to-date symlink: /root/ros2_ws/install/detection_msgs/include/detection_msgs/detection_msgs/msg/detail/detection2_d_array__struct.h
-- Up-to-date symlink: /root/ros2_ws/install/detection_msgs/include/detection_msgs/detection_msgs/msg/detail/detection2_d_array__type_support.h
-- Up-to-date symlink: /root/ros2_ws/install/detection_msgs/include/detection_msgs/detection_msgs/msg/detection2_d.h
-- Up-to-date symlink: /root/ros2_ws/install/detection_msgs/include/detection_msgs/detection_msgs/msg/detection2_d_array.h
-- Up-to-date symlink: /root/ros2_ws/install/detection_msgs/include/detection_msgs/detection_msgs/msg/rosidl_generator_c__visibility_control.h
-- Up-to-date symlink: /root/ros2_ws/install/detection_msgs/share/detection_msgs/environment/library_path.sh
-- Up-to-date symlink: /root/ros2_ws/install/detection_msgs/share/detection_msgs/environment/library_path.dsv
-- Up-to-date symlink: /root/ros2_ws/install/detection_msgs/include/detection_msgs/detection_msgs/msg/detail/detection2_d__rosidl_typesupport_fastrtps_c.h
-- Up-to-date symlink: /root/ros2_ws/install/detection_msgs/include/detection_msgs/detection_msgs/msg/detail/detection2_d_array__rosidl_typesupport_fastrtps_c.h
-- Up-to-date symlink: /root/ros2_ws/install/detection_msgs/include/detection_msgs/detection_msgs/msg/rosidl_typesupport_fastrtps_c__visibility_control.h
-- Up-to-date symlink: /root/ros2_ws/install/detection_msgs/include/detection_msgs/detection_msgs/msg/detail/detection2_d__rosidl_typesupport_introspection_c.h
-- Up-to-date symlink: /root/ros2_ws/install/detection_msgs/include/detection_msgs/detection_msgs/msg/detail/detection2_d_array__rosidl_typesupport_introspection_c.h
-- Up-to-date symlink: /root/ros2_ws/install/detection_msgs/include/detection_msgs/detection_msgs/msg/rosidl_typesupport_introspection_c__visibility_control.h
-- Up-to-date symlink: /root/ros2_ws/install/detection_msgs/include/detection_msgs/detection_msgs/msg/detail/detection2_d__builder.hpp
-- Up-to-date symlink: /root/ros2_ws/install/detection_msgs/include/detection_msgs/detection_msgs/msg/detail/detection2_d__struct.hpp
-- Up-to-date symlink: /root/ros2_ws/install/detection_msgs/include/detection_msgs/detection_msgs/msg/detail/detection2_d__traits.hpp
-- Up-to-date symlink: /root/ros2_ws/install/detection_msgs/include/detection_msgs/detection_msgs/msg/detail/detection2_d__type_support.hpp
-- Up-to-date symlink: /root/ros2_ws/install/detection_msgs/include/detection_msgs/detection_msgs/msg/detail/detection2_d_array__builder.hpp
-- Up-to-date symlink: /root/ros2_ws/install/detection_msgs/include/detection_msgs/detection_msgs/msg/detail/detection2_d_array__struct.hpp
-- Up-to-date symlink: /root/ros2_ws/install/detection_msgs/include/detection_msgs/detection_msgs/msg/detail/detection2_d_array__traits.hpp
-- Up-to-date symlink: /root/ros2_ws/install/detection_msgs/include/detection_msgs/detection_msgs/msg/detail/detection2_d_array__type_support.hpp
-- Up-to-date symlink: /root/ros2_ws/install/detection_msgs/include/detection_msgs/detection_msgs/msg/detection2_d.hpp
-- Up-to-date symlink: /root/ros2_ws/install/detection_msgs/include/detection_msgs/detection_msgs/msg/detection2_d_array.hpp
-- Up-to-date symlink: /root/ros2_ws/install/detection_msgs/include/detection_msgs/detection_msgs/msg/rosidl_generator_cpp__visibility_control.hpp
-- Up-to-date symlink: /root/ros2_ws/install/detection_msgs/include/detection_msgs/detection_msgs/msg/detail/detection2_d__rosidl_typesupport_fastrtps_cpp.hpp
-- Up-to-date symlink: /root/ros2_ws/install/detection_msgs/include/detection_msgs/detection_msgs/msg/detail/detection2_d_array__rosidl_typesupport_fastrtps_cpp.hpp
-- Up-to-date symlink: /root/ros2_ws/install/detection_msgs/include/detection_msgs/detection_msgs/msg/rosidl_typesupport_fastrtps_cpp__visibility_control.h
-- Up-to-date symlink: /root/ros2_ws/install/detection_msgs/include/detection_msgs/detection_msgs/msg/detail/detection2_d__rosidl_typesupport_introspection_cpp.hpp
-- Up-to-date symlink: /root/ros2_ws/install/detection_msgs/include/detection_msgs/detection_msgs/msg/detail/detection2_d_array__rosidl_typesupport_introspection_cpp.hpp
-- Up-to-date symlink: /root/ros2_ws/install/detection_msgs/share/detection_msgs/environment/pythonpath.sh
-- Up-to-date symlink: /root/ros2_ws/install/detection_msgs/share/detection_msgs/environment/pythonpath.dsv
-- Up-to-date symlink: /root/ros2_ws/install/detection_msgs/lib/python3.12/site-packages/detection_msgs-0.0.1-py3.12.egg-info/PKG-INFO
-- Up-to-date symlink: /root/ros2_ws/install/detection_msgs/lib/python3.12/site-packages/detection_msgs-0.0.1-py3.12.egg-info/SOURCES.txt
-- Up-to-date symlink: /root/ros2_ws/install/detection_msgs/lib/python3.12/site-packages/detection_msgs-0.0.1-py3.12.egg-info/dependency_links.txt
-- Up-to-date symlink: /root/ros2_ws/install/detection_msgs/lib/python3.12/site-packages/detection_msgs-0.0.1-py3.12.egg-info/top_level.txt
-- Up-to-date symlink: /root/ros2_ws/install/detection_msgs/lib/python3.12/site-packages/detection_msgs/__init__.py
-- Up-to-date symlink: /root/ros2_ws/install/detection_msgs/lib/python3.12/site-packages/detection_msgs/_detection_msgs_s.ep.rosidl_typesupport_c.c
-- Up-to-date symlink: /root/ros2_ws/install/detection_msgs/lib/python3.12/site-packages/detection_msgs/_detection_msgs_s.ep.rosidl_typesupport_fastrtps_c.c
-- Up-to-date symlink: /root/ros2_ws/install/detection_msgs/lib/python3.12/site-packages/detection_msgs/_detection_msgs_s.ep.rosidl_typesupport_introspection_c.c
-- Up-to-date symlink: /root/ros2_ws/install/detection_msgs/lib/python3.12/site-packages/detection_msgs/detection_msgs_s__rosidl_typesupport_c.so
-- Up-to-date symlink: /root/ros2_ws/install/detection_msgs/lib/python3.12/site-packages/detection_msgs/detection_msgs_s__rosidl_typesupport_fastrtps_c.so
-- Up-to-date symlink: /root/ros2_ws/install/detection_msgs/lib/python3.12/site-packages/detection_msgs/detection_msgs_s__rosidl_typesupport_introspection_c.so
-- Up-to-date symlink: /root/ros2_ws/install/detection_msgs/lib/python3.12/site-packages/detection_msgs/msg/__init__.py
-- Up-to-date symlink: /root/ros2_ws/install/detection_msgs/lib/python3.12/site-packages/detection_msgs/msg/_detection2_d.py
-- Up-to-date symlink: /root/ros2_ws/install/detection_msgs/lib/python3.12/site-packages/detection_msgs/msg/_detection2_d_array.py
-- Up-to-date symlink: /root/ros2_ws/install/detection_msgs/lib/python3.12/site-packages/detection_msgs/msg/_detection2_d_array_s.c
-- Up-to-date symlink: /root/ros2_ws/install/detection_msgs/lib/python3.12/site-packages/detection_msgs/msg/_detection2_d_s.c
-- Up-to-date symlink: /root/ros2_ws/install/detection_msgs/lib/python3.12/site-packages/detection_msgs/detection_msgs_s__rosidl_typesupport_fastrtps_c.so
-- Up-to-date symlink: /root/ros2_ws/install/detection_msgs/lib/python3.12/site-packages/detection_msgs/detection_msgs_s__rosidl_typesupport_introspection_c.so
-- Up-to-date symlink: /root/ros2_ws/install/detection_msgs/lib/python3.12/site-packages/detection_msgs/detection_msgs_s__rosidl_typesupport_c.so
-- Up-to-date symlink: /root/ros2_ws/install/detection_msgs/share/ament_index/resource_index/rust_packages/detection_msgs
-- Up-to-date symlink: /root/ros2_ws/install/detection_msgs/share/detection_msgs/rust/Cargo.toml
-- Up-to-date symlink: /root/ros2_ws/install/detection_msgs/share/detection_msgs/rust/build.rs
-- Up-to-date symlink: /root/ros2_ws/install/detection_msgs/share/detection_msgs/rust/src/lib.rs
-- Up-to-date symlink: /root/ros2_ws/install/detection_msgs/share/detection_msgs/rust/src/msg.rs
-- Up-to-date symlink: /root/ros2_ws/install/detection_msgs/share/detection_msgs/rust/src/msg/rmw.rs
-- Up-to-date symlink: /root/ros2_ws/install/detection_msgs/share/detection_msgs/msg/Detection2D.idl
-- Up-to-date symlink: /root/ros2_ws/install/detection_msgs/share/detection_msgs/msg/Detection2DArray.idl
-- Up-to-date symlink: /root/ros2_ws/install/detection_msgs/share/detection_msgs/msg/Detection2D.msg
-- Up-to-date symlink: /root/ros2_ws/install/detection_msgs/share/detection_msgs/msg/Detection2DArray.msg
-- Up-to-date symlink: /root/ros2_ws/install/detection_msgs/share/ament_index/resource_index/package_run_dependencies/detection_msgs
-- Up-to-date symlink: /root/ros2_ws/install/detection_msgs/share/ament_index/resource_index/parent_prefix_path/detection_msgs
-- Up-to-date symlink: /root/ros2_ws/install/detection_msgs/share/detection_msgs/environment/ament_prefix_path.sh
-- Up-to-date symlink: /root/ros2_ws/install/detection_msgs/share/detection_msgs/environment/ament_prefix_path.dsv
-- Up-to-date symlink: /root/ros2_ws/install/detection_msgs/share/detection_msgs/environment/path.sh
-- Up-to-date symlink: /root/ros2_ws/install/detection_msgs/share/detection_msgs/environment/path.dsv
-- Up-to-date symlink: /root/ros2_ws/install/detection_msgs/share/detection_msgs/local_setup.bash
-- Up-to-date symlink: /root/ros2_ws/install/detection_msgs/share/detection_msgs/local_setup.sh
-- Up-to-date symlink: /root/ros2_ws/install/detection_msgs/share/detection_msgs/local_setup.zsh
-- Up-to-date symlink: /root/ros2_ws/install/detection_msgs/share/detection_msgs/local_setup.dsv
-- Symlinking: /root/ros2_ws/install/detection_msgs/share/detection_msgs/package.dsv
-- Up-to-date symlink: /root/ros2_ws/install/detection_msgs/share/ament_index/resource_index/packages/detection_msgs
-- Up-to-date symlink: /root/ros2_ws/install/detection_msgs/share/detection_msgs/cmake/rosidl_cmake-extras.cmake
-- Up-to-date symlink: /root/ros2_ws/install/detection_msgs/share/detection_msgs/cmake/ament_cmake_export_dependencies-extras.cmake
-- Up-to-date symlink: /root/ros2_ws/install/detection_msgs/share/detection_msgs/cmake/ament_cmake_export_include_directories-extras.cmake
-- Up-to-date symlink: /root/ros2_ws/install/detection_msgs/share/detection_msgs/cmake/ament_cmake_export_libraries-extras.cmake
-- Up-to-date symlink: /root/ros2_ws/install/detection_msgs/share/detection_msgs/cmake/ament_cmake_export_targets-extras.cmake
-- Up-to-date symlink: /root/ros2_ws/install/detection_msgs/share/detection_msgs/cmake/rosidl_cmake_export_typesupport_targets-extras.cmake
-- Up-to-date symlink: /root/ros2_ws/install/detection_msgs/share/detection_msgs/cmake/rosidl_cmake_export_typesupport_libraries-extras.cmake
-- Up-to-date symlink: /root/ros2_ws/install/detection_msgs/share/detection_msgs/cmake/detection_msgsConfig.cmake
-- Up-to-date symlink: /root/ros2_ws/install/detection_msgs/share/detection_msgs/cmake/detection_msgsConfig-version.cmake
-- Up-to-date symlink: /root/ros2_ws/install/detection_msgs/share/detection_msgs/package.xml
-- Installing: /root/ros2_ws/install/detection_msgs/lib/libdetection_msgs__rosidl_generator_c.so
-- Set non-toolchain portion of runtime path of "/root/ros2_ws/install/detection_msgs/lib/libdetection_msgs__rosidl_generator_c.so" to ""
-- Installing: /root/ros2_ws/install/detection_msgs/lib/libdetection_msgs__rosidl_typesupport_fastrtps_c.so
-- Set non-toolchain portion of runtime path of "/root/ros2_ws/install/detection_msgs/lib/libdetection_msgs__rosidl_typesupport_fastrtps_c.so" to ""
-- Installing: /root/ros2_ws/install/detection_msgs/lib/libdetection_msgs__rosidl_typesupport_introspection_c.so
-- Set non-toolchain portion of runtime path of "/root/ros2_ws/install/detection_msgs/lib/libdetection_msgs__rosidl_typesupport_introspection_c.so" to ""
-- Installing: /root/ros2_ws/install/detection_msgs/lib/libdetection_msgs__rosidl_typesupport_c.so
-- Set non-toolchain portion of runtime path of "/root/ros2_ws/install/detection_msgs/lib/libdetection_msgs__rosidl_typesupport_c.so" to ""
-- Installing: /root/ros2_ws/install/detection_msgs/lib/libdetection_msgs__rosidl_typesupport_fastrtps_cpp.so
-- Set non-toolchain portion of runtime path of "/root/ros2_ws/install/detection_msgs/lib/libdetection_msgs__rosidl_typesupport_fastrtps_cpp.so" to ""
-- Installing: /root/ros2_ws/install/detection_msgs/lib/libdetection_msgs__rosidl_typesupport_introspection_cpp.so
-- Set non-toolchain portion of runtime path of "/root/ros2_ws/install/detection_msgs/lib/libdetection_msgs__rosidl_typesupport_introspection_cpp.so" to ""
-- Installing: /root/ros2_ws/install/detection_msgs/lib/libdetection_msgs__rosidl_typesupport_cpp.so
-- Set non-toolchain portion of runtime path of "/root/ros2_ws/install/detection_msgs/lib/libdetection_msgs__rosidl_typesupport_cpp.so" to ""
Listing '/root/ros2_ws/install/detection_msgs/lib/python3.12/site-packages/detection_msgs'...
Compiling '/root/ros2_ws/install/detection_msgs/lib/python3.12/site-packages/detection_msgs/__init__.py'...
Listing '/root/ros2_ws/install/detection_msgs/lib/python3.12/site-packages/detection_msgs/msg'...
Compiling '/root/ros2_ws/install/detection_msgs/lib/python3.12/site-packages/detection_msgs/msg/__init__.py'...
Compiling '/root/ros2_ws/install/detection_msgs/lib/python3.12/site-packages/detection_msgs/msg/_detection2_d.py'...
Compiling '/root/ros2_ws/install/detection_msgs/lib/python3.12/site-packages/detection_msgs/msg/_detection2_d_array.py'...
-- Installing: /root/ros2_ws/install/detection_msgs/lib/libdetection_msgs__rosidl_generator_py.so
-- Set non-toolchain portion of runtime path of "/root/ros2_ws/install/detection_msgs/lib/libdetection_msgs__rosidl_generator_py.so" to ""
-- Up-to-date: /root/ros2_ws/install/detection_msgs/share/detection_msgs/cmake/export_detection_msgs__rosidl_generator_cExport.cmake
-- Up-to-date: /root/ros2_ws/install/detection_msgs/share/detection_msgs/cmake/export_detection_msgs__rosidl_generator_cExport-noconfig.cmake
-- Up-to-date: /root/ros2_ws/install/detection_msgs/share/detection_msgs/cmake/export_detection_msgs__rosidl_typesupport_fastrtps_cExport.cmake
-- Up-to-date: /root/ros2_ws/install/detection_msgs/share/detection_msgs/cmake/export_detection_msgs__rosidl_typesupport_fastrtps_cExport-noconfig.cmake
-- Up-to-date: /root/ros2_ws/install/detection_msgs/share/detection_msgs/cmake/detection_msgs__rosidl_typesupport_introspection_cExport.cmake
-- Up-to-date: /root/ros2_ws/install/detection_msgs/share/detection_msgs/cmake/detection_msgs__rosidl_typesupport_introspection_cExport-noconfig.cmake
-- Up-to-date: /root/ros2_ws/install/detection_msgs/share/detection_msgs/cmake/detection_msgs__rosidl_typesupport_cExport.cmake
-- Up-to-date: /root/ros2_ws/install/detection_msgs/share/detection_msgs/cmake/detection_msgs__rosidl_typesupport_cExport-noconfig.cmake
-- Up-to-date: /root/ros2_ws/install/detection_msgs/share/detection_msgs/cmake/export_detection_msgs__rosidl_generator_cppExport.cmake
-- Up-to-date: /root/ros2_ws/install/detection_msgs/share/detection_msgs/cmake/export_detection_msgs__rosidl_typesupport_fastrtps_cppExport.cmake
-- Up-to-date: /root/ros2_ws/install/detection_msgs/share/detection_msgs/cmake/export_detection_msgs__rosidl_typesupport_fastrtps_cppExport-noconfig.cmake
-- Up-to-date: /root/ros2_ws/install/detection_msgs/share/detection_msgs/cmake/detection_msgs__rosidl_typesupport_introspection_cppExport.cmake
-- Up-to-date: /root/ros2_ws/install/detection_msgs/share/detection_msgs/cmake/detection_msgs__rosidl_typesupport_introspection_cppExport-noconfig.cmake
-- Up-to-date: /root/ros2_ws/install/detection_msgs/share/detection_msgs/cmake/detection_msgs__rosidl_typesupport_cppExport.cmake
-- Up-to-date: /root/ros2_ws/install/detection_msgs/share/detection_msgs/cmake/detection_msgs__rosidl_typesupport_cppExport-noconfig.cmake
-- Up-to-date: /root/ros2_ws/install/detection_msgs/share/detection_msgs/cmake/export_detection_msgs__rosidl_generator_pyExport.cmake
-- Up-to-date: /root/ros2_ws/install/detection_msgs/share/detection_msgs/cmake/export_detection_msgs__rosidl_generator_pyExport-noconfig.cmake
