[0.012s] Invoking command in '/root/ros2_ws/build/detection_msgs': CMAKE_PREFIX_PATH=${CMAKE_PREFIX_PATH}:/opt/ros/jazzy /usr/bin/cmake /root/ros2_ws/src/detection_msgs -DCMAKE_INSTALL_PREFIX=/root/ros2_ws/install/detection_msgs
[0.030s] -- Found ament_cmake: 2.5.6 (/opt/ros/jazzy/share/ament_cmake/cmake)
[0.116s] -- Override CMake install command with custom implementation using symlinks instead of copying resources
[0.129s] -- Found rosidl_default_generators: 1.6.0 (/opt/ros/jazzy/share/rosidl_default_generators/cmake)
[0.132s] -- Using all available rosidl_typesupport_c: rosidl_typesupport_fastrtps_c;rosidl_typesupport_introspection_c
[0.178s] -- Using all available rosidl_typesupport_cpp: rosidl_typesupport_fastrtps_cpp;rosidl_typesupport_introspection_cpp
[0.212s] -- Found rosidl_adapter: 4.6.7 (/opt/ros/jazzy/share/rosidl_adapter/cmake)
[0.214s] -- Found std_msgs: 5.3.7 (/opt/ros/jazzy/share/std_msgs/cmake)
[0.512s] -- Found ament_cmake_ros: 0.12.0 (/opt/ros/jazzy/share/ament_cmake_ros/cmake)
[0.652s] -- Using all available rosidl_typesupport_c: rosidl_typesupport_fastrtps_c;rosidl_typesupport_introspection_c
[0.829s] -- Using all available rosidl_typesupport_cpp: rosidl_typesupport_fastrtps_cpp;rosidl_typesupport_introspection_cpp
[0.831s] -- Found python_cmake_module: 0.11.1 (/opt/ros/jazzy/share/python_cmake_module/cmake)
[1.085s] -- Found Python3: /usr/bin/python3 (found version "3.12.3") found components: Interpreter Development NumPy Development.Module Development.Embed 
[1.144s] -- Found Python3: /usr/bin/python3 (found version "3.12.3") found components: Interpreter 
[1.157s] -- Configuring done (1.1s)
[1.200s] -- Generating done (0.0s)
[1.211s] -- Build files have been written to: /root/ros2_ws/build/detection_msgs
[1.218s] Invoked command in '/root/ros2_ws/build/detection_msgs' returned '0': CMAKE_PREFIX_PATH=${CMAKE_PREFIX_PATH}:/opt/ros/jazzy /usr/bin/cmake /root/ros2_ws/src/detection_msgs -DCMAKE_INSTALL_PREFIX=/root/ros2_ws/install/detection_msgs
[1.219s] Invoking command in '/root/ros2_ws/build/detection_msgs': CMAKE_PREFIX_PATH=${CMAKE_PREFIX_PATH}:/opt/ros/jazzy /usr/bin/cmake --build /root/ros2_ws/build/detection_msgs -- -j20 -l20
[1.275s] [  2%] [34m[1mGenerating Rust code for ROS interfaces[0m
[1.277s] [  4%] [34m[1mGenerating type hashes for ROS interfaces[0m
[1.286s] [  4%] Built target ament_cmake_python_symlink_detection_msgs
[1.542s] running egg_info
[1.569s] [  4%] Built target detection_msgs__rosidl_generator_type_description
[1.584s] [  6%] [34m[1mGenerating C code for ROS interfaces[0m
[1.594s] [  8%] [34m[1mGenerating C++ code for ROS interfaces[0m
[1.608s] [  8%] Built target detection_msgs__rs
[1.625s] writing detection_msgs.egg-info/PKG-INFO
[1.625s] writing dependency_links to detection_msgs.egg-info/dependency_links.txt
[1.625s] writing top-level names to detection_msgs.egg-info/top_level.txt
[1.675s] reading manifest file 'detection_msgs.egg-info/SOURCES.txt'
[1.676s] writing manifest file 'detection_msgs.egg-info/SOURCES.txt'
[1.706s] [  8%] Built target ament_cmake_python_build_detection_msgs_egg
[1.915s] [  8%] Built target detection_msgs__cpp
[1.955s] [ 11%] [32mBuilding C object CMakeFiles/detection_msgs__rosidl_generator_c.dir/rosidl_generator_c/detection_msgs/msg/detail/detection2_d__description.c.o[0m
[1.956s] [ 13%] [32mBuilding C object CMakeFiles/detection_msgs__rosidl_generator_c.dir/rosidl_generator_c/detection_msgs/msg/detail/detection2_d__functions.c.o[0m
[1.956s] [ 15%] [32mBuilding C object CMakeFiles/detection_msgs__rosidl_generator_c.dir/rosidl_generator_c/detection_msgs/msg/detail/detection2_d_array__description.c.o[0m
[1.960s] [ 17%] [32mBuilding C object CMakeFiles/detection_msgs__rosidl_generator_c.dir/rosidl_generator_c/detection_msgs/msg/detail/detection2_d__type_support.c.o[0m
[1.962s] [ 22%] [32mBuilding C object CMakeFiles/detection_msgs__rosidl_generator_c.dir/rosidl_generator_c/detection_msgs/msg/detail/detection2_d_array__type_support.c.o[0m
[1.963s] [ 22%] [32mBuilding C object CMakeFiles/detection_msgs__rosidl_generator_c.dir/rosidl_generator_c/detection_msgs/msg/detail/detection2_d_array__functions.c.o[0m
[2.044s] [ 24%] [32m[1mLinking C shared library libdetection_msgs__rosidl_generator_c.so[0m
[2.097s] [ 24%] Built target detection_msgs__rosidl_generator_c
[2.109s] [ 31%] [34m[1mGenerating C type support dispatch for ROS interfaces[0m
[2.109s] [ 31%] [34m[1mGenerating C++ type support dispatch for ROS interfaces[0m
[2.109s] [ 31%] [34m[1mGenerating C introspection for ROS interfaces[0m
[2.110s] [ 33%] [34m[1mGenerating C++ type support for eProsima Fast-RTPS[0m
[2.110s] [ 35%] [34m[1mGenerating C++ introspection for ROS interfaces[0m
[2.113s] [ 37%] [34m[1mGenerating C type support for eProsima Fast-RTPS[0m
[2.490s] [ 42%] [32mBuilding CXX object CMakeFiles/detection_msgs__rosidl_typesupport_cpp.dir/rosidl_typesupport_cpp/detection_msgs/msg/detection2_d__type_support.cpp.o[0m
[2.490s] [ 42%] [32mBuilding CXX object CMakeFiles/detection_msgs__rosidl_typesupport_cpp.dir/rosidl_typesupport_cpp/detection_msgs/msg/detection2_d_array__type_support.cpp.o[0m
[2.525s] [ 44%] [32mBuilding CXX object CMakeFiles/detection_msgs__rosidl_typesupport_fastrtps_cpp.dir/rosidl_typesupport_fastrtps_cpp/detection_msgs/msg/detail/dds_fastrtps/detection2_d__type_support.cpp.o[0m
[2.531s] [ 46%] [32mBuilding CXX object CMakeFiles/detection_msgs__rosidl_typesupport_fastrtps_cpp.dir/rosidl_typesupport_fastrtps_cpp/detection_msgs/msg/detail/dds_fastrtps/detection2_d_array__type_support.cpp.o[0m
[2.551s] [ 48%] [32mBuilding CXX object CMakeFiles/detection_msgs__rosidl_typesupport_fastrtps_c.dir/rosidl_typesupport_fastrtps_c/detection_msgs/msg/detail/detection2_d__type_support_c.cpp.o[0m
[2.552s] [ 51%] [32mBuilding C object CMakeFiles/detection_msgs__rosidl_typesupport_introspection_c.dir/rosidl_typesupport_introspection_c/detection_msgs/msg/detail/detection2_d_array__type_support.c.o[0m
[2.553s] [ 53%] [32mBuilding C object CMakeFiles/detection_msgs__rosidl_typesupport_introspection_c.dir/rosidl_typesupport_introspection_c/detection_msgs/msg/detail/detection2_d__type_support.c.o[0m
[2.556s] [ 55%] [32mBuilding CXX object CMakeFiles/detection_msgs__rosidl_typesupport_fastrtps_c.dir/rosidl_typesupport_fastrtps_c/detection_msgs/msg/detail/detection2_d_array__type_support_c.cpp.o[0m
[2.620s] [ 57%] [32m[1mLinking C shared library libdetection_msgs__rosidl_typesupport_introspection_c.so[0m
[2.628s] [ 60%] [32mBuilding CXX object CMakeFiles/detection_msgs__rosidl_typesupport_c.dir/rosidl_typesupport_c/detection_msgs/msg/detection2_d__type_support.cpp.o[0m
[2.633s] [ 62%] [32mBuilding CXX object CMakeFiles/detection_msgs__rosidl_typesupport_introspection_cpp.dir/rosidl_typesupport_introspection_cpp/detection_msgs/msg/detail/detection2_d__type_support.cpp.o[0m
[2.634s] [ 64%] [32mBuilding CXX object CMakeFiles/detection_msgs__rosidl_typesupport_c.dir/rosidl_typesupport_c/detection_msgs/msg/detection2_d_array__type_support.cpp.o[0m
[2.639s] [ 66%] [32mBuilding CXX object CMakeFiles/detection_msgs__rosidl_typesupport_introspection_cpp.dir/rosidl_typesupport_introspection_cpp/detection_msgs/msg/detail/detection2_d_array__type_support.cpp.o[0m
[2.663s] [ 66%] Built target detection_msgs__rosidl_typesupport_introspection_c
[2.693s] [ 68%] [32m[1mLinking CXX shared library libdetection_msgs__rosidl_typesupport_c.so[0m
[2.758s] [ 68%] Built target detection_msgs__rosidl_typesupport_c
[2.977s] [ 71%] [32m[1mLinking CXX shared library libdetection_msgs__rosidl_typesupport_introspection_cpp.so[0m
[2.984s] [ 73%] [32m[1mLinking CXX shared library libdetection_msgs__rosidl_typesupport_cpp.so[0m
[3.011s] [ 75%] [32m[1mLinking CXX shared library libdetection_msgs__rosidl_typesupport_fastrtps_cpp.so[0m
[3.040s] [ 75%] Built target detection_msgs__rosidl_typesupport_cpp
[3.050s] [ 75%] Built target detection_msgs__rosidl_typesupport_introspection_cpp
[3.092s] [ 75%] Built target detection_msgs__rosidl_typesupport_fastrtps_cpp
[3.095s] [ 77%] [32m[1mLinking CXX shared library libdetection_msgs__rosidl_typesupport_fastrtps_c.so[0m
[3.158s] [ 77%] Built target detection_msgs__rosidl_typesupport_fastrtps_c
[3.176s] [ 77%] Built target detection_msgs
[3.194s] [ 80%] [34m[1mGenerating Python code for ROS interfaces[0m
[3.606s] [ 80%] Built target detection_msgs__py
[3.631s] [ 82%] [32mBuilding C object CMakeFiles/detection_msgs__rosidl_generator_py.dir/rosidl_generator_py/detection_msgs/msg/_detection2_d_s.c.o[0m
[3.634s] [ 84%] [32mBuilding C object CMakeFiles/detection_msgs__rosidl_generator_py.dir/rosidl_generator_py/detection_msgs/msg/_detection2_d_array_s.c.o[0m
[3.747s] [ 86%] [32m[1mLinking C shared library libdetection_msgs__rosidl_generator_py.so[0m
[3.788s] [ 86%] Built target detection_msgs__rosidl_generator_py
[3.808s] [ 88%] [32mBuilding C object CMakeFiles/detection_msgs_s__rosidl_typesupport_introspection_c.dir/rosidl_generator_py/detection_msgs/_detection_msgs_s.ep.rosidl_typesupport_introspection_c.c.o[0m
[3.808s] [ 91%] [32mBuilding C object CMakeFiles/detection_msgs_s__rosidl_typesupport_c.dir/rosidl_generator_py/detection_msgs/_detection_msgs_s.ep.rosidl_typesupport_c.c.o[0m
[3.811s] [ 93%] [32mBuilding C object CMakeFiles/detection_msgs_s__rosidl_typesupport_fastrtps_c.dir/rosidl_generator_py/detection_msgs/_detection_msgs_s.ep.rosidl_typesupport_fastrtps_c.c.o[0m
[3.896s] [ 95%] [32m[1mLinking C shared module rosidl_generator_py/detection_msgs/detection_msgs_s__rosidl_typesupport_introspection_c.so[0m
[3.897s] [ 97%] [32m[1mLinking C shared module rosidl_generator_py/detection_msgs/detection_msgs_s__rosidl_typesupport_c.so[0m
[3.906s] [100%] [32m[1mLinking C shared module rosidl_generator_py/detection_msgs/detection_msgs_s__rosidl_typesupport_fastrtps_c.so[0m
[3.931s] [100%] Built target detection_msgs_s__rosidl_typesupport_c
[3.933s] [100%] Built target detection_msgs_s__rosidl_typesupport_introspection_c
[3.937s] [100%] Built target detection_msgs_s__rosidl_typesupport_fastrtps_c
[3.948s] Invoked command in '/root/ros2_ws/build/detection_msgs' returned '0': CMAKE_PREFIX_PATH=${CMAKE_PREFIX_PATH}:/opt/ros/jazzy /usr/bin/cmake --build /root/ros2_ws/build/detection_msgs -- -j20 -l20
[3.956s] Invoking command in '/root/ros2_ws/build/detection_msgs': CMAKE_PREFIX_PATH=${CMAKE_PREFIX_PATH}:/opt/ros/jazzy /usr/bin/cmake --install /root/ros2_ws/build/detection_msgs
[3.965s] -- Install configuration: ""
[3.965s] -- Execute custom install script
[3.966s] -- Up-to-date symlink: /root/ros2_ws/install/detection_msgs/share/ament_index/resource_index/rosidl_interfaces/detection_msgs
[3.966s] -- Up-to-date symlink: /root/ros2_ws/install/detection_msgs/share/detection_msgs/msg/Detection2D.json
[3.966s] -- Up-to-date symlink: /root/ros2_ws/install/detection_msgs/share/detection_msgs/msg/Detection2DArray.json
[3.966s] -- Up-to-date symlink: /root/ros2_ws/install/detection_msgs/include/detection_msgs/detection_msgs/msg/detail/detection2_d__functions.h
[3.966s] -- Up-to-date symlink: /root/ros2_ws/install/detection_msgs/include/detection_msgs/detection_msgs/msg/detail/detection2_d__struct.h
[3.966s] -- Up-to-date symlink: /root/ros2_ws/install/detection_msgs/include/detection_msgs/detection_msgs/msg/detail/detection2_d__type_support.h
[3.966s] -- Up-to-date symlink: /root/ros2_ws/install/detection_msgs/include/detection_msgs/detection_msgs/msg/detail/detection2_d_array__functions.h
[3.966s] -- Up-to-date symlink: /root/ros2_ws/install/detection_msgs/include/detection_msgs/detection_msgs/msg/detail/detection2_d_array__struct.h
[3.966s] -- Up-to-date symlink: /root/ros2_ws/install/detection_msgs/include/detection_msgs/detection_msgs/msg/detail/detection2_d_array__type_support.h
[3.966s] -- Up-to-date symlink: /root/ros2_ws/install/detection_msgs/include/detection_msgs/detection_msgs/msg/detection2_d.h
[3.966s] -- Up-to-date symlink: /root/ros2_ws/install/detection_msgs/include/detection_msgs/detection_msgs/msg/detection2_d_array.h
[3.966s] -- Up-to-date symlink: /root/ros2_ws/install/detection_msgs/include/detection_msgs/detection_msgs/msg/rosidl_generator_c__visibility_control.h
[3.966s] -- Up-to-date symlink: /root/ros2_ws/install/detection_msgs/share/detection_msgs/environment/library_path.sh
[3.966s] -- Up-to-date symlink: /root/ros2_ws/install/detection_msgs/share/detection_msgs/environment/library_path.dsv
[3.967s] -- Up-to-date symlink: /root/ros2_ws/install/detection_msgs/include/detection_msgs/detection_msgs/msg/detail/detection2_d__rosidl_typesupport_fastrtps_c.h
[3.967s] -- Up-to-date symlink: /root/ros2_ws/install/detection_msgs/include/detection_msgs/detection_msgs/msg/detail/detection2_d_array__rosidl_typesupport_fastrtps_c.h
[3.967s] -- Up-to-date symlink: /root/ros2_ws/install/detection_msgs/include/detection_msgs/detection_msgs/msg/rosidl_typesupport_fastrtps_c__visibility_control.h
[3.967s] -- Up-to-date symlink: /root/ros2_ws/install/detection_msgs/include/detection_msgs/detection_msgs/msg/detail/detection2_d__rosidl_typesupport_introspection_c.h
[3.967s] -- Up-to-date symlink: /root/ros2_ws/install/detection_msgs/include/detection_msgs/detection_msgs/msg/detail/detection2_d_array__rosidl_typesupport_introspection_c.h
[3.967s] -- Up-to-date symlink: /root/ros2_ws/install/detection_msgs/include/detection_msgs/detection_msgs/msg/rosidl_typesupport_introspection_c__visibility_control.h
[3.967s] -- Up-to-date symlink: /root/ros2_ws/install/detection_msgs/include/detection_msgs/detection_msgs/msg/detail/detection2_d__builder.hpp
[3.967s] -- Up-to-date symlink: /root/ros2_ws/install/detection_msgs/include/detection_msgs/detection_msgs/msg/detail/detection2_d__struct.hpp
[3.967s] -- Up-to-date symlink: /root/ros2_ws/install/detection_msgs/include/detection_msgs/detection_msgs/msg/detail/detection2_d__traits.hpp
[3.967s] -- Up-to-date symlink: /root/ros2_ws/install/detection_msgs/include/detection_msgs/detection_msgs/msg/detail/detection2_d__type_support.hpp
[3.968s] -- Up-to-date symlink: /root/ros2_ws/install/detection_msgs/include/detection_msgs/detection_msgs/msg/detail/detection2_d_array__builder.hpp
[3.968s] -- Up-to-date symlink: /root/ros2_ws/install/detection_msgs/include/detection_msgs/detection_msgs/msg/detail/detection2_d_array__struct.hpp
[3.968s] -- Up-to-date symlink: /root/ros2_ws/install/detection_msgs/include/detection_msgs/detection_msgs/msg/detail/detection2_d_array__traits.hpp
[3.968s] -- Up-to-date symlink: /root/ros2_ws/install/detection_msgs/include/detection_msgs/detection_msgs/msg/detail/detection2_d_array__type_support.hpp
[3.968s] -- Up-to-date symlink: /root/ros2_ws/install/detection_msgs/include/detection_msgs/detection_msgs/msg/detection2_d.hpp
[3.968s] -- Up-to-date symlink: /root/ros2_ws/install/detection_msgs/include/detection_msgs/detection_msgs/msg/detection2_d_array.hpp
[3.968s] -- Up-to-date symlink: /root/ros2_ws/install/detection_msgs/include/detection_msgs/detection_msgs/msg/rosidl_generator_cpp__visibility_control.hpp
[3.968s] -- Up-to-date symlink: /root/ros2_ws/install/detection_msgs/include/detection_msgs/detection_msgs/msg/detail/detection2_d__rosidl_typesupport_fastrtps_cpp.hpp
[3.968s] -- Up-to-date symlink: /root/ros2_ws/install/detection_msgs/include/detection_msgs/detection_msgs/msg/detail/detection2_d_array__rosidl_typesupport_fastrtps_cpp.hpp
[3.968s] -- Up-to-date symlink: /root/ros2_ws/install/detection_msgs/include/detection_msgs/detection_msgs/msg/rosidl_typesupport_fastrtps_cpp__visibility_control.h
[3.968s] -- Up-to-date symlink: /root/ros2_ws/install/detection_msgs/include/detection_msgs/detection_msgs/msg/detail/detection2_d__rosidl_typesupport_introspection_cpp.hpp
[3.968s] -- Up-to-date symlink: /root/ros2_ws/install/detection_msgs/include/detection_msgs/detection_msgs/msg/detail/detection2_d_array__rosidl_typesupport_introspection_cpp.hpp
[3.969s] -- Up-to-date symlink: /root/ros2_ws/install/detection_msgs/share/detection_msgs/environment/pythonpath.sh
[3.969s] -- Up-to-date symlink: /root/ros2_ws/install/detection_msgs/share/detection_msgs/environment/pythonpath.dsv
[3.969s] -- Up-to-date symlink: /root/ros2_ws/install/detection_msgs/lib/python3.12/site-packages/detection_msgs-0.0.1-py3.12.egg-info/PKG-INFO
[3.969s] -- Up-to-date symlink: /root/ros2_ws/install/detection_msgs/lib/python3.12/site-packages/detection_msgs-0.0.1-py3.12.egg-info/SOURCES.txt
[3.969s] -- Up-to-date symlink: /root/ros2_ws/install/detection_msgs/lib/python3.12/site-packages/detection_msgs-0.0.1-py3.12.egg-info/dependency_links.txt
[3.969s] -- Up-to-date symlink: /root/ros2_ws/install/detection_msgs/lib/python3.12/site-packages/detection_msgs-0.0.1-py3.12.egg-info/top_level.txt
[3.969s] -- Up-to-date symlink: /root/ros2_ws/install/detection_msgs/lib/python3.12/site-packages/detection_msgs/__init__.py
[3.969s] -- Up-to-date symlink: /root/ros2_ws/install/detection_msgs/lib/python3.12/site-packages/detection_msgs/_detection_msgs_s.ep.rosidl_typesupport_c.c
[3.970s] -- Up-to-date symlink: /root/ros2_ws/install/detection_msgs/lib/python3.12/site-packages/detection_msgs/_detection_msgs_s.ep.rosidl_typesupport_fastrtps_c.c
[3.970s] -- Up-to-date symlink: /root/ros2_ws/install/detection_msgs/lib/python3.12/site-packages/detection_msgs/_detection_msgs_s.ep.rosidl_typesupport_introspection_c.c
[3.970s] -- Up-to-date symlink: /root/ros2_ws/install/detection_msgs/lib/python3.12/site-packages/detection_msgs/detection_msgs_s__rosidl_typesupport_c.so
[3.970s] -- Up-to-date symlink: /root/ros2_ws/install/detection_msgs/lib/python3.12/site-packages/detection_msgs/detection_msgs_s__rosidl_typesupport_fastrtps_c.so
[3.970s] -- Up-to-date symlink: /root/ros2_ws/install/detection_msgs/lib/python3.12/site-packages/detection_msgs/detection_msgs_s__rosidl_typesupport_introspection_c.so
[3.970s] -- Up-to-date symlink: /root/ros2_ws/install/detection_msgs/lib/python3.12/site-packages/detection_msgs/msg/__init__.py
[3.970s] -- Up-to-date symlink: /root/ros2_ws/install/detection_msgs/lib/python3.12/site-packages/detection_msgs/msg/_detection2_d.py
[3.970s] -- Up-to-date symlink: /root/ros2_ws/install/detection_msgs/lib/python3.12/site-packages/detection_msgs/msg/_detection2_d_array.py
[3.970s] -- Up-to-date symlink: /root/ros2_ws/install/detection_msgs/lib/python3.12/site-packages/detection_msgs/msg/_detection2_d_array_s.c
[3.970s] -- Up-to-date symlink: /root/ros2_ws/install/detection_msgs/lib/python3.12/site-packages/detection_msgs/msg/_detection2_d_s.c
[3.970s] -- Up-to-date symlink: /root/ros2_ws/install/detection_msgs/lib/python3.12/site-packages/detection_msgs/detection_msgs_s__rosidl_typesupport_fastrtps_c.so
[3.970s] -- Up-to-date symlink: /root/ros2_ws/install/detection_msgs/lib/python3.12/site-packages/detection_msgs/detection_msgs_s__rosidl_typesupport_introspection_c.so
[3.970s] -- Up-to-date symlink: /root/ros2_ws/install/detection_msgs/lib/python3.12/site-packages/detection_msgs/detection_msgs_s__rosidl_typesupport_c.so
[3.970s] -- Up-to-date symlink: /root/ros2_ws/install/detection_msgs/share/ament_index/resource_index/rust_packages/detection_msgs
[3.971s] -- Up-to-date symlink: /root/ros2_ws/install/detection_msgs/share/detection_msgs/rust/Cargo.toml
[3.971s] -- Up-to-date symlink: /root/ros2_ws/install/detection_msgs/share/detection_msgs/rust/build.rs
[3.971s] -- Up-to-date symlink: /root/ros2_ws/install/detection_msgs/share/detection_msgs/rust/src/lib.rs
[3.971s] -- Up-to-date symlink: /root/ros2_ws/install/detection_msgs/share/detection_msgs/rust/src/msg.rs
[3.971s] -- Up-to-date symlink: /root/ros2_ws/install/detection_msgs/share/detection_msgs/rust/src/msg/rmw.rs
[3.971s] -- Up-to-date symlink: /root/ros2_ws/install/detection_msgs/share/detection_msgs/msg/Detection2D.idl
[3.971s] -- Up-to-date symlink: /root/ros2_ws/install/detection_msgs/share/detection_msgs/msg/Detection2DArray.idl
[3.971s] -- Up-to-date symlink: /root/ros2_ws/install/detection_msgs/share/detection_msgs/msg/Detection2D.msg
[3.971s] -- Up-to-date symlink: /root/ros2_ws/install/detection_msgs/share/detection_msgs/msg/Detection2DArray.msg
[3.971s] -- Up-to-date symlink: /root/ros2_ws/install/detection_msgs/share/ament_index/resource_index/package_run_dependencies/detection_msgs
[3.971s] -- Up-to-date symlink: /root/ros2_ws/install/detection_msgs/share/ament_index/resource_index/parent_prefix_path/detection_msgs
[3.971s] -- Up-to-date symlink: /root/ros2_ws/install/detection_msgs/share/detection_msgs/environment/ament_prefix_path.sh
[3.971s] -- Up-to-date symlink: /root/ros2_ws/install/detection_msgs/share/detection_msgs/environment/ament_prefix_path.dsv
[3.971s] -- Up-to-date symlink: /root/ros2_ws/install/detection_msgs/share/detection_msgs/environment/path.sh
[3.972s] -- Up-to-date symlink: /root/ros2_ws/install/detection_msgs/share/detection_msgs/environment/path.dsv
[3.972s] -- Up-to-date symlink: /root/ros2_ws/install/detection_msgs/share/detection_msgs/local_setup.bash
[3.972s] -- Up-to-date symlink: /root/ros2_ws/install/detection_msgs/share/detection_msgs/local_setup.sh
[3.972s] -- Up-to-date symlink: /root/ros2_ws/install/detection_msgs/share/detection_msgs/local_setup.zsh
[3.972s] -- Up-to-date symlink: /root/ros2_ws/install/detection_msgs/share/detection_msgs/local_setup.dsv
[3.972s] -- Symlinking: /root/ros2_ws/install/detection_msgs/share/detection_msgs/package.dsv
[3.982s] -- Up-to-date symlink: /root/ros2_ws/install/detection_msgs/share/ament_index/resource_index/packages/detection_msgs
[3.982s] -- Up-to-date symlink: /root/ros2_ws/install/detection_msgs/share/detection_msgs/cmake/rosidl_cmake-extras.cmake
[3.982s] -- Up-to-date symlink: /root/ros2_ws/install/detection_msgs/share/detection_msgs/cmake/ament_cmake_export_dependencies-extras.cmake
[3.982s] -- Up-to-date symlink: /root/ros2_ws/install/detection_msgs/share/detection_msgs/cmake/ament_cmake_export_include_directories-extras.cmake
[3.982s] -- Up-to-date symlink: /root/ros2_ws/install/detection_msgs/share/detection_msgs/cmake/ament_cmake_export_libraries-extras.cmake
[3.982s] -- Up-to-date symlink: /root/ros2_ws/install/detection_msgs/share/detection_msgs/cmake/ament_cmake_export_targets-extras.cmake
[3.982s] -- Up-to-date symlink: /root/ros2_ws/install/detection_msgs/share/detection_msgs/cmake/rosidl_cmake_export_typesupport_targets-extras.cmake
[3.982s] -- Up-to-date symlink: /root/ros2_ws/install/detection_msgs/share/detection_msgs/cmake/rosidl_cmake_export_typesupport_libraries-extras.cmake
[3.982s] -- Up-to-date symlink: /root/ros2_ws/install/detection_msgs/share/detection_msgs/cmake/detection_msgsConfig.cmake
[3.982s] -- Up-to-date symlink: /root/ros2_ws/install/detection_msgs/share/detection_msgs/cmake/detection_msgsConfig-version.cmake
[3.983s] -- Up-to-date symlink: /root/ros2_ws/install/detection_msgs/share/detection_msgs/package.xml
[3.983s] -- Installing: /root/ros2_ws/install/detection_msgs/lib/libdetection_msgs__rosidl_generator_c.so
[3.983s] -- Set non-toolchain portion of runtime path of "/root/ros2_ws/install/detection_msgs/lib/libdetection_msgs__rosidl_generator_c.so" to ""
[3.984s] -- Installing: /root/ros2_ws/install/detection_msgs/lib/libdetection_msgs__rosidl_typesupport_fastrtps_c.so
[3.984s] -- Set non-toolchain portion of runtime path of "/root/ros2_ws/install/detection_msgs/lib/libdetection_msgs__rosidl_typesupport_fastrtps_c.so" to ""
[3.984s] -- Installing: /root/ros2_ws/install/detection_msgs/lib/libdetection_msgs__rosidl_typesupport_introspection_c.so
[3.984s] -- Set non-toolchain portion of runtime path of "/root/ros2_ws/install/detection_msgs/lib/libdetection_msgs__rosidl_typesupport_introspection_c.so" to ""
[3.984s] -- Installing: /root/ros2_ws/install/detection_msgs/lib/libdetection_msgs__rosidl_typesupport_c.so
[3.985s] -- Set non-toolchain portion of runtime path of "/root/ros2_ws/install/detection_msgs/lib/libdetection_msgs__rosidl_typesupport_c.so" to ""
[3.985s] -- Installing: /root/ros2_ws/install/detection_msgs/lib/libdetection_msgs__rosidl_typesupport_fastrtps_cpp.so
[3.985s] -- Set non-toolchain portion of runtime path of "/root/ros2_ws/install/detection_msgs/lib/libdetection_msgs__rosidl_typesupport_fastrtps_cpp.so" to ""
[3.985s] -- Installing: /root/ros2_ws/install/detection_msgs/lib/libdetection_msgs__rosidl_typesupport_introspection_cpp.so
[3.986s] -- Set non-toolchain portion of runtime path of "/root/ros2_ws/install/detection_msgs/lib/libdetection_msgs__rosidl_typesupport_introspection_cpp.so" to ""
[3.986s] -- Installing: /root/ros2_ws/install/detection_msgs/lib/libdetection_msgs__rosidl_typesupport_cpp.so
[3.986s] -- Set non-toolchain portion of runtime path of "/root/ros2_ws/install/detection_msgs/lib/libdetection_msgs__rosidl_typesupport_cpp.so" to ""
[4.018s] Listing '/root/ros2_ws/install/detection_msgs/lib/python3.12/site-packages/detection_msgs'...
[4.018s] Compiling '/root/ros2_ws/install/detection_msgs/lib/python3.12/site-packages/detection_msgs/__init__.py'...
[4.018s] Listing '/root/ros2_ws/install/detection_msgs/lib/python3.12/site-packages/detection_msgs/msg'...
[4.018s] Compiling '/root/ros2_ws/install/detection_msgs/lib/python3.12/site-packages/detection_msgs/msg/__init__.py'...
[4.018s] Compiling '/root/ros2_ws/install/detection_msgs/lib/python3.12/site-packages/detection_msgs/msg/_detection2_d.py'...
[4.018s] Compiling '/root/ros2_ws/install/detection_msgs/lib/python3.12/site-packages/detection_msgs/msg/_detection2_d_array.py'...
[4.023s] -- Installing: /root/ros2_ws/install/detection_msgs/lib/libdetection_msgs__rosidl_generator_py.so
[4.023s] -- Set non-toolchain portion of runtime path of "/root/ros2_ws/install/detection_msgs/lib/libdetection_msgs__rosidl_generator_py.so" to ""
[4.023s] -- Up-to-date: /root/ros2_ws/install/detection_msgs/share/detection_msgs/cmake/export_detection_msgs__rosidl_generator_cExport.cmake
[4.023s] -- Up-to-date: /root/ros2_ws/install/detection_msgs/share/detection_msgs/cmake/export_detection_msgs__rosidl_generator_cExport-noconfig.cmake
[4.023s] -- Up-to-date: /root/ros2_ws/install/detection_msgs/share/detection_msgs/cmake/export_detection_msgs__rosidl_typesupport_fastrtps_cExport.cmake
[4.023s] -- Up-to-date: /root/ros2_ws/install/detection_msgs/share/detection_msgs/cmake/export_detection_msgs__rosidl_typesupport_fastrtps_cExport-noconfig.cmake
[4.024s] -- Up-to-date: /root/ros2_ws/install/detection_msgs/share/detection_msgs/cmake/detection_msgs__rosidl_typesupport_introspection_cExport.cmake
[4.024s] -- Up-to-date: /root/ros2_ws/install/detection_msgs/share/detection_msgs/cmake/detection_msgs__rosidl_typesupport_introspection_cExport-noconfig.cmake
[4.024s] -- Up-to-date: /root/ros2_ws/install/detection_msgs/share/detection_msgs/cmake/detection_msgs__rosidl_typesupport_cExport.cmake
[4.024s] -- Up-to-date: /root/ros2_ws/install/detection_msgs/share/detection_msgs/cmake/detection_msgs__rosidl_typesupport_cExport-noconfig.cmake
[4.024s] -- Up-to-date: /root/ros2_ws/install/detection_msgs/share/detection_msgs/cmake/export_detection_msgs__rosidl_generator_cppExport.cmake
[4.024s] -- Up-to-date: /root/ros2_ws/install/detection_msgs/share/detection_msgs/cmake/export_detection_msgs__rosidl_typesupport_fastrtps_cppExport.cmake
[4.024s] -- Up-to-date: /root/ros2_ws/install/detection_msgs/share/detection_msgs/cmake/export_detection_msgs__rosidl_typesupport_fastrtps_cppExport-noconfig.cmake
[4.024s] -- Up-to-date: /root/ros2_ws/install/detection_msgs/share/detection_msgs/cmake/detection_msgs__rosidl_typesupport_introspection_cppExport.cmake
[4.024s] -- Up-to-date: /root/ros2_ws/install/detection_msgs/share/detection_msgs/cmake/detection_msgs__rosidl_typesupport_introspection_cppExport-noconfig.cmake
[4.024s] -- Up-to-date: /root/ros2_ws/install/detection_msgs/share/detection_msgs/cmake/detection_msgs__rosidl_typesupport_cppExport.cmake
[4.024s] -- Up-to-date: /root/ros2_ws/install/detection_msgs/share/detection_msgs/cmake/detection_msgs__rosidl_typesupport_cppExport-noconfig.cmake
[4.024s] -- Up-to-date: /root/ros2_ws/install/detection_msgs/share/detection_msgs/cmake/export_detection_msgs__rosidl_generator_pyExport.cmake
[4.024s] -- Up-to-date: /root/ros2_ws/install/detection_msgs/share/detection_msgs/cmake/export_detection_msgs__rosidl_generator_pyExport-noconfig.cmake
[4.026s] Invoked command in '/root/ros2_ws/build/detection_msgs' returned '0': CMAKE_PREFIX_PATH=${CMAKE_PREFIX_PATH}:/opt/ros/jazzy /usr/bin/cmake --install /root/ros2_ws/build/detection_msgs
