running develop
Removing /root/ros2_ws/install/yolo_detection/lib/python3.12/site-packages/yolo-detection.egg-link (link to .)
running egg_info
writing ../../build/yolo_detection/yolo_detection.egg-info/PKG-INFO
writing dependency_links to ../../build/yolo_detection/yolo_detection.egg-info/dependency_links.txt
writing entry points to ../../build/yolo_detection/yolo_detection.egg-info/entry_points.txt
writing requirements to ../../build/yolo_detection/yolo_detection.egg-info/requires.txt
writing top-level names to ../../build/yolo_detection/yolo_detection.egg-info/top_level.txt
reading manifest file '../../build/yolo_detection/yolo_detection.egg-info/SOURCES.txt'
writing manifest file '../../build/yolo_detection/yolo_detection.egg-info/SOURCES.txt'
running build
running build_py
creating /root/ros2_ws/build/yolo_detection/build
creating /root/ros2_ws/build/yolo_detection/build/lib
creating /root/ros2_ws/build/yolo_detection/build/lib/yolo_detection
copying yolo_detection/yolo_node.py -> /root/ros2_ws/build/yolo_detection/build/lib/yolo_detection
copying yolo_detection/__init__.py -> /root/ros2_ws/build/yolo_detection/build/lib/yolo_detection
running install
running install_lib
creating /root/ros2_ws/install/yolo_detection/lib/python3.12/site-packages/yolo_detection
copying /root/ros2_ws/build/yolo_detection/build/lib/yolo_detection/yolo_node.py -> /root/ros2_ws/install/yolo_detection/lib/python3.12/site-packages/yolo_detection
copying /root/ros2_ws/build/yolo_detection/build/lib/yolo_detection/__init__.py -> /root/ros2_ws/install/yolo_detection/lib/python3.12/site-packages/yolo_detection
byte-compiling /root/ros2_ws/install/yolo_detection/lib/python3.12/site-packages/yolo_detection/yolo_node.py to yolo_node.cpython-312.pyc
byte-compiling /root/ros2_ws/install/yolo_detection/lib/python3.12/site-packages/yolo_detection/__init__.py to __init__.cpython-312.pyc
running install_data
copying resource/yolo_detection -> /root/ros2_ws/install/yolo_detection/share/ament_index/resource_index/packages
copying package.xml -> /root/ros2_ws/install/yolo_detection/share/yolo_detection
copying launch/yolo_detection.launch.py -> /root/ros2_ws/install/yolo_detection/share/yolo_detection/launch
running install_egg_info
Copying ../../build/yolo_detection/yolo_detection.egg-info to /root/ros2_ws/install/yolo_detection/lib/python3.12/site-packages/yolo_detection-0.0.1-py3.12.egg-info
running install_scripts
Installing yolo_node script to /root/ros2_ws/install/yolo_detection/lib/yolo_detection
writing list of installed files to '/root/ros2_ws/build/yolo_detection/install.log'
