[0.000000] (-) TimerEvent: {}
[0.000261] (detection_msgs) JobQueued: {'identifier': 'detection_msgs', 'dependencies': OrderedDict()}
[0.000597] (yolo_detection) JobQueued: {'identifier': 'yolo_detection', 'dependencies': OrderedDict({'detection_msgs': '/root/ros2_ws/install/detection_msgs'})}
[0.000884] (detection_msgs) JobStarted: {'identifier': 'detection_msgs'}
[0.009025] (detection_msgs) JobProgress: {'identifier': 'detection_msgs', 'progress': 'cmake'}
[0.009731] (detection_msgs) JobProgress: {'identifier': 'detection_msgs', 'progress': 'build'}
[0.010451] (detection_msgs) Command: {'cmd': ['/usr/bin/cmake', '--build', '/root/ros2_ws/build/detection_msgs', '--', '-j20', '-l20'], 'cwd': '/root/ros2_ws/build/detection_msgs', 'env': OrderedDict({'GZ_SIM_RESOURCE_PATH': '/opt/ros/jazzy/share', 'GZ_CONFIG_PATH': '/opt/ros/jazzy/opt/gz_sim_vendor/share/gz:/opt/ros/jazzy/opt/sdformat_vendor/share/gz:/opt/ros/jazzy/opt/gz_gui_vendor/share/gz:/opt/ros/jazzy/opt/gz_transport_vendor/share/gz:/opt/ros/jazzy/opt/gz_rendering_vendor/share/gz:/opt/ros/jazzy/opt/gz_plugin_vendor/share/gz:/opt/ros/jazzy/opt/gz_fuel_tools_vendor/share/gz:/opt/ros/jazzy/opt/gz_msgs_vendor/share/gz:/opt/ros/jazzy/opt/gz_common_vendor/share/gz', 'HOSTNAME': '5f0c40f48c0e', 'SHLVL': '0', 'LD_LIBRARY_PATH': '/opt/ros/jazzy/opt/gz_sim_vendor/lib:/opt/ros/jazzy/opt/gz_sensors_vendor/lib:/opt/ros/jazzy/opt/gz_physics_vendor/lib:/opt/ros/jazzy/opt/sdformat_vendor/lib:/opt/ros/jazzy/opt/rviz_ogre_vendor/lib:/opt/ros/jazzy/lib/x86_64-linux-gnu:/opt/ros/jazzy/opt/gz_gui_vendor/lib:/opt/ros/jazzy/opt/gz_transport_vendor/lib:/opt/ros/jazzy/opt/gz_rendering_vendor/lib:/opt/ros/jazzy/opt/gz_plugin_vendor/lib:/opt/ros/jazzy/opt/gz_fuel_tools_vendor/lib:/opt/ros/jazzy/opt/gz_msgs_vendor/lib:/opt/ros/jazzy/opt/gz_common_vendor/lib:/opt/ros/jazzy/opt/gz_math_vendor/lib:/opt/ros/jazzy/opt/gz_utils_vendor/lib:/opt/ros/jazzy/opt/gz_tools_vendor/lib:/opt/ros/jazzy/opt/gz_ogre_next_vendor/lib:/opt/ros/jazzy/opt/gz_dartsim_vendor/lib:/opt/ros/jazzy/opt/gz_cmake_vendor/lib:/opt/ros/jazzy/lib', 'HOME': '/root', 'OLDPWD': '/root', 'ROS_PYTHON_VERSION': '3', 'ROS_DISTRO': 'jazzy', '_': '/usr/bin/colcon', 'ROS_VERSION': '2', 'PATH': '/opt/ros/jazzy/opt/gz_msgs_vendor/bin:/opt/ros/jazzy/opt/gz_tools_vendor/bin:/opt/ros/jazzy/opt/gz_ogre_next_vendor/bin:/opt/ros/jazzy/bin:/usr/local/sbin:/usr/local/bin:/usr/sbin:/usr/bin:/sbin:/bin', 'DISPLAY': ':1', 'LANG': 'en_US.UTF-8', 'AMENT_PREFIX_PATH': '/opt/ros/jazzy', 'DEBIAN_FRONTEND': 'noninteractive', 'ROS_AUTOMATIC_DISCOVERY_RANGE': 'SUBNET', 'PWD': '/root/ros2_ws/build/detection_msgs', 'LC_ALL': 'C.UTF-8', 'XDG_DATA_DIRS': '/usr/share/gnome:/usr/local/share/:/usr/share/', 'PYTHONPATH': '/opt/ros/jazzy/lib/python3.12/site-packages', 'COLCON': '1', 'CMAKE_PREFIX_PATH': '/opt/ros/jazzy/opt/gz_sim_vendor:/opt/ros/jazzy/opt/gz_sensors_vendor:/opt/ros/jazzy/opt/gz_physics_vendor:/opt/ros/jazzy/opt/sdformat_vendor:/opt/ros/jazzy/opt/gz_gui_vendor:/opt/ros/jazzy/opt/gz_transport_vendor:/opt/ros/jazzy/opt/gz_rendering_vendor:/opt/ros/jazzy/opt/gz_plugin_vendor:/opt/ros/jazzy/opt/gz_fuel_tools_vendor:/opt/ros/jazzy/opt/gz_msgs_vendor:/opt/ros/jazzy/opt/gz_common_vendor:/opt/ros/jazzy/opt/gz_math_vendor:/opt/ros/jazzy/opt/gz_utils_vendor:/opt/ros/jazzy/opt/gz_tools_vendor:/opt/ros/jazzy/opt/gz_ogre_next_vendor:/opt/ros/jazzy/opt/gz_dartsim_vendor:/opt/ros/jazzy/opt/gz_cmake_vendor:/opt/ros/jazzy'}), 'shell': False}
[0.099733] (-) TimerEvent: {}
[0.101290] (detection_msgs) StdoutLine: {'line': b'[  2%] Built target detection_msgs__rs\n'}
[0.103709] (detection_msgs) StdoutLine: {'line': b'[  4%] Built target detection_msgs__rosidl_generator_type_description\n'}
[0.111544] (detection_msgs) StdoutLine: {'line': b'[  4%] Built target ament_cmake_python_symlink_detection_msgs\n'}
[0.142706] (detection_msgs) StdoutLine: {'line': b'[  6%] Built target detection_msgs__cpp\n'}
[0.143952] (detection_msgs) StdoutLine: {'line': b'[ 24%] Built target detection_msgs__rosidl_generator_c\n'}
[0.182782] (detection_msgs) StdoutLine: {'line': b'[ 33%] Built target detection_msgs__rosidl_typesupport_fastrtps_c\n'}
[0.184599] (detection_msgs) StdoutLine: {'line': b'[ 42%] Built target detection_msgs__rosidl_typesupport_cpp\n'}
[0.185350] (detection_msgs) StdoutLine: {'line': b'[ 51%] Built target detection_msgs__rosidl_typesupport_fastrtps_cpp\n'}
[0.187902] (detection_msgs) StdoutLine: {'line': b'[ 60%] Built target detection_msgs__rosidl_typesupport_introspection_c\n'}
[0.189181] (detection_msgs) StdoutLine: {'line': b'[ 68%] Built target detection_msgs__rosidl_typesupport_introspection_cpp\n'}
[0.194401] (detection_msgs) StdoutLine: {'line': b'[ 77%] Built target detection_msgs__rosidl_typesupport_c\n'}
[0.199826] (-) TimerEvent: {}
[0.225126] (detection_msgs) StdoutLine: {'line': b'[ 77%] Built target detection_msgs\n'}
[0.262804] (detection_msgs) StdoutLine: {'line': b'[ 80%] Built target detection_msgs__py\n'}
[0.300852] (-) TimerEvent: {}
[0.305100] (detection_msgs) StdoutLine: {'line': b'[ 86%] Built target detection_msgs__rosidl_generator_py\n'}
[0.338765] (detection_msgs) StdoutLine: {'line': b'[ 91%] Built target detection_msgs_s__rosidl_typesupport_c\n'}
[0.339849] (detection_msgs) StdoutLine: {'line': b'[ 95%] Built target detection_msgs_s__rosidl_typesupport_introspection_c\n'}
[0.342352] (detection_msgs) StdoutLine: {'line': b'[100%] Built target detection_msgs_s__rosidl_typesupport_fastrtps_c\n'}
[0.400974] (-) TimerEvent: {}
[0.501154] (-) TimerEvent: {}
[0.503869] (detection_msgs) StdoutLine: {'line': b'running egg_info\n'}
[0.601256] (-) TimerEvent: {}
[0.615211] (detection_msgs) StdoutLine: {'line': b'writing detection_msgs.egg-info/PKG-INFO\n'}
[0.615925] (detection_msgs) StdoutLine: {'line': b'writing dependency_links to detection_msgs.egg-info/dependency_links.txt\n'}
[0.616243] (detection_msgs) StdoutLine: {'line': b'writing top-level names to detection_msgs.egg-info/top_level.txt\n'}
[0.691458] (detection_msgs) StdoutLine: {'line': b"reading manifest file 'detection_msgs.egg-info/SOURCES.txt'\n"}
[0.692170] (detection_msgs) StdoutLine: {'line': b"writing manifest file 'detection_msgs.egg-info/SOURCES.txt'\n"}
[0.701367] (-) TimerEvent: {}
[0.732479] (detection_msgs) StdoutLine: {'line': b'[100%] Built target ament_cmake_python_build_detection_msgs_egg\n'}
[0.749580] (detection_msgs) CommandEnded: {'returncode': 0}
[0.750669] (detection_msgs) JobProgress: {'identifier': 'detection_msgs', 'progress': 'install'}
[0.769393] (detection_msgs) Command: {'cmd': ['/usr/bin/cmake', '--install', '/root/ros2_ws/build/detection_msgs'], 'cwd': '/root/ros2_ws/build/detection_msgs', 'env': OrderedDict({'GZ_SIM_RESOURCE_PATH': '/opt/ros/jazzy/share', 'GZ_CONFIG_PATH': '/opt/ros/jazzy/opt/gz_sim_vendor/share/gz:/opt/ros/jazzy/opt/sdformat_vendor/share/gz:/opt/ros/jazzy/opt/gz_gui_vendor/share/gz:/opt/ros/jazzy/opt/gz_transport_vendor/share/gz:/opt/ros/jazzy/opt/gz_rendering_vendor/share/gz:/opt/ros/jazzy/opt/gz_plugin_vendor/share/gz:/opt/ros/jazzy/opt/gz_fuel_tools_vendor/share/gz:/opt/ros/jazzy/opt/gz_msgs_vendor/share/gz:/opt/ros/jazzy/opt/gz_common_vendor/share/gz', 'HOSTNAME': '5f0c40f48c0e', 'SHLVL': '0', 'LD_LIBRARY_PATH': '/opt/ros/jazzy/opt/gz_sim_vendor/lib:/opt/ros/jazzy/opt/gz_sensors_vendor/lib:/opt/ros/jazzy/opt/gz_physics_vendor/lib:/opt/ros/jazzy/opt/sdformat_vendor/lib:/opt/ros/jazzy/opt/rviz_ogre_vendor/lib:/opt/ros/jazzy/lib/x86_64-linux-gnu:/opt/ros/jazzy/opt/gz_gui_vendor/lib:/opt/ros/jazzy/opt/gz_transport_vendor/lib:/opt/ros/jazzy/opt/gz_rendering_vendor/lib:/opt/ros/jazzy/opt/gz_plugin_vendor/lib:/opt/ros/jazzy/opt/gz_fuel_tools_vendor/lib:/opt/ros/jazzy/opt/gz_msgs_vendor/lib:/opt/ros/jazzy/opt/gz_common_vendor/lib:/opt/ros/jazzy/opt/gz_math_vendor/lib:/opt/ros/jazzy/opt/gz_utils_vendor/lib:/opt/ros/jazzy/opt/gz_tools_vendor/lib:/opt/ros/jazzy/opt/gz_ogre_next_vendor/lib:/opt/ros/jazzy/opt/gz_dartsim_vendor/lib:/opt/ros/jazzy/opt/gz_cmake_vendor/lib:/opt/ros/jazzy/lib', 'HOME': '/root', 'OLDPWD': '/root', 'ROS_PYTHON_VERSION': '3', 'ROS_DISTRO': 'jazzy', '_': '/usr/bin/colcon', 'ROS_VERSION': '2', 'PATH': '/opt/ros/jazzy/opt/gz_msgs_vendor/bin:/opt/ros/jazzy/opt/gz_tools_vendor/bin:/opt/ros/jazzy/opt/gz_ogre_next_vendor/bin:/opt/ros/jazzy/bin:/usr/local/sbin:/usr/local/bin:/usr/sbin:/usr/bin:/sbin:/bin', 'DISPLAY': ':1', 'LANG': 'en_US.UTF-8', 'AMENT_PREFIX_PATH': '/opt/ros/jazzy', 'DEBIAN_FRONTEND': 'noninteractive', 'ROS_AUTOMATIC_DISCOVERY_RANGE': 'SUBNET', 'PWD': '/root/ros2_ws/build/detection_msgs', 'LC_ALL': 'C.UTF-8', 'XDG_DATA_DIRS': '/usr/share/gnome:/usr/local/share/:/usr/share/', 'PYTHONPATH': '/opt/ros/jazzy/lib/python3.12/site-packages', 'COLCON': '1', 'CMAKE_PREFIX_PATH': '/opt/ros/jazzy/opt/gz_sim_vendor:/opt/ros/jazzy/opt/gz_sensors_vendor:/opt/ros/jazzy/opt/gz_physics_vendor:/opt/ros/jazzy/opt/sdformat_vendor:/opt/ros/jazzy/opt/gz_gui_vendor:/opt/ros/jazzy/opt/gz_transport_vendor:/opt/ros/jazzy/opt/gz_rendering_vendor:/opt/ros/jazzy/opt/gz_plugin_vendor:/opt/ros/jazzy/opt/gz_fuel_tools_vendor:/opt/ros/jazzy/opt/gz_msgs_vendor:/opt/ros/jazzy/opt/gz_common_vendor:/opt/ros/jazzy/opt/gz_math_vendor:/opt/ros/jazzy/opt/gz_utils_vendor:/opt/ros/jazzy/opt/gz_tools_vendor:/opt/ros/jazzy/opt/gz_ogre_next_vendor:/opt/ros/jazzy/opt/gz_dartsim_vendor:/opt/ros/jazzy/opt/gz_cmake_vendor:/opt/ros/jazzy'}), 'shell': False}
[0.782528] (detection_msgs) StdoutLine: {'line': b'-- Install configuration: ""\n'}
[0.783829] (detection_msgs) StdoutLine: {'line': b'-- Execute custom install script\n'}
[0.784250] (detection_msgs) StdoutLine: {'line': b'-- Up-to-date symlink: /root/ros2_ws/install/detection_msgs/share/ament_index/resource_index/rosidl_interfaces/detection_msgs\n'}
[0.784596] (detection_msgs) StdoutLine: {'line': b'-- Up-to-date symlink: /root/ros2_ws/install/detection_msgs/share/detection_msgs/msg/Detection2D.json\n'}
[0.784902] (detection_msgs) StdoutLine: {'line': b'-- Up-to-date symlink: /root/ros2_ws/install/detection_msgs/share/detection_msgs/msg/Detection2DArray.json\n'}
[0.785905] (detection_msgs) StdoutLine: {'line': b'-- Up-to-date symlink: /root/ros2_ws/install/detection_msgs/include/detection_msgs/detection_msgs/msg/detail/detection2_d__functions.h\n'}
[0.786224] (detection_msgs) StdoutLine: {'line': b'-- Up-to-date symlink: /root/ros2_ws/install/detection_msgs/include/detection_msgs/detection_msgs/msg/detail/detection2_d__struct.h\n'}
[0.786863] (detection_msgs) StdoutLine: {'line': b'-- Up-to-date symlink: /root/ros2_ws/install/detection_msgs/include/detection_msgs/detection_msgs/msg/detail/detection2_d__type_support.h\n'}
[0.787188] (detection_msgs) StdoutLine: {'line': b'-- Up-to-date symlink: /root/ros2_ws/install/detection_msgs/include/detection_msgs/detection_msgs/msg/detail/detection2_d_array__functions.h\n'}
[0.787375] (detection_msgs) StdoutLine: {'line': b'-- Up-to-date symlink: /root/ros2_ws/install/detection_msgs/include/detection_msgs/detection_msgs/msg/detail/detection2_d_array__struct.h\n'}
[0.787463] (detection_msgs) StdoutLine: {'line': b'-- Up-to-date symlink: /root/ros2_ws/install/detection_msgs/include/detection_msgs/detection_msgs/msg/detail/detection2_d_array__type_support.h\n'}
[0.787641] (detection_msgs) StdoutLine: {'line': b'-- Up-to-date symlink: /root/ros2_ws/install/detection_msgs/include/detection_msgs/detection_msgs/msg/detection2_d.h\n'}
[0.787707] (detection_msgs) StdoutLine: {'line': b'-- Up-to-date symlink: /root/ros2_ws/install/detection_msgs/include/detection_msgs/detection_msgs/msg/detection2_d_array.h\n'}
[0.787928] (detection_msgs) StdoutLine: {'line': b'-- Up-to-date symlink: /root/ros2_ws/install/detection_msgs/include/detection_msgs/detection_msgs/msg/rosidl_generator_c__visibility_control.h\n'}
[0.788271] (detection_msgs) StdoutLine: {'line': b'-- Up-to-date symlink: /root/ros2_ws/install/detection_msgs/share/detection_msgs/environment/library_path.sh\n'}
[0.788556] (detection_msgs) StdoutLine: {'line': b'-- Up-to-date symlink: /root/ros2_ws/install/detection_msgs/share/detection_msgs/environment/library_path.dsv\n'}
[0.789455] (detection_msgs) StdoutLine: {'line': b'-- Up-to-date symlink: /root/ros2_ws/install/detection_msgs/include/detection_msgs/detection_msgs/msg/detail/detection2_d__rosidl_typesupport_fastrtps_c.h\n'}
[0.789640] (detection_msgs) StdoutLine: {'line': b'-- Up-to-date symlink: /root/ros2_ws/install/detection_msgs/include/detection_msgs/detection_msgs/msg/detail/detection2_d_array__rosidl_typesupport_fastrtps_c.h\n'}
[0.789836] (detection_msgs) StdoutLine: {'line': b'-- Up-to-date symlink: /root/ros2_ws/install/detection_msgs/include/detection_msgs/detection_msgs/msg/rosidl_typesupport_fastrtps_c__visibility_control.h\n'}
[0.790533] (detection_msgs) StdoutLine: {'line': b'-- Up-to-date symlink: /root/ros2_ws/install/detection_msgs/include/detection_msgs/detection_msgs/msg/detail/detection2_d__rosidl_typesupport_introspection_c.h\n'}
[0.790981] (detection_msgs) StdoutLine: {'line': b'-- Up-to-date symlink: /root/ros2_ws/install/detection_msgs/include/detection_msgs/detection_msgs/msg/detail/detection2_d_array__rosidl_typesupport_introspection_c.h\n'}
[0.791208] (detection_msgs) StdoutLine: {'line': b'-- Up-to-date symlink: /root/ros2_ws/install/detection_msgs/include/detection_msgs/detection_msgs/msg/rosidl_typesupport_introspection_c__visibility_control.h\n'}
[0.791834] (detection_msgs) StdoutLine: {'line': b'-- Up-to-date symlink: /root/ros2_ws/install/detection_msgs/include/detection_msgs/detection_msgs/msg/detail/detection2_d__builder.hpp\n'}
[0.792171] (detection_msgs) StdoutLine: {'line': b'-- Up-to-date symlink: /root/ros2_ws/install/detection_msgs/include/detection_msgs/detection_msgs/msg/detail/detection2_d__struct.hpp\n'}
[0.792547] (detection_msgs) StdoutLine: {'line': b'-- Up-to-date symlink: /root/ros2_ws/install/detection_msgs/include/detection_msgs/detection_msgs/msg/detail/detection2_d__traits.hpp\n'}
[0.792874] (detection_msgs) StdoutLine: {'line': b'-- Up-to-date symlink: /root/ros2_ws/install/detection_msgs/include/detection_msgs/detection_msgs/msg/detail/detection2_d__type_support.hpp\n'}
[0.793137] (detection_msgs) StdoutLine: {'line': b'-- Up-to-date symlink: /root/ros2_ws/install/detection_msgs/include/detection_msgs/detection_msgs/msg/detail/detection2_d_array__builder.hpp\n'}
[0.793386] (detection_msgs) StdoutLine: {'line': b'-- Up-to-date symlink: /root/ros2_ws/install/detection_msgs/include/detection_msgs/detection_msgs/msg/detail/detection2_d_array__struct.hpp\n'}
[0.793687] (detection_msgs) StdoutLine: {'line': b'-- Up-to-date symlink: /root/ros2_ws/install/detection_msgs/include/detection_msgs/detection_msgs/msg/detail/detection2_d_array__traits.hpp\n'}
[0.793919] (detection_msgs) StdoutLine: {'line': b'-- Up-to-date symlink: /root/ros2_ws/install/detection_msgs/include/detection_msgs/detection_msgs/msg/detail/detection2_d_array__type_support.hpp\n'}
[0.794079] (detection_msgs) StdoutLine: {'line': b'-- Up-to-date symlink: /root/ros2_ws/install/detection_msgs/include/detection_msgs/detection_msgs/msg/detection2_d.hpp\n'}
[0.794268] (detection_msgs) StdoutLine: {'line': b'-- Up-to-date symlink: /root/ros2_ws/install/detection_msgs/include/detection_msgs/detection_msgs/msg/detection2_d_array.hpp\n'}
[0.794424] (detection_msgs) StdoutLine: {'line': b'-- Up-to-date symlink: /root/ros2_ws/install/detection_msgs/include/detection_msgs/detection_msgs/msg/rosidl_generator_cpp__visibility_control.hpp\n'}
[0.794789] (detection_msgs) StdoutLine: {'line': b'-- Up-to-date symlink: /root/ros2_ws/install/detection_msgs/include/detection_msgs/detection_msgs/msg/detail/detection2_d__rosidl_typesupport_fastrtps_cpp.hpp\n'}
[0.795135] (detection_msgs) StdoutLine: {'line': b'-- Up-to-date symlink: /root/ros2_ws/install/detection_msgs/include/detection_msgs/detection_msgs/msg/detail/detection2_d_array__rosidl_typesupport_fastrtps_cpp.hpp\n'}
[0.795356] (detection_msgs) StdoutLine: {'line': b'-- Up-to-date symlink: /root/ros2_ws/install/detection_msgs/include/detection_msgs/detection_msgs/msg/rosidl_typesupport_fastrtps_cpp__visibility_control.h\n'}
[0.795976] (detection_msgs) StdoutLine: {'line': b'-- Up-to-date symlink: /root/ros2_ws/install/detection_msgs/include/detection_msgs/detection_msgs/msg/detail/detection2_d__rosidl_typesupport_introspection_cpp.hpp\n'}
[0.796181] (detection_msgs) StdoutLine: {'line': b'-- Up-to-date symlink: /root/ros2_ws/install/detection_msgs/include/detection_msgs/detection_msgs/msg/detail/detection2_d_array__rosidl_typesupport_introspection_cpp.hpp\n'}
[0.796485] (detection_msgs) StdoutLine: {'line': b'-- Up-to-date symlink: /root/ros2_ws/install/detection_msgs/share/detection_msgs/environment/pythonpath.sh\n'}
[0.796807] (detection_msgs) StdoutLine: {'line': b'-- Up-to-date symlink: /root/ros2_ws/install/detection_msgs/share/detection_msgs/environment/pythonpath.dsv\n'}
[0.797514] (detection_msgs) StdoutLine: {'line': b'-- Up-to-date symlink: /root/ros2_ws/install/detection_msgs/lib/python3.12/site-packages/detection_msgs-0.0.1-py3.12.egg-info/PKG-INFO\n'}
[0.797753] (detection_msgs) StdoutLine: {'line': b'-- Up-to-date symlink: /root/ros2_ws/install/detection_msgs/lib/python3.12/site-packages/detection_msgs-0.0.1-py3.12.egg-info/SOURCES.txt\n'}
[0.797938] (detection_msgs) StdoutLine: {'line': b'-- Up-to-date symlink: /root/ros2_ws/install/detection_msgs/lib/python3.12/site-packages/detection_msgs-0.0.1-py3.12.egg-info/dependency_links.txt\n'}
[0.798118] (detection_msgs) StdoutLine: {'line': b'-- Up-to-date symlink: /root/ros2_ws/install/detection_msgs/lib/python3.12/site-packages/detection_msgs-0.0.1-py3.12.egg-info/top_level.txt\n'}
[0.799278] (detection_msgs) StdoutLine: {'line': b'-- Up-to-date symlink: /root/ros2_ws/install/detection_msgs/lib/python3.12/site-packages/detection_msgs/__init__.py\n'}
[0.799479] (detection_msgs) StdoutLine: {'line': b'-- Up-to-date symlink: /root/ros2_ws/install/detection_msgs/lib/python3.12/site-packages/detection_msgs/_detection_msgs_s.ep.rosidl_typesupport_c.c\n'}
[0.799667] (detection_msgs) StdoutLine: {'line': b'-- Up-to-date symlink: /root/ros2_ws/install/detection_msgs/lib/python3.12/site-packages/detection_msgs/_detection_msgs_s.ep.rosidl_typesupport_fastrtps_c.c\n'}
[0.799846] (detection_msgs) StdoutLine: {'line': b'-- Up-to-date symlink: /root/ros2_ws/install/detection_msgs/lib/python3.12/site-packages/detection_msgs/_detection_msgs_s.ep.rosidl_typesupport_introspection_c.c\n'}
[0.800034] (detection_msgs) StdoutLine: {'line': b'-- Up-to-date symlink: /root/ros2_ws/install/detection_msgs/lib/python3.12/site-packages/detection_msgs/detection_msgs_s__rosidl_typesupport_c.so\n'}
[0.800270] (detection_msgs) StdoutLine: {'line': b'-- Up-to-date symlink: /root/ros2_ws/install/detection_msgs/lib/python3.12/site-packages/detection_msgs/detection_msgs_s__rosidl_typesupport_fastrtps_c.so\n'}
[0.800492] (detection_msgs) StdoutLine: {'line': b'-- Up-to-date symlink: /root/ros2_ws/install/detection_msgs/lib/python3.12/site-packages/detection_msgs/detection_msgs_s__rosidl_typesupport_introspection_c.so\n'}
[0.800658] (detection_msgs) StdoutLine: {'line': b'-- Up-to-date symlink: /root/ros2_ws/install/detection_msgs/lib/python3.12/site-packages/detection_msgs/msg/__init__.py\n'}
[0.800843] (detection_msgs) StdoutLine: {'line': b'-- Up-to-date symlink: /root/ros2_ws/install/detection_msgs/lib/python3.12/site-packages/detection_msgs/msg/_detection2_d.py\n'}
[0.801047] (detection_msgs) StdoutLine: {'line': b'-- Up-to-date symlink: /root/ros2_ws/install/detection_msgs/lib/python3.12/site-packages/detection_msgs/msg/_detection2_d_array.py\n'}
[0.801247] (detection_msgs) StdoutLine: {'line': b'-- Up-to-date symlink: /root/ros2_ws/install/detection_msgs/lib/python3.12/site-packages/detection_msgs/msg/_detection2_d_array_s.c\n'}
[0.801448] (detection_msgs) StdoutLine: {'line': b'-- Up-to-date symlink: /root/ros2_ws/install/detection_msgs/lib/python3.12/site-packages/detection_msgs/msg/_detection2_d_s.c\n'}
[0.801513] (-) TimerEvent: {}
[0.801968] (detection_msgs) StdoutLine: {'line': b'-- Up-to-date symlink: /root/ros2_ws/install/detection_msgs/lib/python3.12/site-packages/detection_msgs/detection_msgs_s__rosidl_typesupport_fastrtps_c.so\n'}
[0.802425] (detection_msgs) StdoutLine: {'line': b'-- Up-to-date symlink: /root/ros2_ws/install/detection_msgs/lib/python3.12/site-packages/detection_msgs/detection_msgs_s__rosidl_typesupport_introspection_c.so\n'}
[0.802941] (detection_msgs) StdoutLine: {'line': b'-- Up-to-date symlink: /root/ros2_ws/install/detection_msgs/lib/python3.12/site-packages/detection_msgs/detection_msgs_s__rosidl_typesupport_c.so\n'}
[0.803338] (detection_msgs) StdoutLine: {'line': b'-- Up-to-date symlink: /root/ros2_ws/install/detection_msgs/share/ament_index/resource_index/rust_packages/detection_msgs\n'}
[0.804060] (detection_msgs) StdoutLine: {'line': b'-- Up-to-date symlink: /root/ros2_ws/install/detection_msgs/share/detection_msgs/rust/Cargo.toml\n'}
[0.804261] (detection_msgs) StdoutLine: {'line': b'-- Up-to-date symlink: /root/ros2_ws/install/detection_msgs/share/detection_msgs/rust/build.rs\n'}
[0.804461] (detection_msgs) StdoutLine: {'line': b'-- Up-to-date symlink: /root/ros2_ws/install/detection_msgs/share/detection_msgs/rust/src/lib.rs\n'}
[0.804654] (detection_msgs) StdoutLine: {'line': b'-- Up-to-date symlink: /root/ros2_ws/install/detection_msgs/share/detection_msgs/rust/src/msg.rs\n'}
[0.804857] (detection_msgs) StdoutLine: {'line': b'-- Up-to-date symlink: /root/ros2_ws/install/detection_msgs/share/detection_msgs/rust/src/msg/rmw.rs\n'}
[0.805164] (detection_msgs) StdoutLine: {'line': b'-- Up-to-date symlink: /root/ros2_ws/install/detection_msgs/share/detection_msgs/msg/Detection2D.idl\n'}
[0.805459] (detection_msgs) StdoutLine: {'line': b'-- Up-to-date symlink: /root/ros2_ws/install/detection_msgs/share/detection_msgs/msg/Detection2DArray.idl\n'}
[0.805736] (detection_msgs) StdoutLine: {'line': b'-- Up-to-date symlink: /root/ros2_ws/install/detection_msgs/share/detection_msgs/msg/Detection2D.msg\n'}
[0.806005] (detection_msgs) StdoutLine: {'line': b'-- Up-to-date symlink: /root/ros2_ws/install/detection_msgs/share/detection_msgs/msg/Detection2DArray.msg\n'}
[0.806361] (detection_msgs) StdoutLine: {'line': b'-- Up-to-date symlink: /root/ros2_ws/install/detection_msgs/share/ament_index/resource_index/package_run_dependencies/detection_msgs\n'}
[0.806671] (detection_msgs) StdoutLine: {'line': b'-- Up-to-date symlink: /root/ros2_ws/install/detection_msgs/share/ament_index/resource_index/parent_prefix_path/detection_msgs\n'}
[0.806990] (detection_msgs) StdoutLine: {'line': b'-- Up-to-date symlink: /root/ros2_ws/install/detection_msgs/share/detection_msgs/environment/ament_prefix_path.sh\n'}
[0.807424] (detection_msgs) StdoutLine: {'line': b'-- Up-to-date symlink: /root/ros2_ws/install/detection_msgs/share/detection_msgs/environment/ament_prefix_path.dsv\n'}
[0.807698] (detection_msgs) StdoutLine: {'line': b'-- Up-to-date symlink: /root/ros2_ws/install/detection_msgs/share/detection_msgs/environment/path.sh\n'}
[0.808013] (detection_msgs) StdoutLine: {'line': b'-- Up-to-date symlink: /root/ros2_ws/install/detection_msgs/share/detection_msgs/environment/path.dsv\n'}
[0.808283] (detection_msgs) StdoutLine: {'line': b'-- Up-to-date symlink: /root/ros2_ws/install/detection_msgs/share/detection_msgs/local_setup.bash\n'}
[0.808541] (detection_msgs) StdoutLine: {'line': b'-- Up-to-date symlink: /root/ros2_ws/install/detection_msgs/share/detection_msgs/local_setup.sh\n'}
[0.808837] (detection_msgs) StdoutLine: {'line': b'-- Up-to-date symlink: /root/ros2_ws/install/detection_msgs/share/detection_msgs/local_setup.zsh\n'}
[0.809105] (detection_msgs) StdoutLine: {'line': b'-- Up-to-date symlink: /root/ros2_ws/install/detection_msgs/share/detection_msgs/local_setup.dsv\n'}
[0.809319] (detection_msgs) StdoutLine: {'line': b'-- Symlinking: /root/ros2_ws/install/detection_msgs/share/detection_msgs/package.dsv\n'}
[0.825555] (detection_msgs) StdoutLine: {'line': b'-- Up-to-date symlink: /root/ros2_ws/install/detection_msgs/share/ament_index/resource_index/packages/detection_msgs\n'}
[0.826014] (detection_msgs) StdoutLine: {'line': b'-- Up-to-date symlink: /root/ros2_ws/install/detection_msgs/share/detection_msgs/cmake/rosidl_cmake-extras.cmake\n'}
[0.826188] (detection_msgs) StdoutLine: {'line': b'-- Up-to-date symlink: /root/ros2_ws/install/detection_msgs/share/detection_msgs/cmake/ament_cmake_export_dependencies-extras.cmake\n'}
[0.826502] (detection_msgs) StdoutLine: {'line': b'-- Up-to-date symlink: /root/ros2_ws/install/detection_msgs/share/detection_msgs/cmake/ament_cmake_export_include_directories-extras.cmake\n'}
[0.826694] (detection_msgs) StdoutLine: {'line': b'-- Up-to-date symlink: /root/ros2_ws/install/detection_msgs/share/detection_msgs/cmake/ament_cmake_export_libraries-extras.cmake\n'}
[0.826936] (detection_msgs) StdoutLine: {'line': b'-- Up-to-date symlink: /root/ros2_ws/install/detection_msgs/share/detection_msgs/cmake/ament_cmake_export_targets-extras.cmake\n'}
[0.827281] (detection_msgs) StdoutLine: {'line': b'-- Up-to-date symlink: /root/ros2_ws/install/detection_msgs/share/detection_msgs/cmake/rosidl_cmake_export_typesupport_targets-extras.cmake\n'}
[0.827692] (detection_msgs) StdoutLine: {'line': b'-- Up-to-date symlink: /root/ros2_ws/install/detection_msgs/share/detection_msgs/cmake/rosidl_cmake_export_typesupport_libraries-extras.cmake\n'}
[0.827991] (detection_msgs) StdoutLine: {'line': b'-- Up-to-date symlink: /root/ros2_ws/install/detection_msgs/share/detection_msgs/cmake/detection_msgsConfig.cmake\n'}
[0.828286] (detection_msgs) StdoutLine: {'line': b'-- Up-to-date symlink: /root/ros2_ws/install/detection_msgs/share/detection_msgs/cmake/detection_msgsConfig-version.cmake\n'}
[0.828579] (detection_msgs) StdoutLine: {'line': b'-- Up-to-date symlink: /root/ros2_ws/install/detection_msgs/share/detection_msgs/package.xml\n'}
[0.829031] (detection_msgs) StdoutLine: {'line': b'-- Up-to-date: /root/ros2_ws/install/detection_msgs/lib/libdetection_msgs__rosidl_generator_c.so\n'}
[0.829634] (detection_msgs) StdoutLine: {'line': b'-- Up-to-date: /root/ros2_ws/install/detection_msgs/lib/libdetection_msgs__rosidl_typesupport_fastrtps_c.so\n'}
[0.830195] (detection_msgs) StdoutLine: {'line': b'-- Up-to-date: /root/ros2_ws/install/detection_msgs/lib/libdetection_msgs__rosidl_typesupport_introspection_c.so\n'}
[0.830720] (detection_msgs) StdoutLine: {'line': b'-- Up-to-date: /root/ros2_ws/install/detection_msgs/lib/libdetection_msgs__rosidl_typesupport_c.so\n'}
[0.831230] (detection_msgs) StdoutLine: {'line': b'-- Up-to-date: /root/ros2_ws/install/detection_msgs/lib/libdetection_msgs__rosidl_typesupport_fastrtps_cpp.so\n'}
[0.831879] (detection_msgs) StdoutLine: {'line': b'-- Up-to-date: /root/ros2_ws/install/detection_msgs/lib/libdetection_msgs__rosidl_typesupport_introspection_cpp.so\n'}
[0.832319] (detection_msgs) StdoutLine: {'line': b'-- Up-to-date: /root/ros2_ws/install/detection_msgs/lib/libdetection_msgs__rosidl_typesupport_cpp.so\n'}
[0.889527] (detection_msgs) StdoutLine: {'line': b"Listing '/root/ros2_ws/install/detection_msgs/lib/python3.12/site-packages/detection_msgs'...\n"}
[0.889745] (detection_msgs) StdoutLine: {'line': b"Listing '/root/ros2_ws/install/detection_msgs/lib/python3.12/site-packages/detection_msgs/msg'...\n"}
[0.897042] (detection_msgs) StdoutLine: {'line': b'-- Up-to-date: /root/ros2_ws/install/detection_msgs/lib/libdetection_msgs__rosidl_generator_py.so\n'}
[0.897780] (detection_msgs) StdoutLine: {'line': b'-- Up-to-date: /root/ros2_ws/install/detection_msgs/share/detection_msgs/cmake/export_detection_msgs__rosidl_generator_cExport.cmake\n'}
[0.897966] (detection_msgs) StdoutLine: {'line': b'-- Up-to-date: /root/ros2_ws/install/detection_msgs/share/detection_msgs/cmake/export_detection_msgs__rosidl_generator_cExport-noconfig.cmake\n'}
[0.898050] (detection_msgs) StdoutLine: {'line': b'-- Up-to-date: /root/ros2_ws/install/detection_msgs/share/detection_msgs/cmake/export_detection_msgs__rosidl_typesupport_fastrtps_cExport.cmake\n'}
[0.898203] (detection_msgs) StdoutLine: {'line': b'-- Up-to-date: /root/ros2_ws/install/detection_msgs/share/detection_msgs/cmake/export_detection_msgs__rosidl_typesupport_fastrtps_cExport-noconfig.cmake\n'}
[0.898298] (detection_msgs) StdoutLine: {'line': b'-- Up-to-date: /root/ros2_ws/install/detection_msgs/share/detection_msgs/cmake/detection_msgs__rosidl_typesupport_introspection_cExport.cmake\n'}
[0.898376] (detection_msgs) StdoutLine: {'line': b'-- Up-to-date: /root/ros2_ws/install/detection_msgs/share/detection_msgs/cmake/detection_msgs__rosidl_typesupport_introspection_cExport-noconfig.cmake\n'}
[0.898446] (detection_msgs) StdoutLine: {'line': b'-- Up-to-date: /root/ros2_ws/install/detection_msgs/share/detection_msgs/cmake/detection_msgs__rosidl_typesupport_cExport.cmake\n'}
[0.898509] (detection_msgs) StdoutLine: {'line': b'-- Up-to-date: /root/ros2_ws/install/detection_msgs/share/detection_msgs/cmake/detection_msgs__rosidl_typesupport_cExport-noconfig.cmake\n'}
[0.898571] (detection_msgs) StdoutLine: {'line': b'-- Up-to-date: /root/ros2_ws/install/detection_msgs/share/detection_msgs/cmake/export_detection_msgs__rosidl_generator_cppExport.cmake\n'}
[0.898631] (detection_msgs) StdoutLine: {'line': b'-- Up-to-date: /root/ros2_ws/install/detection_msgs/share/detection_msgs/cmake/export_detection_msgs__rosidl_typesupport_fastrtps_cppExport.cmake\n'}
[0.898689] (detection_msgs) StdoutLine: {'line': b'-- Up-to-date: /root/ros2_ws/install/detection_msgs/share/detection_msgs/cmake/export_detection_msgs__rosidl_typesupport_fastrtps_cppExport-noconfig.cmake\n'}
[0.898751] (detection_msgs) StdoutLine: {'line': b'-- Up-to-date: /root/ros2_ws/install/detection_msgs/share/detection_msgs/cmake/detection_msgs__rosidl_typesupport_introspection_cppExport.cmake\n'}
[0.898816] (detection_msgs) StdoutLine: {'line': b'-- Up-to-date: /root/ros2_ws/install/detection_msgs/share/detection_msgs/cmake/detection_msgs__rosidl_typesupport_introspection_cppExport-noconfig.cmake\n'}
[0.898873] (detection_msgs) StdoutLine: {'line': b'-- Up-to-date: /root/ros2_ws/install/detection_msgs/share/detection_msgs/cmake/detection_msgs__rosidl_typesupport_cppExport.cmake\n'}
[0.898942] (detection_msgs) StdoutLine: {'line': b'-- Up-to-date: /root/ros2_ws/install/detection_msgs/share/detection_msgs/cmake/detection_msgs__rosidl_typesupport_cppExport-noconfig.cmake\n'}
[0.899002] (detection_msgs) StdoutLine: {'line': b'-- Up-to-date: /root/ros2_ws/install/detection_msgs/share/detection_msgs/cmake/export_detection_msgs__rosidl_generator_pyExport.cmake\n'}
[0.899062] (detection_msgs) StdoutLine: {'line': b'-- Up-to-date: /root/ros2_ws/install/detection_msgs/share/detection_msgs/cmake/export_detection_msgs__rosidl_generator_pyExport-noconfig.cmake\n'}
[0.900033] (detection_msgs) CommandEnded: {'returncode': 0}
[0.901628] (-) TimerEvent: {}
[0.933775] (detection_msgs) JobEnded: {'identifier': 'detection_msgs', 'rc': 0}
[0.935031] (yolo_detection) JobStarted: {'identifier': 'yolo_detection'}
[1.001744] (-) TimerEvent: {}
[1.101981] (-) TimerEvent: {}
[1.202153] (-) TimerEvent: {}
[1.302352] (-) TimerEvent: {}
[1.402554] (-) TimerEvent: {}
[1.502759] (-) TimerEvent: {}
[1.603019] (-) TimerEvent: {}
[1.703252] (-) TimerEvent: {}
[1.803459] (-) TimerEvent: {}
[1.903704] (-) TimerEvent: {}
[2.003914] (-) TimerEvent: {}
[2.038524] (yolo_detection) Command: {'cmd': ['/usr/bin/python3', '-W', 'ignore:setup.py install is deprecated', '-W', 'ignore:easy_install command is deprecated', 'setup.py', 'develop', '--editable', '--build-directory', '/root/ros2_ws/build/yolo_detection/build', '--no-deps', 'symlink_data'], 'cwd': '/root/ros2_ws/build/yolo_detection', 'env': {'GZ_SIM_RESOURCE_PATH': '/opt/ros/jazzy/share', 'GZ_CONFIG_PATH': '/opt/ros/jazzy/opt/gz_sim_vendor/share/gz:/opt/ros/jazzy/opt/sdformat_vendor/share/gz:/opt/ros/jazzy/opt/gz_gui_vendor/share/gz:/opt/ros/jazzy/opt/gz_transport_vendor/share/gz:/opt/ros/jazzy/opt/gz_rendering_vendor/share/gz:/opt/ros/jazzy/opt/gz_plugin_vendor/share/gz:/opt/ros/jazzy/opt/gz_fuel_tools_vendor/share/gz:/opt/ros/jazzy/opt/gz_msgs_vendor/share/gz:/opt/ros/jazzy/opt/gz_common_vendor/share/gz', 'HOSTNAME': '5f0c40f48c0e', 'SHLVL': '0', 'LD_LIBRARY_PATH': '/root/ros2_ws/install/detection_msgs/lib:/opt/ros/jazzy/opt/gz_sim_vendor/lib:/opt/ros/jazzy/opt/gz_sensors_vendor/lib:/opt/ros/jazzy/opt/gz_physics_vendor/lib:/opt/ros/jazzy/opt/sdformat_vendor/lib:/opt/ros/jazzy/opt/rviz_ogre_vendor/lib:/opt/ros/jazzy/lib/x86_64-linux-gnu:/opt/ros/jazzy/opt/gz_gui_vendor/lib:/opt/ros/jazzy/opt/gz_transport_vendor/lib:/opt/ros/jazzy/opt/gz_rendering_vendor/lib:/opt/ros/jazzy/opt/gz_plugin_vendor/lib:/opt/ros/jazzy/opt/gz_fuel_tools_vendor/lib:/opt/ros/jazzy/opt/gz_msgs_vendor/lib:/opt/ros/jazzy/opt/gz_common_vendor/lib:/opt/ros/jazzy/opt/gz_math_vendor/lib:/opt/ros/jazzy/opt/gz_utils_vendor/lib:/opt/ros/jazzy/opt/gz_tools_vendor/lib:/opt/ros/jazzy/opt/gz_ogre_next_vendor/lib:/opt/ros/jazzy/opt/gz_dartsim_vendor/lib:/opt/ros/jazzy/opt/gz_cmake_vendor/lib:/opt/ros/jazzy/lib', 'HOME': '/root', 'OLDPWD': '/root', 'ROS_PYTHON_VERSION': '3', 'ROS_DISTRO': 'jazzy', '_': '/usr/bin/colcon', 'ROS_VERSION': '2', 'PATH': '/opt/ros/jazzy/opt/gz_msgs_vendor/bin:/opt/ros/jazzy/opt/gz_tools_vendor/bin:/opt/ros/jazzy/opt/gz_ogre_next_vendor/bin:/opt/ros/jazzy/bin:/usr/local/sbin:/usr/local/bin:/usr/sbin:/usr/bin:/sbin:/bin', 'DISPLAY': ':1', 'LANG': 'en_US.UTF-8', 'AMENT_PREFIX_PATH': '/root/ros2_ws/install/detection_msgs:/opt/ros/jazzy', 'DEBIAN_FRONTEND': 'noninteractive', 'ROS_AUTOMATIC_DISCOVERY_RANGE': 'SUBNET', 'PWD': '/root/ros2_ws/build/yolo_detection', 'LC_ALL': 'C.UTF-8', 'XDG_DATA_DIRS': '/usr/share/gnome:/usr/local/share/:/usr/share/', 'PYTHONPATH': '/root/ros2_ws/build/yolo_detection/prefix_override:/usr/lib/python3/dist-packages/colcon_core/task/python/colcon_distutils_commands:/root/ros2_ws/install/yolo_detection/lib/python3.12/site-packages:/root/ros2_ws/install/detection_msgs/lib/python3.12/site-packages:/opt/ros/jazzy/lib/python3.12/site-packages', 'COLCON': '1', 'CMAKE_PREFIX_PATH': '/root/ros2_ws/install/detection_msgs:/opt/ros/jazzy/opt/gz_sim_vendor:/opt/ros/jazzy/opt/gz_sensors_vendor:/opt/ros/jazzy/opt/gz_physics_vendor:/opt/ros/jazzy/opt/sdformat_vendor:/opt/ros/jazzy/opt/gz_gui_vendor:/opt/ros/jazzy/opt/gz_transport_vendor:/opt/ros/jazzy/opt/gz_rendering_vendor:/opt/ros/jazzy/opt/gz_plugin_vendor:/opt/ros/jazzy/opt/gz_fuel_tools_vendor:/opt/ros/jazzy/opt/gz_msgs_vendor:/opt/ros/jazzy/opt/gz_common_vendor:/opt/ros/jazzy/opt/gz_math_vendor:/opt/ros/jazzy/opt/gz_utils_vendor:/opt/ros/jazzy/opt/gz_tools_vendor:/opt/ros/jazzy/opt/gz_ogre_next_vendor:/opt/ros/jazzy/opt/gz_dartsim_vendor:/opt/ros/jazzy/opt/gz_cmake_vendor'}, 'shell': False}
[2.104006] (-) TimerEvent: {}
[2.204151] (-) TimerEvent: {}
[2.304341] (-) TimerEvent: {}
[2.404511] (-) TimerEvent: {}
[2.417054] (yolo_detection) StdoutLine: {'line': b'running develop\n'}
[2.504614] (-) TimerEvent: {}
[2.604841] (-) TimerEvent: {}
[2.635355] (yolo_detection) StdoutLine: {'line': b'running egg_info\n'}
[2.656871] (yolo_detection) StdoutLine: {'line': b'writing yolo_detection.egg-info/PKG-INFO\n'}
[2.657598] (yolo_detection) StdoutLine: {'line': b'writing dependency_links to yolo_detection.egg-info/dependency_links.txt\n'}
[2.657780] (yolo_detection) StdoutLine: {'line': b'writing entry points to yolo_detection.egg-info/entry_points.txt\n'}
[2.657922] (yolo_detection) StdoutLine: {'line': b'writing requirements to yolo_detection.egg-info/requires.txt\n'}
[2.658059] (yolo_detection) StdoutLine: {'line': b'writing top-level names to yolo_detection.egg-info/top_level.txt\n'}
[2.699174] (yolo_detection) StdoutLine: {'line': b"reading manifest file 'yolo_detection.egg-info/SOURCES.txt'\n"}
[2.699914] (yolo_detection) StdoutLine: {'line': b"writing manifest file 'yolo_detection.egg-info/SOURCES.txt'\n"}
[2.704925] (-) TimerEvent: {}
[2.721711] (yolo_detection) StdoutLine: {'line': b'running build_ext\n'}
[2.721984] (yolo_detection) StdoutLine: {'line': b'Creating /root/ros2_ws/install/yolo_detection/lib/python3.12/site-packages/yolo-detection.egg-link (link to .)\n'}
[2.722495] (yolo_detection) StdoutLine: {'line': b'Installing visualizer_node script to /root/ros2_ws/install/yolo_detection/lib/yolo_detection\n'}
[2.722984] (yolo_detection) StdoutLine: {'line': b'Installing yolo_node script to /root/ros2_ws/install/yolo_detection/lib/yolo_detection\n'}
[2.723281] (yolo_detection) StdoutLine: {'line': b'\n'}
[2.723457] (yolo_detection) StdoutLine: {'line': b'Installed /root/ros2_ws/build/yolo_detection\n'}
[2.723602] (yolo_detection) StdoutLine: {'line': b'running symlink_data\n'}
[2.759633] (yolo_detection) CommandEnded: {'returncode': 0}
[2.775230] (yolo_detection) JobEnded: {'identifier': 'yolo_detection', 'rc': 0}
[2.776260] (-) EventReactorShutdown: {}
