-- The C compiler identification is GNU 13.3.0
-- The CXX compiler identification is GNU 13.3.0
-- Detecting C compiler ABI info
-- Detecting C compiler ABI info - done
-- Check for working C compiler: /usr/bin/cc - skipped
-- Detecting C compile features
-- Detecting C compile features - done
-- Detecting CXX compiler ABI info
-- Detecting CXX compiler ABI info - done
-- Check for working CXX compiler: /usr/bin/c++ - skipped
-- Detecting CXX compile features
-- Detecting CXX compile features - done
-- Found ament_cmake: 2.5.6 (/opt/ros/jazzy/share/ament_cmake/cmake)
-- Found Python3: /usr/bin/python3 (found version "3.12.3") found components: Interpreter 
-- Override CMake install command with custom implementation using symlinks instead of copying resources
-- Found rosidl_default_generators: 1.6.0 (/opt/ros/jazzy/share/rosidl_default_generators/cmake)
-- Using all available rosidl_typesupport_c: rosidl_typesupport_fastrtps_c;rosidl_typesupport_introspection_c
-- Using all available rosidl_typesupport_cpp: rosidl_typesupport_fastrtps_cpp;rosidl_typesupport_introspection_cpp
-- Found rosidl_adapter: 4.6.7 (/opt/ros/jazzy/share/rosidl_adapter/cmake)
-- Found std_msgs: 5.3.7 (/opt/ros/jazzy/share/std_msgs/cmake)
-- Found ament_cmake_ros: 0.12.0 (/opt/ros/jazzy/share/ament_cmake_ros/cmake)
-- Using all available rosidl_typesupport_c: rosidl_typesupport_fastrtps_c;rosidl_typesupport_introspection_c
-- Using all available rosidl_typesupport_cpp: rosidl_typesupport_fastrtps_cpp;rosidl_typesupport_introspection_cpp
-- Found python_cmake_module: 0.11.1 (/opt/ros/jazzy/share/python_cmake_module/cmake)
-- Found PythonExtra: /usr/bin/python3  
-- Found Python3: /usr/bin/python3 (found version "3.12.3") found components: Interpreter Development NumPy Development.Module Development.Embed 
-- Found Python3: /usr/bin/python3 (found version "3.12.3") found components: Interpreter 
-- Configuring done (2.4s)
-- Generating done (0.0s)
-- Build files have been written to: /root/ros2_ws/build/detection_msgs
[  4%] Generating type hashes for ROS interfaces
[  4%] Generating Rust code for ROS interfaces
[  4%] Built target ament_cmake_python_symlink_detection_msgs
running egg_info
creating detection_msgs.egg-info
[  4%] Built target detection_msgs__rs
[  4%] Built target detection_msgs__rosidl_generator_type_description
[  6%] Generating C code for ROS interfaces
writing detection_msgs.egg-info/PKG-INFO
writing dependency_links to detection_msgs.egg-info/dependency_links.txt
writing top-level names to detection_msgs.egg-info/top_level.txt
writing manifest file 'detection_msgs.egg-info/SOURCES.txt'
[  8%] Generating C++ code for ROS interfaces
reading manifest file 'detection_msgs.egg-info/SOURCES.txt'
writing manifest file 'detection_msgs.egg-info/SOURCES.txt'
[  8%] Built target ament_cmake_python_build_detection_msgs_egg
[  8%] Built target detection_msgs__cpp
[ 11%] Building C object CMakeFiles/detection_msgs__rosidl_generator_c.dir/rosidl_generator_c/detection_msgs/msg/detail/detection2_d_array__functions.c.o
[ 15%] Building C object CMakeFiles/detection_msgs__rosidl_generator_c.dir/rosidl_generator_c/detection_msgs/msg/detail/detection2_d_array__description.c.o
[ 15%] Building C object CMakeFiles/detection_msgs__rosidl_generator_c.dir/rosidl_generator_c/detection_msgs/msg/detail/detection2_d_array__type_support.c.o
[ 17%] Building C object CMakeFiles/detection_msgs__rosidl_generator_c.dir/rosidl_generator_c/detection_msgs/msg/detail/detection2_d__functions.c.o
[ 20%] Building C object CMakeFiles/detection_msgs__rosidl_generator_c.dir/rosidl_generator_c/detection_msgs/msg/detail/detection2_d__description.c.o
[ 22%] Building C object CMakeFiles/detection_msgs__rosidl_generator_c.dir/rosidl_generator_c/detection_msgs/msg/detail/detection2_d__type_support.c.o
[ 24%] Linking C shared library libdetection_msgs__rosidl_generator_c.so
[ 24%] Built target detection_msgs__rosidl_generator_c
[ 26%] Generating C type support for eProsima Fast-RTPS
[ 28%] Generating C type support dispatch for ROS interfaces
[ 31%] Generating C++ type support for eProsima Fast-RTPS
[ 35%] Generating C++ introspection for ROS interfaces
[ 35%] Generating C++ type support dispatch for ROS interfaces
[ 37%] Generating C introspection for ROS interfaces
[ 42%] Building CXX object CMakeFiles/detection_msgs__rosidl_typesupport_c.dir/rosidl_typesupport_c/detection_msgs/msg/detection2_d_array__type_support.cpp.o
[ 42%] Building CXX object CMakeFiles/detection_msgs__rosidl_typesupport_c.dir/rosidl_typesupport_c/detection_msgs/msg/detection2_d__type_support.cpp.o
[ 46%] Building CXX object CMakeFiles/detection_msgs__rosidl_typesupport_cpp.dir/rosidl_typesupport_cpp/detection_msgs/msg/detection2_d_array__type_support.cpp.o
[ 46%] Building CXX object CMakeFiles/detection_msgs__rosidl_typesupport_cpp.dir/rosidl_typesupport_cpp/detection_msgs/msg/detection2_d__type_support.cpp.o
[ 48%] Building CXX object CMakeFiles/detection_msgs__rosidl_typesupport_introspection_cpp.dir/rosidl_typesupport_introspection_cpp/detection_msgs/msg/detail/detection2_d__type_support.cpp.o
[ 51%] Building CXX object CMakeFiles/detection_msgs__rosidl_typesupport_introspection_cpp.dir/rosidl_typesupport_introspection_cpp/detection_msgs/msg/detail/detection2_d_array__type_support.cpp.o
[ 53%] Building C object CMakeFiles/detection_msgs__rosidl_typesupport_introspection_c.dir/rosidl_typesupport_introspection_c/detection_msgs/msg/detail/detection2_d_array__type_support.c.o
[ 55%] Building C object CMakeFiles/detection_msgs__rosidl_typesupport_introspection_c.dir/rosidl_typesupport_introspection_c/detection_msgs/msg/detail/detection2_d__type_support.c.o
[ 57%] Linking CXX shared library libdetection_msgs__rosidl_typesupport_c.so
[ 60%] Building CXX object CMakeFiles/detection_msgs__rosidl_typesupport_fastrtps_cpp.dir/rosidl_typesupport_fastrtps_cpp/detection_msgs/msg/detail/dds_fastrtps/detection2_d_array__type_support.cpp.o
[ 62%] Building CXX object CMakeFiles/detection_msgs__rosidl_typesupport_fastrtps_cpp.dir/rosidl_typesupport_fastrtps_cpp/detection_msgs/msg/detail/dds_fastrtps/detection2_d__type_support.cpp.o
[ 64%] Linking C shared library libdetection_msgs__rosidl_typesupport_introspection_c.so
[ 64%] Built target detection_msgs__rosidl_typesupport_c
[ 64%] Built target detection_msgs__rosidl_typesupport_introspection_c
[ 66%] Building CXX object CMakeFiles/detection_msgs__rosidl_typesupport_fastrtps_c.dir/rosidl_typesupport_fastrtps_c/detection_msgs/msg/detail/detection2_d_array__type_support_c.cpp.o
[ 68%] Building CXX object CMakeFiles/detection_msgs__rosidl_typesupport_fastrtps_c.dir/rosidl_typesupport_fastrtps_c/detection_msgs/msg/detail/detection2_d__type_support_c.cpp.o
[ 71%] Linking CXX shared library libdetection_msgs__rosidl_typesupport_introspection_cpp.so
[ 71%] Built target detection_msgs__rosidl_typesupport_introspection_cpp
[ 73%] Linking CXX shared library libdetection_msgs__rosidl_typesupport_cpp.so
[ 73%] Built target detection_msgs__rosidl_typesupport_cpp
[ 75%] Linking CXX shared library libdetection_msgs__rosidl_typesupport_fastrtps_c.so
[ 77%] Linking CXX shared library libdetection_msgs__rosidl_typesupport_fastrtps_cpp.so
[ 77%] Built target detection_msgs__rosidl_typesupport_fastrtps_c
[ 77%] Built target detection_msgs__rosidl_typesupport_fastrtps_cpp
[ 77%] Built target detection_msgs
[ 80%] Generating Python code for ROS interfaces
[ 80%] Built target detection_msgs__py
[ 82%] Building C object CMakeFiles/detection_msgs__rosidl_generator_py.dir/rosidl_generator_py/detection_msgs/msg/_detection2_d_s.c.o
[ 84%] Building C object CMakeFiles/detection_msgs__rosidl_generator_py.dir/rosidl_generator_py/detection_msgs/msg/_detection2_d_array_s.c.o
[ 86%] Linking C shared library libdetection_msgs__rosidl_generator_py.so
[ 86%] Built target detection_msgs__rosidl_generator_py
[ 88%] Building C object CMakeFiles/detection_msgs_s__rosidl_typesupport_introspection_c.dir/rosidl_generator_py/detection_msgs/_detection_msgs_s.ep.rosidl_typesupport_introspection_c.c.o
[ 93%] Building C object CMakeFiles/detection_msgs_s__rosidl_typesupport_c.dir/rosidl_generator_py/detection_msgs/_detection_msgs_s.ep.rosidl_typesupport_c.c.o
[ 93%] Building C object CMakeFiles/detection_msgs_s__rosidl_typesupport_fastrtps_c.dir/rosidl_generator_py/detection_msgs/_detection_msgs_s.ep.rosidl_typesupport_fastrtps_c.c.o
[ 95%] Linking C shared module rosidl_generator_py/detection_msgs/detection_msgs_s__rosidl_typesupport_introspection_c.so
[100%] Linking C shared module rosidl_generator_py/detection_msgs/detection_msgs_s__rosidl_typesupport_fastrtps_c.so
[100%] Linking C shared module rosidl_generator_py/detection_msgs/detection_msgs_s__rosidl_typesupport_c.so
[100%] Built target detection_msgs_s__rosidl_typesupport_introspection_c
[100%] Built target detection_msgs_s__rosidl_typesupport_c
[100%] Built target detection_msgs_s__rosidl_typesupport_fastrtps_c
-- Install configuration: ""
-- Execute custom install script
-- Symlinking: /root/ros2_ws/install/detection_msgs/share/ament_index/resource_index/rosidl_interfaces/detection_msgs
-- Symlinking: /root/ros2_ws/install/detection_msgs/share/detection_msgs/msg/Detection2D.json
-- Symlinking: /root/ros2_ws/install/detection_msgs/share/detection_msgs/msg/Detection2DArray.json
-- Symlinking: /root/ros2_ws/install/detection_msgs/include/detection_msgs/detection_msgs/msg/detail/detection2_d__functions.h
-- Symlinking: /root/ros2_ws/install/detection_msgs/include/detection_msgs/detection_msgs/msg/detail/detection2_d__struct.h
-- Symlinking: /root/ros2_ws/install/detection_msgs/include/detection_msgs/detection_msgs/msg/detail/detection2_d__type_support.h
-- Symlinking: /root/ros2_ws/install/detection_msgs/include/detection_msgs/detection_msgs/msg/detail/detection2_d_array__functions.h
-- Symlinking: /root/ros2_ws/install/detection_msgs/include/detection_msgs/detection_msgs/msg/detail/detection2_d_array__struct.h
-- Symlinking: /root/ros2_ws/install/detection_msgs/include/detection_msgs/detection_msgs/msg/detail/detection2_d_array__type_support.h
-- Symlinking: /root/ros2_ws/install/detection_msgs/include/detection_msgs/detection_msgs/msg/detection2_d.h
-- Symlinking: /root/ros2_ws/install/detection_msgs/include/detection_msgs/detection_msgs/msg/detection2_d_array.h
-- Symlinking: /root/ros2_ws/install/detection_msgs/include/detection_msgs/detection_msgs/msg/rosidl_generator_c__visibility_control.h
-- Symlinking: /root/ros2_ws/install/detection_msgs/share/detection_msgs/environment/library_path.sh
-- Symlinking: /root/ros2_ws/install/detection_msgs/share/detection_msgs/environment/library_path.dsv
-- Symlinking: /root/ros2_ws/install/detection_msgs/include/detection_msgs/detection_msgs/msg/detail/detection2_d__rosidl_typesupport_fastrtps_c.h
-- Symlinking: /root/ros2_ws/install/detection_msgs/include/detection_msgs/detection_msgs/msg/detail/detection2_d_array__rosidl_typesupport_fastrtps_c.h
-- Symlinking: /root/ros2_ws/install/detection_msgs/include/detection_msgs/detection_msgs/msg/rosidl_typesupport_fastrtps_c__visibility_control.h
-- Symlinking: /root/ros2_ws/install/detection_msgs/include/detection_msgs/detection_msgs/msg/detail/detection2_d__rosidl_typesupport_introspection_c.h
-- Symlinking: /root/ros2_ws/install/detection_msgs/include/detection_msgs/detection_msgs/msg/detail/detection2_d_array__rosidl_typesupport_introspection_c.h
-- Symlinking: /root/ros2_ws/install/detection_msgs/include/detection_msgs/detection_msgs/msg/rosidl_typesupport_introspection_c__visibility_control.h
-- Symlinking: /root/ros2_ws/install/detection_msgs/include/detection_msgs/detection_msgs/msg/detail/detection2_d__builder.hpp
-- Symlinking: /root/ros2_ws/install/detection_msgs/include/detection_msgs/detection_msgs/msg/detail/detection2_d__struct.hpp
-- Symlinking: /root/ros2_ws/install/detection_msgs/include/detection_msgs/detection_msgs/msg/detail/detection2_d__traits.hpp
-- Symlinking: /root/ros2_ws/install/detection_msgs/include/detection_msgs/detection_msgs/msg/detail/detection2_d__type_support.hpp
-- Symlinking: /root/ros2_ws/install/detection_msgs/include/detection_msgs/detection_msgs/msg/detail/detection2_d_array__builder.hpp
-- Symlinking: /root/ros2_ws/install/detection_msgs/include/detection_msgs/detection_msgs/msg/detail/detection2_d_array__struct.hpp
-- Symlinking: /root/ros2_ws/install/detection_msgs/include/detection_msgs/detection_msgs/msg/detail/detection2_d_array__traits.hpp
-- Symlinking: /root/ros2_ws/install/detection_msgs/include/detection_msgs/detection_msgs/msg/detail/detection2_d_array__type_support.hpp
-- Symlinking: /root/ros2_ws/install/detection_msgs/include/detection_msgs/detection_msgs/msg/detection2_d.hpp
-- Symlinking: /root/ros2_ws/install/detection_msgs/include/detection_msgs/detection_msgs/msg/detection2_d_array.hpp
-- Symlinking: /root/ros2_ws/install/detection_msgs/include/detection_msgs/detection_msgs/msg/rosidl_generator_cpp__visibility_control.hpp
-- Symlinking: /root/ros2_ws/install/detection_msgs/include/detection_msgs/detection_msgs/msg/detail/detection2_d__rosidl_typesupport_fastrtps_cpp.hpp
-- Symlinking: /root/ros2_ws/install/detection_msgs/include/detection_msgs/detection_msgs/msg/detail/detection2_d_array__rosidl_typesupport_fastrtps_cpp.hpp
-- Symlinking: /root/ros2_ws/install/detection_msgs/include/detection_msgs/detection_msgs/msg/rosidl_typesupport_fastrtps_cpp__visibility_control.h
-- Symlinking: /root/ros2_ws/install/detection_msgs/include/detection_msgs/detection_msgs/msg/detail/detection2_d__rosidl_typesupport_introspection_cpp.hpp
-- Symlinking: /root/ros2_ws/install/detection_msgs/include/detection_msgs/detection_msgs/msg/detail/detection2_d_array__rosidl_typesupport_introspection_cpp.hpp
-- Symlinking: /root/ros2_ws/install/detection_msgs/share/detection_msgs/environment/pythonpath.sh
-- Symlinking: /root/ros2_ws/install/detection_msgs/share/detection_msgs/environment/pythonpath.dsv
-- Symlinking: /root/ros2_ws/install/detection_msgs/lib/python3.12/site-packages/detection_msgs-0.0.1-py3.12.egg-info/PKG-INFO
-- Symlinking: /root/ros2_ws/install/detection_msgs/lib/python3.12/site-packages/detection_msgs-0.0.1-py3.12.egg-info/SOURCES.txt
-- Symlinking: /root/ros2_ws/install/detection_msgs/lib/python3.12/site-packages/detection_msgs-0.0.1-py3.12.egg-info/dependency_links.txt
-- Symlinking: /root/ros2_ws/install/detection_msgs/lib/python3.12/site-packages/detection_msgs-0.0.1-py3.12.egg-info/top_level.txt
-- Symlinking: /root/ros2_ws/install/detection_msgs/lib/python3.12/site-packages/detection_msgs/__init__.py
-- Symlinking: /root/ros2_ws/install/detection_msgs/lib/python3.12/site-packages/detection_msgs/_detection_msgs_s.ep.rosidl_typesupport_c.c
-- Symlinking: /root/ros2_ws/install/detection_msgs/lib/python3.12/site-packages/detection_msgs/_detection_msgs_s.ep.rosidl_typesupport_fastrtps_c.c
-- Symlinking: /root/ros2_ws/install/detection_msgs/lib/python3.12/site-packages/detection_msgs/_detection_msgs_s.ep.rosidl_typesupport_introspection_c.c
-- Symlinking: /root/ros2_ws/install/detection_msgs/lib/python3.12/site-packages/detection_msgs/detection_msgs_s__rosidl_typesupport_c.so
-- Symlinking: /root/ros2_ws/install/detection_msgs/lib/python3.12/site-packages/detection_msgs/detection_msgs_s__rosidl_typesupport_fastrtps_c.so
-- Symlinking: /root/ros2_ws/install/detection_msgs/lib/python3.12/site-packages/detection_msgs/detection_msgs_s__rosidl_typesupport_introspection_c.so
-- Symlinking: /root/ros2_ws/install/detection_msgs/lib/python3.12/site-packages/detection_msgs/msg/__init__.py
-- Symlinking: /root/ros2_ws/install/detection_msgs/lib/python3.12/site-packages/detection_msgs/msg/_detection2_d.py
-- Symlinking: /root/ros2_ws/install/detection_msgs/lib/python3.12/site-packages/detection_msgs/msg/_detection2_d_array.py
-- Symlinking: /root/ros2_ws/install/detection_msgs/lib/python3.12/site-packages/detection_msgs/msg/_detection2_d_array_s.c
-- Symlinking: /root/ros2_ws/install/detection_msgs/lib/python3.12/site-packages/detection_msgs/msg/_detection2_d_s.c
-- Up-to-date symlink: /root/ros2_ws/install/detection_msgs/lib/python3.12/site-packages/detection_msgs/detection_msgs_s__rosidl_typesupport_fastrtps_c.so
-- Up-to-date symlink: /root/ros2_ws/install/detection_msgs/lib/python3.12/site-packages/detection_msgs/detection_msgs_s__rosidl_typesupport_introspection_c.so
-- Up-to-date symlink: /root/ros2_ws/install/detection_msgs/lib/python3.12/site-packages/detection_msgs/detection_msgs_s__rosidl_typesupport_c.so
-- Symlinking: /root/ros2_ws/install/detection_msgs/share/ament_index/resource_index/rust_packages/detection_msgs
-- Symlinking: /root/ros2_ws/install/detection_msgs/share/detection_msgs/rust/Cargo.toml
-- Symlinking: /root/ros2_ws/install/detection_msgs/share/detection_msgs/rust/build.rs
-- Symlinking: /root/ros2_ws/install/detection_msgs/share/detection_msgs/rust/src/lib.rs
-- Symlinking: /root/ros2_ws/install/detection_msgs/share/detection_msgs/rust/src/msg.rs
-- Symlinking: /root/ros2_ws/install/detection_msgs/share/detection_msgs/rust/src/msg/rmw.rs
-- Symlinking: /root/ros2_ws/install/detection_msgs/share/detection_msgs/msg/Detection2D.idl
-- Symlinking: /root/ros2_ws/install/detection_msgs/share/detection_msgs/msg/Detection2DArray.idl
-- Symlinking: /root/ros2_ws/install/detection_msgs/share/detection_msgs/msg/Detection2D.msg
-- Symlinking: /root/ros2_ws/install/detection_msgs/share/detection_msgs/msg/Detection2DArray.msg
-- Symlinking: /root/ros2_ws/install/detection_msgs/share/ament_index/resource_index/package_run_dependencies/detection_msgs
-- Symlinking: /root/ros2_ws/install/detection_msgs/share/ament_index/resource_index/parent_prefix_path/detection_msgs
-- Symlinking: /root/ros2_ws/install/detection_msgs/share/detection_msgs/environment/ament_prefix_path.sh
-- Symlinking: /root/ros2_ws/install/detection_msgs/share/detection_msgs/environment/ament_prefix_path.dsv
-- Symlinking: /root/ros2_ws/install/detection_msgs/share/detection_msgs/environment/path.sh
-- Symlinking: /root/ros2_ws/install/detection_msgs/share/detection_msgs/environment/path.dsv
-- Symlinking: /root/ros2_ws/install/detection_msgs/share/detection_msgs/local_setup.bash
-- Symlinking: /root/ros2_ws/install/detection_msgs/share/detection_msgs/local_setup.sh
-- Symlinking: /root/ros2_ws/install/detection_msgs/share/detection_msgs/local_setup.zsh
-- Symlinking: /root/ros2_ws/install/detection_msgs/share/detection_msgs/local_setup.dsv
-- Symlinking: /root/ros2_ws/install/detection_msgs/share/detection_msgs/package.dsv
-- Symlinking: /root/ros2_ws/install/detection_msgs/share/ament_index/resource_index/packages/detection_msgs
-- Symlinking: /root/ros2_ws/install/detection_msgs/share/detection_msgs/cmake/rosidl_cmake-extras.cmake
-- Symlinking: /root/ros2_ws/install/detection_msgs/share/detection_msgs/cmake/ament_cmake_export_dependencies-extras.cmake
-- Symlinking: /root/ros2_ws/install/detection_msgs/share/detection_msgs/cmake/ament_cmake_export_include_directories-extras.cmake
-- Symlinking: /root/ros2_ws/install/detection_msgs/share/detection_msgs/cmake/ament_cmake_export_libraries-extras.cmake
-- Symlinking: /root/ros2_ws/install/detection_msgs/share/detection_msgs/cmake/ament_cmake_export_targets-extras.cmake
-- Symlinking: /root/ros2_ws/install/detection_msgs/share/detection_msgs/cmake/rosidl_cmake_export_typesupport_targets-extras.cmake
-- Symlinking: /root/ros2_ws/install/detection_msgs/share/detection_msgs/cmake/rosidl_cmake_export_typesupport_libraries-extras.cmake
-- Symlinking: /root/ros2_ws/install/detection_msgs/share/detection_msgs/cmake/detection_msgsConfig.cmake
-- Symlinking: /root/ros2_ws/install/detection_msgs/share/detection_msgs/cmake/detection_msgsConfig-version.cmake
-- Symlinking: /root/ros2_ws/install/detection_msgs/share/detection_msgs/package.xml
-- Installing: /root/ros2_ws/install/detection_msgs/lib/libdetection_msgs__rosidl_generator_c.so
-- Set non-toolchain portion of runtime path of "/root/ros2_ws/install/detection_msgs/lib/libdetection_msgs__rosidl_generator_c.so" to ""
-- Installing: /root/ros2_ws/install/detection_msgs/lib/libdetection_msgs__rosidl_typesupport_fastrtps_c.so
-- Set non-toolchain portion of runtime path of "/root/ros2_ws/install/detection_msgs/lib/libdetection_msgs__rosidl_typesupport_fastrtps_c.so" to ""
-- Installing: /root/ros2_ws/install/detection_msgs/lib/libdetection_msgs__rosidl_typesupport_introspection_c.so
-- Set non-toolchain portion of runtime path of "/root/ros2_ws/install/detection_msgs/lib/libdetection_msgs__rosidl_typesupport_introspection_c.so" to ""
-- Installing: /root/ros2_ws/install/detection_msgs/lib/libdetection_msgs__rosidl_typesupport_c.so
-- Set non-toolchain portion of runtime path of "/root/ros2_ws/install/detection_msgs/lib/libdetection_msgs__rosidl_typesupport_c.so" to ""
-- Installing: /root/ros2_ws/install/detection_msgs/lib/libdetection_msgs__rosidl_typesupport_fastrtps_cpp.so
-- Set non-toolchain portion of runtime path of "/root/ros2_ws/install/detection_msgs/lib/libdetection_msgs__rosidl_typesupport_fastrtps_cpp.so" to ""
-- Installing: /root/ros2_ws/install/detection_msgs/lib/libdetection_msgs__rosidl_typesupport_introspection_cpp.so
-- Set non-toolchain portion of runtime path of "/root/ros2_ws/install/detection_msgs/lib/libdetection_msgs__rosidl_typesupport_introspection_cpp.so" to ""
-- Installing: /root/ros2_ws/install/detection_msgs/lib/libdetection_msgs__rosidl_typesupport_cpp.so
-- Set non-toolchain portion of runtime path of "/root/ros2_ws/install/detection_msgs/lib/libdetection_msgs__rosidl_typesupport_cpp.so" to ""
Listing '/root/ros2_ws/install/detection_msgs/lib/python3.12/site-packages/detection_msgs'...
Compiling '/root/ros2_ws/install/detection_msgs/lib/python3.12/site-packages/detection_msgs/__init__.py'...
Listing '/root/ros2_ws/install/detection_msgs/lib/python3.12/site-packages/detection_msgs/msg'...
Compiling '/root/ros2_ws/install/detection_msgs/lib/python3.12/site-packages/detection_msgs/msg/__init__.py'...
Compiling '/root/ros2_ws/install/detection_msgs/lib/python3.12/site-packages/detection_msgs/msg/_detection2_d.py'...
Compiling '/root/ros2_ws/install/detection_msgs/lib/python3.12/site-packages/detection_msgs/msg/_detection2_d_array.py'...
-- Installing: /root/ros2_ws/install/detection_msgs/lib/libdetection_msgs__rosidl_generator_py.so
-- Set non-toolchain portion of runtime path of "/root/ros2_ws/install/detection_msgs/lib/libdetection_msgs__rosidl_generator_py.so" to ""
-- Installing: /root/ros2_ws/install/detection_msgs/share/detection_msgs/cmake/export_detection_msgs__rosidl_generator_cExport.cmake
-- Installing: /root/ros2_ws/install/detection_msgs/share/detection_msgs/cmake/export_detection_msgs__rosidl_generator_cExport-noconfig.cmake
-- Installing: /root/ros2_ws/install/detection_msgs/share/detection_msgs/cmake/export_detection_msgs__rosidl_typesupport_fastrtps_cExport.cmake
-- Installing: /root/ros2_ws/install/detection_msgs/share/detection_msgs/cmake/export_detection_msgs__rosidl_typesupport_fastrtps_cExport-noconfig.cmake
-- Installing: /root/ros2_ws/install/detection_msgs/share/detection_msgs/cmake/detection_msgs__rosidl_typesupport_introspection_cExport.cmake
-- Installing: /root/ros2_ws/install/detection_msgs/share/detection_msgs/cmake/detection_msgs__rosidl_typesupport_introspection_cExport-noconfig.cmake
-- Installing: /root/ros2_ws/install/detection_msgs/share/detection_msgs/cmake/detection_msgs__rosidl_typesupport_cExport.cmake
-- Installing: /root/ros2_ws/install/detection_msgs/share/detection_msgs/cmake/detection_msgs__rosidl_typesupport_cExport-noconfig.cmake
-- Installing: /root/ros2_ws/install/detection_msgs/share/detection_msgs/cmake/export_detection_msgs__rosidl_generator_cppExport.cmake
-- Installing: /root/ros2_ws/install/detection_msgs/share/detection_msgs/cmake/export_detection_msgs__rosidl_typesupport_fastrtps_cppExport.cmake
-- Installing: /root/ros2_ws/install/detection_msgs/share/detection_msgs/cmake/export_detection_msgs__rosidl_typesupport_fastrtps_cppExport-noconfig.cmake
-- Installing: /root/ros2_ws/install/detection_msgs/share/detection_msgs/cmake/detection_msgs__rosidl_typesupport_introspection_cppExport.cmake
-- Installing: /root/ros2_ws/install/detection_msgs/share/detection_msgs/cmake/detection_msgs__rosidl_typesupport_introspection_cppExport-noconfig.cmake
-- Installing: /root/ros2_ws/install/detection_msgs/share/detection_msgs/cmake/detection_msgs__rosidl_typesupport_cppExport.cmake
-- Installing: /root/ros2_ws/install/detection_msgs/share/detection_msgs/cmake/detection_msgs__rosidl_typesupport_cppExport-noconfig.cmake
-- Installing: /root/ros2_ws/install/detection_msgs/share/detection_msgs/cmake/export_detection_msgs__rosidl_generator_pyExport.cmake
-- Installing: /root/ros2_ws/install/detection_msgs/share/detection_msgs/cmake/export_detection_msgs__rosidl_generator_pyExport-noconfig.cmake
