[0.007s] Invoking command in '/root/ros2_ws/build/detection_msgs': CMAKE_PREFIX_PATH=${CMAKE_PREFIX_PATH}:/opt/ros/jazzy /usr/bin/cmake /root/ros2_ws/src/detection_msgs -DAMENT_CMAKE_SYMLINK_INSTALL=1 -DCMAKE_INSTALL_PREFIX=/root/ros2_ws/install/detection_msgs
[0.069s] -- The C compiler identification is GNU 13.3.0
[0.116s] -- The CXX compiler identification is GNU 13.3.0
[0.130s] -- Detecting C compiler ABI info
[0.233s] -- Detecting C compiler ABI info - done
[0.240s] -- Check for working C compiler: /usr/bin/cc - skipped
[0.240s] -- Detecting C compile features
[0.241s] -- Detecting C compile features - done
[0.250s] -- Detecting CXX compiler ABI info
[0.333s] -- Detecting CXX compiler ABI info - done
[0.341s] -- Check for working CXX compiler: /usr/bin/c++ - skipped
[0.341s] -- Detecting CXX compile features
[0.341s] -- Detecting CXX compile features - done
[0.345s] -- Found ament_cmake: 2.5.6 (/opt/ros/jazzy/share/ament_cmake/cmake)
[0.463s] -- Found Python3: /usr/bin/python3 (found version "3.12.3") found components: Interpreter 
[0.516s] -- Override CMake install command with custom implementation using symlinks instead of copying resources
[0.554s] -- Found rosidl_default_generators: 1.6.0 (/opt/ros/jazzy/share/rosidl_default_generators/cmake)
[0.560s] -- Using all available rosidl_typesupport_c: rosidl_typesupport_fastrtps_c;rosidl_typesupport_introspection_c
[0.611s] -- Using all available rosidl_typesupport_cpp: rosidl_typesupport_fastrtps_cpp;rosidl_typesupport_introspection_cpp
[0.653s] -- Found rosidl_adapter: 4.6.7 (/opt/ros/jazzy/share/rosidl_adapter/cmake)
[0.657s] -- Found std_msgs: 5.3.7 (/opt/ros/jazzy/share/std_msgs/cmake)
[1.118s] -- Found ament_cmake_ros: 0.12.0 (/opt/ros/jazzy/share/ament_cmake_ros/cmake)
[1.482s] -- Using all available rosidl_typesupport_c: rosidl_typesupport_fastrtps_c;rosidl_typesupport_introspection_c
[1.949s] -- Using all available rosidl_typesupport_cpp: rosidl_typesupport_fastrtps_cpp;rosidl_typesupport_introspection_cpp
[1.953s] -- Found python_cmake_module: 0.11.1 (/opt/ros/jazzy/share/python_cmake_module/cmake)
[2.060s] -- Found PythonExtra: /usr/bin/python3  
[2.373s] -- Found Python3: /usr/bin/python3 (found version "3.12.3") found components: Interpreter Development NumPy Development.Module Development.Embed 
[2.435s] -- Found Python3: /usr/bin/python3 (found version "3.12.3") found components: Interpreter 
[2.442s] -- Configuring done (2.4s)
[2.464s] -- Generating done (0.0s)
[2.471s] -- Build files have been written to: /root/ros2_ws/build/detection_msgs
[2.476s] Invoked command in '/root/ros2_ws/build/detection_msgs' returned '0': CMAKE_PREFIX_PATH=${CMAKE_PREFIX_PATH}:/opt/ros/jazzy /usr/bin/cmake /root/ros2_ws/src/detection_msgs -DAMENT_CMAKE_SYMLINK_INSTALL=1 -DCMAKE_INSTALL_PREFIX=/root/ros2_ws/install/detection_msgs
[2.476s] Invoking command in '/root/ros2_ws/build/detection_msgs': CMAKE_PREFIX_PATH=${CMAKE_PREFIX_PATH}:/opt/ros/jazzy /usr/bin/cmake --build /root/ros2_ws/build/detection_msgs -- -j20 -l20
[2.525s] [  4%] Generating type hashes for ROS interfaces
[2.525s] [  4%] Generating Rust code for ROS interfaces
[2.533s] [  4%] Built target ament_cmake_python_symlink_detection_msgs
[2.670s] running egg_info
[2.671s] creating detection_msgs.egg-info
[2.716s] [  4%] Built target detection_msgs__rs
[2.717s] [  4%] Built target detection_msgs__rosidl_generator_type_description
[2.728s] [  6%] Generating C code for ROS interfaces
[2.728s] writing detection_msgs.egg-info/PKG-INFO
[2.728s] writing dependency_links to detection_msgs.egg-info/dependency_links.txt
[2.728s] writing top-level names to detection_msgs.egg-info/top_level.txt
[2.728s] writing manifest file 'detection_msgs.egg-info/SOURCES.txt'
[2.734s] [  8%] Generating C++ code for ROS interfaces
[2.761s] reading manifest file 'detection_msgs.egg-info/SOURCES.txt'
[2.761s] writing manifest file 'detection_msgs.egg-info/SOURCES.txt'
[2.784s] [  8%] Built target ament_cmake_python_build_detection_msgs_egg
[2.939s] [  8%] Built target detection_msgs__cpp
[2.957s] [ 11%] Building C object CMakeFiles/detection_msgs__rosidl_generator_c.dir/rosidl_generator_c/detection_msgs/msg/detail/detection2_d_array__functions.c.o
[2.957s] [ 15%] Building C object CMakeFiles/detection_msgs__rosidl_generator_c.dir/rosidl_generator_c/detection_msgs/msg/detail/detection2_d_array__description.c.o
[2.957s] [ 15%] Building C object CMakeFiles/detection_msgs__rosidl_generator_c.dir/rosidl_generator_c/detection_msgs/msg/detail/detection2_d_array__type_support.c.o
[2.959s] [ 17%] Building C object CMakeFiles/detection_msgs__rosidl_generator_c.dir/rosidl_generator_c/detection_msgs/msg/detail/detection2_d__functions.c.o
[2.959s] [ 20%] Building C object CMakeFiles/detection_msgs__rosidl_generator_c.dir/rosidl_generator_c/detection_msgs/msg/detail/detection2_d__description.c.o
[2.960s] [ 22%] Building C object CMakeFiles/detection_msgs__rosidl_generator_c.dir/rosidl_generator_c/detection_msgs/msg/detail/detection2_d__type_support.c.o
[3.003s] [ 24%] Linking C shared library libdetection_msgs__rosidl_generator_c.so
[3.035s] [ 24%] Built target detection_msgs__rosidl_generator_c
[3.045s] [ 26%] Generating C type support for eProsima Fast-RTPS
[3.045s] [ 28%] Generating C type support dispatch for ROS interfaces
[3.049s] [ 31%] Generating C++ type support for eProsima Fast-RTPS
[3.049s] [ 35%] Generating C++ introspection for ROS interfaces
[3.049s] [ 35%] Generating C++ type support dispatch for ROS interfaces
[3.049s] [ 37%] Generating C introspection for ROS interfaces
[3.242s] [ 42%] Building CXX object CMakeFiles/detection_msgs__rosidl_typesupport_c.dir/rosidl_typesupport_c/detection_msgs/msg/detection2_d_array__type_support.cpp.o
[3.242s] [ 42%] Building CXX object CMakeFiles/detection_msgs__rosidl_typesupport_c.dir/rosidl_typesupport_c/detection_msgs/msg/detection2_d__type_support.cpp.o
[3.246s] [ 46%] Building CXX object CMakeFiles/detection_msgs__rosidl_typesupport_cpp.dir/rosidl_typesupport_cpp/detection_msgs/msg/detection2_d_array__type_support.cpp.o
[3.246s] [ 46%] Building CXX object CMakeFiles/detection_msgs__rosidl_typesupport_cpp.dir/rosidl_typesupport_cpp/detection_msgs/msg/detection2_d__type_support.cpp.o
[3.252s] [ 48%] Building CXX object CMakeFiles/detection_msgs__rosidl_typesupport_introspection_cpp.dir/rosidl_typesupport_introspection_cpp/detection_msgs/msg/detail/detection2_d__type_support.cpp.o
[3.253s] [ 51%] Building CXX object CMakeFiles/detection_msgs__rosidl_typesupport_introspection_cpp.dir/rosidl_typesupport_introspection_cpp/detection_msgs/msg/detail/detection2_d_array__type_support.cpp.o
[3.260s] [ 53%] Building C object CMakeFiles/detection_msgs__rosidl_typesupport_introspection_c.dir/rosidl_typesupport_introspection_c/detection_msgs/msg/detail/detection2_d_array__type_support.c.o
[3.262s] [ 55%] Building C object CMakeFiles/detection_msgs__rosidl_typesupport_introspection_c.dir/rosidl_typesupport_introspection_c/detection_msgs/msg/detail/detection2_d__type_support.c.o
[3.274s] [ 57%] Linking CXX shared library libdetection_msgs__rosidl_typesupport_c.so
[3.283s] [ 60%] Building CXX object CMakeFiles/detection_msgs__rosidl_typesupport_fastrtps_cpp.dir/rosidl_typesupport_fastrtps_cpp/detection_msgs/msg/detail/dds_fastrtps/detection2_d_array__type_support.cpp.o
[3.283s] [ 62%] Building CXX object CMakeFiles/detection_msgs__rosidl_typesupport_fastrtps_cpp.dir/rosidl_typesupport_fastrtps_cpp/detection_msgs/msg/detail/dds_fastrtps/detection2_d__type_support.cpp.o
[3.288s] [ 64%] Linking C shared library libdetection_msgs__rosidl_typesupport_introspection_c.so
[3.309s] [ 64%] Built target detection_msgs__rosidl_typesupport_c
[3.316s] [ 64%] Built target detection_msgs__rosidl_typesupport_introspection_c
[3.334s] [ 66%] Building CXX object CMakeFiles/detection_msgs__rosidl_typesupport_fastrtps_c.dir/rosidl_typesupport_fastrtps_c/detection_msgs/msg/detail/detection2_d_array__type_support_c.cpp.o
[3.334s] [ 68%] Building CXX object CMakeFiles/detection_msgs__rosidl_typesupport_fastrtps_c.dir/rosidl_typesupport_fastrtps_c/detection_msgs/msg/detail/detection2_d__type_support_c.cpp.o
[3.471s] [ 71%] Linking CXX shared library libdetection_msgs__rosidl_typesupport_introspection_cpp.so
[3.530s] [ 71%] Built target detection_msgs__rosidl_typesupport_introspection_cpp
[3.550s] [ 73%] Linking CXX shared library libdetection_msgs__rosidl_typesupport_cpp.so
[3.586s] [ 73%] Built target detection_msgs__rosidl_typesupport_cpp
[3.624s] [ 75%] Linking CXX shared library libdetection_msgs__rosidl_typesupport_fastrtps_c.so
[3.660s] [ 77%] Linking CXX shared library libdetection_msgs__rosidl_typesupport_fastrtps_cpp.so
[3.679s] [ 77%] Built target detection_msgs__rosidl_typesupport_fastrtps_c
[3.708s] [ 77%] Built target detection_msgs__rosidl_typesupport_fastrtps_cpp
[3.726s] [ 77%] Built target detection_msgs
[3.748s] [ 80%] Generating Python code for ROS interfaces
[4.031s] [ 80%] Built target detection_msgs__py
[4.051s] [ 82%] Building C object CMakeFiles/detection_msgs__rosidl_generator_py.dir/rosidl_generator_py/detection_msgs/msg/_detection2_d_s.c.o
[4.051s] [ 84%] Building C object CMakeFiles/detection_msgs__rosidl_generator_py.dir/rosidl_generator_py/detection_msgs/msg/_detection2_d_array_s.c.o
[4.137s] [ 86%] Linking C shared library libdetection_msgs__rosidl_generator_py.so
[4.171s] [ 86%] Built target detection_msgs__rosidl_generator_py
[4.192s] [ 88%] Building C object CMakeFiles/detection_msgs_s__rosidl_typesupport_introspection_c.dir/rosidl_generator_py/detection_msgs/_detection_msgs_s.ep.rosidl_typesupport_introspection_c.c.o
[4.193s] [ 93%] Building C object CMakeFiles/detection_msgs_s__rosidl_typesupport_c.dir/rosidl_generator_py/detection_msgs/_detection_msgs_s.ep.rosidl_typesupport_c.c.o
[4.193s] [ 93%] Building C object CMakeFiles/detection_msgs_s__rosidl_typesupport_fastrtps_c.dir/rosidl_generator_py/detection_msgs/_detection_msgs_s.ep.rosidl_typesupport_fastrtps_c.c.o
[4.254s] [ 95%] Linking C shared module rosidl_generator_py/detection_msgs/detection_msgs_s__rosidl_typesupport_introspection_c.so
[4.264s] [100%] Linking C shared module rosidl_generator_py/detection_msgs/detection_msgs_s__rosidl_typesupport_fastrtps_c.so
[4.264s] [100%] Linking C shared module rosidl_generator_py/detection_msgs/detection_msgs_s__rosidl_typesupport_c.so
[4.284s] [100%] Built target detection_msgs_s__rosidl_typesupport_introspection_c
[4.286s] [100%] Built target detection_msgs_s__rosidl_typesupport_c
[4.289s] [100%] Built target detection_msgs_s__rosidl_typesupport_fastrtps_c
[4.297s] Invoked command in '/root/ros2_ws/build/detection_msgs' returned '0': CMAKE_PREFIX_PATH=${CMAKE_PREFIX_PATH}:/opt/ros/jazzy /usr/bin/cmake --build /root/ros2_ws/build/detection_msgs -- -j20 -l20
[4.306s] Invoking command in '/root/ros2_ws/build/detection_msgs': CMAKE_PREFIX_PATH=${CMAKE_PREFIX_PATH}:/opt/ros/jazzy /usr/bin/cmake --install /root/ros2_ws/build/detection_msgs
[4.313s] -- Install configuration: ""
[4.314s] -- Execute custom install script
[4.314s] -- Symlinking: /root/ros2_ws/install/detection_msgs/share/ament_index/resource_index/rosidl_interfaces/detection_msgs
[4.320s] -- Symlinking: /root/ros2_ws/install/detection_msgs/share/detection_msgs/msg/Detection2D.json
[4.327s] -- Symlinking: /root/ros2_ws/install/detection_msgs/share/detection_msgs/msg/Detection2DArray.json
[4.334s] -- Symlinking: /root/ros2_ws/install/detection_msgs/include/detection_msgs/detection_msgs/msg/detail/detection2_d__functions.h
[4.341s] -- Symlinking: /root/ros2_ws/install/detection_msgs/include/detection_msgs/detection_msgs/msg/detail/detection2_d__struct.h
[4.347s] -- Symlinking: /root/ros2_ws/install/detection_msgs/include/detection_msgs/detection_msgs/msg/detail/detection2_d__type_support.h
[4.355s] -- Symlinking: /root/ros2_ws/install/detection_msgs/include/detection_msgs/detection_msgs/msg/detail/detection2_d_array__functions.h
[4.363s] -- Symlinking: /root/ros2_ws/install/detection_msgs/include/detection_msgs/detection_msgs/msg/detail/detection2_d_array__struct.h
[4.370s] -- Symlinking: /root/ros2_ws/install/detection_msgs/include/detection_msgs/detection_msgs/msg/detail/detection2_d_array__type_support.h
[4.377s] -- Symlinking: /root/ros2_ws/install/detection_msgs/include/detection_msgs/detection_msgs/msg/detection2_d.h
[4.387s] -- Symlinking: /root/ros2_ws/install/detection_msgs/include/detection_msgs/detection_msgs/msg/detection2_d_array.h
[4.395s] -- Symlinking: /root/ros2_ws/install/detection_msgs/include/detection_msgs/detection_msgs/msg/rosidl_generator_c__visibility_control.h
[4.404s] -- Symlinking: /root/ros2_ws/install/detection_msgs/share/detection_msgs/environment/library_path.sh
[4.413s] -- Symlinking: /root/ros2_ws/install/detection_msgs/share/detection_msgs/environment/library_path.dsv
[4.421s] -- Symlinking: /root/ros2_ws/install/detection_msgs/include/detection_msgs/detection_msgs/msg/detail/detection2_d__rosidl_typesupport_fastrtps_c.h
[4.431s] -- Symlinking: /root/ros2_ws/install/detection_msgs/include/detection_msgs/detection_msgs/msg/detail/detection2_d_array__rosidl_typesupport_fastrtps_c.h
[4.439s] -- Symlinking: /root/ros2_ws/install/detection_msgs/include/detection_msgs/detection_msgs/msg/rosidl_typesupport_fastrtps_c__visibility_control.h
[4.449s] -- Symlinking: /root/ros2_ws/install/detection_msgs/include/detection_msgs/detection_msgs/msg/detail/detection2_d__rosidl_typesupport_introspection_c.h
[4.456s] -- Symlinking: /root/ros2_ws/install/detection_msgs/include/detection_msgs/detection_msgs/msg/detail/detection2_d_array__rosidl_typesupport_introspection_c.h
[4.464s] -- Symlinking: /root/ros2_ws/install/detection_msgs/include/detection_msgs/detection_msgs/msg/rosidl_typesupport_introspection_c__visibility_control.h
[4.472s] -- Symlinking: /root/ros2_ws/install/detection_msgs/include/detection_msgs/detection_msgs/msg/detail/detection2_d__builder.hpp
[4.478s] -- Symlinking: /root/ros2_ws/install/detection_msgs/include/detection_msgs/detection_msgs/msg/detail/detection2_d__struct.hpp
[4.486s] -- Symlinking: /root/ros2_ws/install/detection_msgs/include/detection_msgs/detection_msgs/msg/detail/detection2_d__traits.hpp
[4.493s] -- Symlinking: /root/ros2_ws/install/detection_msgs/include/detection_msgs/detection_msgs/msg/detail/detection2_d__type_support.hpp
[4.502s] -- Symlinking: /root/ros2_ws/install/detection_msgs/include/detection_msgs/detection_msgs/msg/detail/detection2_d_array__builder.hpp
[4.510s] -- Symlinking: /root/ros2_ws/install/detection_msgs/include/detection_msgs/detection_msgs/msg/detail/detection2_d_array__struct.hpp
[4.519s] -- Symlinking: /root/ros2_ws/install/detection_msgs/include/detection_msgs/detection_msgs/msg/detail/detection2_d_array__traits.hpp
[4.527s] -- Symlinking: /root/ros2_ws/install/detection_msgs/include/detection_msgs/detection_msgs/msg/detail/detection2_d_array__type_support.hpp
[4.534s] -- Symlinking: /root/ros2_ws/install/detection_msgs/include/detection_msgs/detection_msgs/msg/detection2_d.hpp
[4.541s] -- Symlinking: /root/ros2_ws/install/detection_msgs/include/detection_msgs/detection_msgs/msg/detection2_d_array.hpp
[4.549s] -- Symlinking: /root/ros2_ws/install/detection_msgs/include/detection_msgs/detection_msgs/msg/rosidl_generator_cpp__visibility_control.hpp
[4.555s] -- Symlinking: /root/ros2_ws/install/detection_msgs/include/detection_msgs/detection_msgs/msg/detail/detection2_d__rosidl_typesupport_fastrtps_cpp.hpp
[4.562s] -- Symlinking: /root/ros2_ws/install/detection_msgs/include/detection_msgs/detection_msgs/msg/detail/detection2_d_array__rosidl_typesupport_fastrtps_cpp.hpp
[4.572s] -- Symlinking: /root/ros2_ws/install/detection_msgs/include/detection_msgs/detection_msgs/msg/rosidl_typesupport_fastrtps_cpp__visibility_control.h
[4.583s] -- Symlinking: /root/ros2_ws/install/detection_msgs/include/detection_msgs/detection_msgs/msg/detail/detection2_d__rosidl_typesupport_introspection_cpp.hpp
[4.591s] -- Symlinking: /root/ros2_ws/install/detection_msgs/include/detection_msgs/detection_msgs/msg/detail/detection2_d_array__rosidl_typesupport_introspection_cpp.hpp
[4.601s] -- Symlinking: /root/ros2_ws/install/detection_msgs/share/detection_msgs/environment/pythonpath.sh
[4.612s] -- Symlinking: /root/ros2_ws/install/detection_msgs/share/detection_msgs/environment/pythonpath.dsv
[4.620s] -- Symlinking: /root/ros2_ws/install/detection_msgs/lib/python3.12/site-packages/detection_msgs-0.0.1-py3.12.egg-info/PKG-INFO
[4.630s] -- Symlinking: /root/ros2_ws/install/detection_msgs/lib/python3.12/site-packages/detection_msgs-0.0.1-py3.12.egg-info/SOURCES.txt
[4.638s] -- Symlinking: /root/ros2_ws/install/detection_msgs/lib/python3.12/site-packages/detection_msgs-0.0.1-py3.12.egg-info/dependency_links.txt
[4.649s] -- Symlinking: /root/ros2_ws/install/detection_msgs/lib/python3.12/site-packages/detection_msgs-0.0.1-py3.12.egg-info/top_level.txt
[4.657s] -- Symlinking: /root/ros2_ws/install/detection_msgs/lib/python3.12/site-packages/detection_msgs/__init__.py
[4.666s] -- Symlinking: /root/ros2_ws/install/detection_msgs/lib/python3.12/site-packages/detection_msgs/_detection_msgs_s.ep.rosidl_typesupport_c.c
[4.672s] -- Symlinking: /root/ros2_ws/install/detection_msgs/lib/python3.12/site-packages/detection_msgs/_detection_msgs_s.ep.rosidl_typesupport_fastrtps_c.c
[4.678s] -- Symlinking: /root/ros2_ws/install/detection_msgs/lib/python3.12/site-packages/detection_msgs/_detection_msgs_s.ep.rosidl_typesupport_introspection_c.c
[4.687s] -- Symlinking: /root/ros2_ws/install/detection_msgs/lib/python3.12/site-packages/detection_msgs/detection_msgs_s__rosidl_typesupport_c.so
[4.695s] -- Symlinking: /root/ros2_ws/install/detection_msgs/lib/python3.12/site-packages/detection_msgs/detection_msgs_s__rosidl_typesupport_fastrtps_c.so
[4.701s] -- Symlinking: /root/ros2_ws/install/detection_msgs/lib/python3.12/site-packages/detection_msgs/detection_msgs_s__rosidl_typesupport_introspection_c.so
[4.709s] -- Symlinking: /root/ros2_ws/install/detection_msgs/lib/python3.12/site-packages/detection_msgs/msg/__init__.py
[4.716s] -- Symlinking: /root/ros2_ws/install/detection_msgs/lib/python3.12/site-packages/detection_msgs/msg/_detection2_d.py
[4.722s] -- Symlinking: /root/ros2_ws/install/detection_msgs/lib/python3.12/site-packages/detection_msgs/msg/_detection2_d_array.py
[4.730s] -- Symlinking: /root/ros2_ws/install/detection_msgs/lib/python3.12/site-packages/detection_msgs/msg/_detection2_d_array_s.c
[4.738s] -- Symlinking: /root/ros2_ws/install/detection_msgs/lib/python3.12/site-packages/detection_msgs/msg/_detection2_d_s.c
[4.747s] -- Up-to-date symlink: /root/ros2_ws/install/detection_msgs/lib/python3.12/site-packages/detection_msgs/detection_msgs_s__rosidl_typesupport_fastrtps_c.so
[4.747s] -- Up-to-date symlink: /root/ros2_ws/install/detection_msgs/lib/python3.12/site-packages/detection_msgs/detection_msgs_s__rosidl_typesupport_introspection_c.so
[4.747s] -- Up-to-date symlink: /root/ros2_ws/install/detection_msgs/lib/python3.12/site-packages/detection_msgs/detection_msgs_s__rosidl_typesupport_c.so
[4.747s] -- Symlinking: /root/ros2_ws/install/detection_msgs/share/ament_index/resource_index/rust_packages/detection_msgs
[4.755s] -- Symlinking: /root/ros2_ws/install/detection_msgs/share/detection_msgs/rust/Cargo.toml
[4.762s] -- Symlinking: /root/ros2_ws/install/detection_msgs/share/detection_msgs/rust/build.rs
[4.771s] -- Symlinking: /root/ros2_ws/install/detection_msgs/share/detection_msgs/rust/src/lib.rs
[4.777s] -- Symlinking: /root/ros2_ws/install/detection_msgs/share/detection_msgs/rust/src/msg.rs
[4.784s] -- Symlinking: /root/ros2_ws/install/detection_msgs/share/detection_msgs/rust/src/msg/rmw.rs
[4.796s] -- Symlinking: /root/ros2_ws/install/detection_msgs/share/detection_msgs/msg/Detection2D.idl
[4.806s] -- Symlinking: /root/ros2_ws/install/detection_msgs/share/detection_msgs/msg/Detection2DArray.idl
[4.817s] -- Symlinking: /root/ros2_ws/install/detection_msgs/share/detection_msgs/msg/Detection2D.msg
[4.823s] -- Symlinking: /root/ros2_ws/install/detection_msgs/share/detection_msgs/msg/Detection2DArray.msg
[4.830s] -- Symlinking: /root/ros2_ws/install/detection_msgs/share/ament_index/resource_index/package_run_dependencies/detection_msgs
[4.838s] -- Symlinking: /root/ros2_ws/install/detection_msgs/share/ament_index/resource_index/parent_prefix_path/detection_msgs
[4.845s] -- Symlinking: /root/ros2_ws/install/detection_msgs/share/detection_msgs/environment/ament_prefix_path.sh
[4.853s] -- Symlinking: /root/ros2_ws/install/detection_msgs/share/detection_msgs/environment/ament_prefix_path.dsv
[4.864s] -- Symlinking: /root/ros2_ws/install/detection_msgs/share/detection_msgs/environment/path.sh
[4.874s] -- Symlinking: /root/ros2_ws/install/detection_msgs/share/detection_msgs/environment/path.dsv
[4.883s] -- Symlinking: /root/ros2_ws/install/detection_msgs/share/detection_msgs/local_setup.bash
[4.893s] -- Symlinking: /root/ros2_ws/install/detection_msgs/share/detection_msgs/local_setup.sh
[4.900s] -- Symlinking: /root/ros2_ws/install/detection_msgs/share/detection_msgs/local_setup.zsh
[4.910s] -- Symlinking: /root/ros2_ws/install/detection_msgs/share/detection_msgs/local_setup.dsv
[4.921s] -- Symlinking: /root/ros2_ws/install/detection_msgs/share/detection_msgs/package.dsv
[4.930s] -- Symlinking: /root/ros2_ws/install/detection_msgs/share/ament_index/resource_index/packages/detection_msgs
[4.940s] -- Symlinking: /root/ros2_ws/install/detection_msgs/share/detection_msgs/cmake/rosidl_cmake-extras.cmake
[4.948s] -- Symlinking: /root/ros2_ws/install/detection_msgs/share/detection_msgs/cmake/ament_cmake_export_dependencies-extras.cmake
[4.957s] -- Symlinking: /root/ros2_ws/install/detection_msgs/share/detection_msgs/cmake/ament_cmake_export_include_directories-extras.cmake
[4.963s] -- Symlinking: /root/ros2_ws/install/detection_msgs/share/detection_msgs/cmake/ament_cmake_export_libraries-extras.cmake
[4.969s] -- Symlinking: /root/ros2_ws/install/detection_msgs/share/detection_msgs/cmake/ament_cmake_export_targets-extras.cmake
[4.978s] -- Symlinking: /root/ros2_ws/install/detection_msgs/share/detection_msgs/cmake/rosidl_cmake_export_typesupport_targets-extras.cmake
[4.985s] -- Symlinking: /root/ros2_ws/install/detection_msgs/share/detection_msgs/cmake/rosidl_cmake_export_typesupport_libraries-extras.cmake
[4.996s] -- Symlinking: /root/ros2_ws/install/detection_msgs/share/detection_msgs/cmake/detection_msgsConfig.cmake
[5.001s] -- Symlinking: /root/ros2_ws/install/detection_msgs/share/detection_msgs/cmake/detection_msgsConfig-version.cmake
[5.009s] -- Symlinking: /root/ros2_ws/install/detection_msgs/share/detection_msgs/package.xml
[5.022s] -- Installing: /root/ros2_ws/install/detection_msgs/lib/libdetection_msgs__rosidl_generator_c.so
[5.022s] -- Set non-toolchain portion of runtime path of "/root/ros2_ws/install/detection_msgs/lib/libdetection_msgs__rosidl_generator_c.so" to ""
[5.022s] -- Installing: /root/ros2_ws/install/detection_msgs/lib/libdetection_msgs__rosidl_typesupport_fastrtps_c.so
[5.023s] -- Set non-toolchain portion of runtime path of "/root/ros2_ws/install/detection_msgs/lib/libdetection_msgs__rosidl_typesupport_fastrtps_c.so" to ""
[5.023s] -- Installing: /root/ros2_ws/install/detection_msgs/lib/libdetection_msgs__rosidl_typesupport_introspection_c.so
[5.024s] -- Set non-toolchain portion of runtime path of "/root/ros2_ws/install/detection_msgs/lib/libdetection_msgs__rosidl_typesupport_introspection_c.so" to ""
[5.024s] -- Installing: /root/ros2_ws/install/detection_msgs/lib/libdetection_msgs__rosidl_typesupport_c.so
[5.024s] -- Set non-toolchain portion of runtime path of "/root/ros2_ws/install/detection_msgs/lib/libdetection_msgs__rosidl_typesupport_c.so" to ""
[5.024s] -- Installing: /root/ros2_ws/install/detection_msgs/lib/libdetection_msgs__rosidl_typesupport_fastrtps_cpp.so
[5.025s] -- Set non-toolchain portion of runtime path of "/root/ros2_ws/install/detection_msgs/lib/libdetection_msgs__rosidl_typesupport_fastrtps_cpp.so" to ""
[5.025s] -- Installing: /root/ros2_ws/install/detection_msgs/lib/libdetection_msgs__rosidl_typesupport_introspection_cpp.so
[5.025s] -- Set non-toolchain portion of runtime path of "/root/ros2_ws/install/detection_msgs/lib/libdetection_msgs__rosidl_typesupport_introspection_cpp.so" to ""
[5.025s] -- Installing: /root/ros2_ws/install/detection_msgs/lib/libdetection_msgs__rosidl_typesupport_cpp.so
[5.026s] -- Set non-toolchain portion of runtime path of "/root/ros2_ws/install/detection_msgs/lib/libdetection_msgs__rosidl_typesupport_cpp.so" to ""
[5.058s] Listing '/root/ros2_ws/install/detection_msgs/lib/python3.12/site-packages/detection_msgs'...
[5.058s] Compiling '/root/ros2_ws/install/detection_msgs/lib/python3.12/site-packages/detection_msgs/__init__.py'...
[5.058s] Listing '/root/ros2_ws/install/detection_msgs/lib/python3.12/site-packages/detection_msgs/msg'...
[5.058s] Compiling '/root/ros2_ws/install/detection_msgs/lib/python3.12/site-packages/detection_msgs/msg/__init__.py'...
[5.058s] Compiling '/root/ros2_ws/install/detection_msgs/lib/python3.12/site-packages/detection_msgs/msg/_detection2_d.py'...
[5.058s] Compiling '/root/ros2_ws/install/detection_msgs/lib/python3.12/site-packages/detection_msgs/msg/_detection2_d_array.py'...
[5.062s] -- Installing: /root/ros2_ws/install/detection_msgs/lib/libdetection_msgs__rosidl_generator_py.so
[5.062s] -- Set non-toolchain portion of runtime path of "/root/ros2_ws/install/detection_msgs/lib/libdetection_msgs__rosidl_generator_py.so" to ""
[5.062s] -- Installing: /root/ros2_ws/install/detection_msgs/share/detection_msgs/cmake/export_detection_msgs__rosidl_generator_cExport.cmake
[5.062s] -- Installing: /root/ros2_ws/install/detection_msgs/share/detection_msgs/cmake/export_detection_msgs__rosidl_generator_cExport-noconfig.cmake
[5.062s] -- Installing: /root/ros2_ws/install/detection_msgs/share/detection_msgs/cmake/export_detection_msgs__rosidl_typesupport_fastrtps_cExport.cmake
[5.062s] -- Installing: /root/ros2_ws/install/detection_msgs/share/detection_msgs/cmake/export_detection_msgs__rosidl_typesupport_fastrtps_cExport-noconfig.cmake
[5.062s] -- Installing: /root/ros2_ws/install/detection_msgs/share/detection_msgs/cmake/detection_msgs__rosidl_typesupport_introspection_cExport.cmake
[5.063s] -- Installing: /root/ros2_ws/install/detection_msgs/share/detection_msgs/cmake/detection_msgs__rosidl_typesupport_introspection_cExport-noconfig.cmake
[5.063s] -- Installing: /root/ros2_ws/install/detection_msgs/share/detection_msgs/cmake/detection_msgs__rosidl_typesupport_cExport.cmake
[5.063s] -- Installing: /root/ros2_ws/install/detection_msgs/share/detection_msgs/cmake/detection_msgs__rosidl_typesupport_cExport-noconfig.cmake
[5.063s] -- Installing: /root/ros2_ws/install/detection_msgs/share/detection_msgs/cmake/export_detection_msgs__rosidl_generator_cppExport.cmake
[5.063s] -- Installing: /root/ros2_ws/install/detection_msgs/share/detection_msgs/cmake/export_detection_msgs__rosidl_typesupport_fastrtps_cppExport.cmake
[5.063s] -- Installing: /root/ros2_ws/install/detection_msgs/share/detection_msgs/cmake/export_detection_msgs__rosidl_typesupport_fastrtps_cppExport-noconfig.cmake
[5.063s] -- Installing: /root/ros2_ws/install/detection_msgs/share/detection_msgs/cmake/detection_msgs__rosidl_typesupport_introspection_cppExport.cmake
[5.063s] -- Installing: /root/ros2_ws/install/detection_msgs/share/detection_msgs/cmake/detection_msgs__rosidl_typesupport_introspection_cppExport-noconfig.cmake
[5.063s] -- Installing: /root/ros2_ws/install/detection_msgs/share/detection_msgs/cmake/detection_msgs__rosidl_typesupport_cppExport.cmake
[5.063s] -- Installing: /root/ros2_ws/install/detection_msgs/share/detection_msgs/cmake/detection_msgs__rosidl_typesupport_cppExport-noconfig.cmake
[5.063s] -- Installing: /root/ros2_ws/install/detection_msgs/share/detection_msgs/cmake/export_detection_msgs__rosidl_generator_pyExport.cmake
[5.063s] -- Installing: /root/ros2_ws/install/detection_msgs/share/detection_msgs/cmake/export_detection_msgs__rosidl_generator_pyExport-noconfig.cmake
[5.064s] Invoked command in '/root/ros2_ws/build/detection_msgs' returned '0': CMAKE_PREFIX_PATH=${CMAKE_PREFIX_PATH}:/opt/ros/jazzy /usr/bin/cmake --install /root/ros2_ws/build/detection_msgs
