[0.007s] Invoking command in '/root/ros2_ws/build/detection_msgs': CMAKE_PREFIX_PATH=${CMAKE_PREFIX_PATH}:/opt/ros/jazzy PS1=(yolo_venv) VIRTUAL_ENV_PROMPT=(yolo_venv) /usr/bin/cmake --build /root/ros2_ws/build/detection_msgs -- -j20 -l20
[0.054s] [  2%] Built target detection_msgs__rosidl_generator_type_description
[0.055s] [  4%] Built target detection_msgs__rs
[0.061s] [  4%] Built target ament_cmake_python_symlink_detection_msgs
[0.072s] [  6%] Built target detection_msgs__cpp
[0.073s] [ 24%] Built target detection_msgs__rosidl_generator_c
[0.092s] [ 33%] Built target detection_msgs__rosidl_typesupport_introspection_cpp
[0.093s] [ 51%] Built target detection_msgs__rosidl_typesupport_cpp
[0.093s] [ 51%] Built target detection_msgs__rosidl_typesupport_c
[0.094s] [ 60%] Built target detection_msgs__rosidl_typesupport_introspection_c
[0.095s] [ 68%] Built target detection_msgs__rosidl_typesupport_fastrtps_c
[0.098s] [ 77%] Built target detection_msgs__rosidl_typesupport_fastrtps_cpp
[0.114s] [ 77%] Built target detection_msgs
[0.129s] [ 80%] Built target detection_msgs__py
[0.149s] [ 86%] Built target detection_msgs__rosidl_generator_py
[0.169s] [ 91%] Built target detection_msgs_s__rosidl_typesupport_c
[0.169s] [100%] Built target detection_msgs_s__rosidl_typesupport_fastrtps_c
[0.169s] [100%] Built target detection_msgs_s__rosidl_typesupport_introspection_c
[0.201s] running egg_info
[0.255s] writing detection_msgs.egg-info/PKG-INFO
[0.255s] writing dependency_links to detection_msgs.egg-info/dependency_links.txt
[0.255s] writing top-level names to detection_msgs.egg-info/top_level.txt
[0.287s] reading manifest file 'detection_msgs.egg-info/SOURCES.txt'
[0.287s] writing manifest file 'detection_msgs.egg-info/SOURCES.txt'
[0.309s] [100%] Built target ament_cmake_python_build_detection_msgs_egg
[0.319s] Invoked command in '/root/ros2_ws/build/detection_msgs' returned '0': CMAKE_PREFIX_PATH=${CMAKE_PREFIX_PATH}:/opt/ros/jazzy PS1=(yolo_venv) VIRTUAL_ENV_PROMPT=(yolo_venv) /usr/bin/cmake --build /root/ros2_ws/build/detection_msgs -- -j20 -l20
[0.325s] Invoking command in '/root/ros2_ws/build/detection_msgs': CMAKE_PREFIX_PATH=${CMAKE_PREFIX_PATH}:/opt/ros/jazzy PS1=(yolo_venv) VIRTUAL_ENV_PROMPT=(yolo_venv) /usr/bin/cmake --install /root/ros2_ws/build/detection_msgs
[0.333s] -- Install configuration: ""
[0.334s] -- Execute custom install script
[0.334s] -- Up-to-date symlink: /root/ros2_ws/install/detection_msgs/share/ament_index/resource_index/rosidl_interfaces/detection_msgs
[0.334s] -- Up-to-date symlink: /root/ros2_ws/install/detection_msgs/share/detection_msgs/msg/Detection2D.json
[0.334s] -- Up-to-date symlink: /root/ros2_ws/install/detection_msgs/share/detection_msgs/msg/Detection2DArray.json
[0.335s] -- Up-to-date symlink: /root/ros2_ws/install/detection_msgs/include/detection_msgs/detection_msgs/msg/detail/detection2_d__functions.h
[0.335s] -- Up-to-date symlink: /root/ros2_ws/install/detection_msgs/include/detection_msgs/detection_msgs/msg/detail/detection2_d__struct.h
[0.336s] -- Up-to-date symlink: /root/ros2_ws/install/detection_msgs/include/detection_msgs/detection_msgs/msg/detail/detection2_d__type_support.h
[0.336s] -- Up-to-date symlink: /root/ros2_ws/install/detection_msgs/include/detection_msgs/detection_msgs/msg/detail/detection2_d_array__functions.h
[0.336s] -- Up-to-date symlink: /root/ros2_ws/install/detection_msgs/include/detection_msgs/detection_msgs/msg/detail/detection2_d_array__struct.h
[0.336s] -- Up-to-date symlink: /root/ros2_ws/install/detection_msgs/include/detection_msgs/detection_msgs/msg/detail/detection2_d_array__type_support.h
[0.337s] -- Up-to-date symlink: /root/ros2_ws/install/detection_msgs/include/detection_msgs/detection_msgs/msg/detection2_d.h
[0.337s] -- Up-to-date symlink: /root/ros2_ws/install/detection_msgs/include/detection_msgs/detection_msgs/msg/detection2_d_array.h
[0.337s] -- Up-to-date symlink: /root/ros2_ws/install/detection_msgs/include/detection_msgs/detection_msgs/msg/rosidl_generator_c__visibility_control.h
[0.337s] -- Up-to-date symlink: /root/ros2_ws/install/detection_msgs/share/detection_msgs/environment/library_path.sh
[0.337s] -- Up-to-date symlink: /root/ros2_ws/install/detection_msgs/share/detection_msgs/environment/library_path.dsv
[0.338s] -- Up-to-date symlink: /root/ros2_ws/install/detection_msgs/include/detection_msgs/detection_msgs/msg/detail/detection2_d__rosidl_typesupport_fastrtps_c.h
[0.338s] -- Up-to-date symlink: /root/ros2_ws/install/detection_msgs/include/detection_msgs/detection_msgs/msg/detail/detection2_d_array__rosidl_typesupport_fastrtps_c.h
[0.338s] -- Up-to-date symlink: /root/ros2_ws/install/detection_msgs/include/detection_msgs/detection_msgs/msg/rosidl_typesupport_fastrtps_c__visibility_control.h
[0.338s] -- Up-to-date symlink: /root/ros2_ws/install/detection_msgs/include/detection_msgs/detection_msgs/msg/detail/detection2_d__rosidl_typesupport_introspection_c.h
[0.338s] -- Up-to-date symlink: /root/ros2_ws/install/detection_msgs/include/detection_msgs/detection_msgs/msg/detail/detection2_d_array__rosidl_typesupport_introspection_c.h
[0.338s] -- Up-to-date symlink: /root/ros2_ws/install/detection_msgs/include/detection_msgs/detection_msgs/msg/rosidl_typesupport_introspection_c__visibility_control.h
[0.339s] -- Up-to-date symlink: /root/ros2_ws/install/detection_msgs/include/detection_msgs/detection_msgs/msg/detail/detection2_d__builder.hpp
[0.339s] -- Up-to-date symlink: /root/ros2_ws/install/detection_msgs/include/detection_msgs/detection_msgs/msg/detail/detection2_d__struct.hpp
[0.339s] -- Up-to-date symlink: /root/ros2_ws/install/detection_msgs/include/detection_msgs/detection_msgs/msg/detail/detection2_d__traits.hpp
[0.339s] -- Up-to-date symlink: /root/ros2_ws/install/detection_msgs/include/detection_msgs/detection_msgs/msg/detail/detection2_d__type_support.hpp
[0.339s] -- Up-to-date symlink: /root/ros2_ws/install/detection_msgs/include/detection_msgs/detection_msgs/msg/detail/detection2_d_array__builder.hpp
[0.340s] -- Up-to-date symlink: /root/ros2_ws/install/detection_msgs/include/detection_msgs/detection_msgs/msg/detail/detection2_d_array__struct.hpp
[0.340s] -- Up-to-date symlink: /root/ros2_ws/install/detection_msgs/include/detection_msgs/detection_msgs/msg/detail/detection2_d_array__traits.hpp
[0.340s] -- Up-to-date symlink: /root/ros2_ws/install/detection_msgs/include/detection_msgs/detection_msgs/msg/detail/detection2_d_array__type_support.hpp
[0.340s] -- Up-to-date symlink: /root/ros2_ws/install/detection_msgs/include/detection_msgs/detection_msgs/msg/detection2_d.hpp
[0.340s] -- Up-to-date symlink: /root/ros2_ws/install/detection_msgs/include/detection_msgs/detection_msgs/msg/detection2_d_array.hpp
[0.340s] -- Up-to-date symlink: /root/ros2_ws/install/detection_msgs/include/detection_msgs/detection_msgs/msg/rosidl_generator_cpp__visibility_control.hpp
[0.340s] -- Up-to-date symlink: /root/ros2_ws/install/detection_msgs/include/detection_msgs/detection_msgs/msg/detail/detection2_d__rosidl_typesupport_fastrtps_cpp.hpp
[0.340s] -- Up-to-date symlink: /root/ros2_ws/install/detection_msgs/include/detection_msgs/detection_msgs/msg/detail/detection2_d_array__rosidl_typesupport_fastrtps_cpp.hpp
[0.341s] -- Up-to-date symlink: /root/ros2_ws/install/detection_msgs/include/detection_msgs/detection_msgs/msg/rosidl_typesupport_fastrtps_cpp__visibility_control.h
[0.341s] -- Up-to-date symlink: /root/ros2_ws/install/detection_msgs/include/detection_msgs/detection_msgs/msg/detail/detection2_d__rosidl_typesupport_introspection_cpp.hpp
[0.341s] -- Up-to-date symlink: /root/ros2_ws/install/detection_msgs/include/detection_msgs/detection_msgs/msg/detail/detection2_d_array__rosidl_typesupport_introspection_cpp.hpp
[0.341s] -- Up-to-date symlink: /root/ros2_ws/install/detection_msgs/share/detection_msgs/environment/pythonpath.sh
[0.341s] -- Up-to-date symlink: /root/ros2_ws/install/detection_msgs/share/detection_msgs/environment/pythonpath.dsv
[0.341s] -- Up-to-date symlink: /root/ros2_ws/install/detection_msgs/lib/python3.12/site-packages/detection_msgs-0.0.1-py3.12.egg-info/PKG-INFO
[0.341s] -- Up-to-date symlink: /root/ros2_ws/install/detection_msgs/lib/python3.12/site-packages/detection_msgs-0.0.1-py3.12.egg-info/SOURCES.txt
[0.341s] -- Up-to-date symlink: /root/ros2_ws/install/detection_msgs/lib/python3.12/site-packages/detection_msgs-0.0.1-py3.12.egg-info/dependency_links.txt
[0.341s] -- Up-to-date symlink: /root/ros2_ws/install/detection_msgs/lib/python3.12/site-packages/detection_msgs-0.0.1-py3.12.egg-info/top_level.txt
[0.341s] -- Up-to-date symlink: /root/ros2_ws/install/detection_msgs/lib/python3.12/site-packages/detection_msgs/__init__.py
[0.341s] -- Up-to-date symlink: /root/ros2_ws/install/detection_msgs/lib/python3.12/site-packages/detection_msgs/_detection_msgs_s.ep.rosidl_typesupport_c.c
[0.341s] -- Up-to-date symlink: /root/ros2_ws/install/detection_msgs/lib/python3.12/site-packages/detection_msgs/_detection_msgs_s.ep.rosidl_typesupport_fastrtps_c.c
[0.341s] -- Up-to-date symlink: /root/ros2_ws/install/detection_msgs/lib/python3.12/site-packages/detection_msgs/_detection_msgs_s.ep.rosidl_typesupport_introspection_c.c
[0.341s] -- Up-to-date symlink: /root/ros2_ws/install/detection_msgs/lib/python3.12/site-packages/detection_msgs/detection_msgs_s__rosidl_typesupport_c.so
[0.341s] -- Up-to-date symlink: /root/ros2_ws/install/detection_msgs/lib/python3.12/site-packages/detection_msgs/detection_msgs_s__rosidl_typesupport_fastrtps_c.so
[0.341s] -- Up-to-date symlink: /root/ros2_ws/install/detection_msgs/lib/python3.12/site-packages/detection_msgs/detection_msgs_s__rosidl_typesupport_introspection_c.so
[0.341s] -- Up-to-date symlink: /root/ros2_ws/install/detection_msgs/lib/python3.12/site-packages/detection_msgs/msg/__init__.py
[0.341s] -- Up-to-date symlink: /root/ros2_ws/install/detection_msgs/lib/python3.12/site-packages/detection_msgs/msg/_detection2_d.py
[0.341s] -- Up-to-date symlink: /root/ros2_ws/install/detection_msgs/lib/python3.12/site-packages/detection_msgs/msg/_detection2_d_array.py
[0.342s] -- Up-to-date symlink: /root/ros2_ws/install/detection_msgs/lib/python3.12/site-packages/detection_msgs/msg/_detection2_d_array_s.c
[0.342s] -- Up-to-date symlink: /root/ros2_ws/install/detection_msgs/lib/python3.12/site-packages/detection_msgs/msg/_detection2_d_s.c
[0.342s] -- Up-to-date symlink: /root/ros2_ws/install/detection_msgs/lib/python3.12/site-packages/detection_msgs/detection_msgs_s__rosidl_typesupport_fastrtps_c.so
[0.342s] -- Up-to-date symlink: /root/ros2_ws/install/detection_msgs/lib/python3.12/site-packages/detection_msgs/detection_msgs_s__rosidl_typesupport_introspection_c.so
[0.342s] -- Up-to-date symlink: /root/ros2_ws/install/detection_msgs/lib/python3.12/site-packages/detection_msgs/detection_msgs_s__rosidl_typesupport_c.so
[0.342s] -- Up-to-date symlink: /root/ros2_ws/install/detection_msgs/share/ament_index/resource_index/rust_packages/detection_msgs
[0.342s] -- Up-to-date symlink: /root/ros2_ws/install/detection_msgs/share/detection_msgs/rust/Cargo.toml
[0.342s] -- Up-to-date symlink: /root/ros2_ws/install/detection_msgs/share/detection_msgs/rust/build.rs
[0.342s] -- Up-to-date symlink: /root/ros2_ws/install/detection_msgs/share/detection_msgs/rust/src/lib.rs
[0.343s] -- Up-to-date symlink: /root/ros2_ws/install/detection_msgs/share/detection_msgs/rust/src/msg.rs
[0.343s] -- Up-to-date symlink: /root/ros2_ws/install/detection_msgs/share/detection_msgs/rust/src/msg/rmw.rs
[0.343s] -- Up-to-date symlink: /root/ros2_ws/install/detection_msgs/share/detection_msgs/msg/Detection2D.idl
[0.343s] -- Up-to-date symlink: /root/ros2_ws/install/detection_msgs/share/detection_msgs/msg/Detection2DArray.idl
[0.343s] -- Up-to-date symlink: /root/ros2_ws/install/detection_msgs/share/detection_msgs/msg/Detection2D.msg
[0.343s] -- Up-to-date symlink: /root/ros2_ws/install/detection_msgs/share/detection_msgs/msg/Detection2DArray.msg
[0.343s] -- Up-to-date symlink: /root/ros2_ws/install/detection_msgs/share/ament_index/resource_index/package_run_dependencies/detection_msgs
[0.343s] -- Up-to-date symlink: /root/ros2_ws/install/detection_msgs/share/ament_index/resource_index/parent_prefix_path/detection_msgs
[0.343s] -- Up-to-date symlink: /root/ros2_ws/install/detection_msgs/share/detection_msgs/environment/ament_prefix_path.sh
[0.343s] -- Up-to-date symlink: /root/ros2_ws/install/detection_msgs/share/detection_msgs/environment/ament_prefix_path.dsv
[0.343s] -- Up-to-date symlink: /root/ros2_ws/install/detection_msgs/share/detection_msgs/environment/path.sh
[0.343s] -- Up-to-date symlink: /root/ros2_ws/install/detection_msgs/share/detection_msgs/environment/path.dsv
[0.343s] -- Up-to-date symlink: /root/ros2_ws/install/detection_msgs/share/detection_msgs/local_setup.bash
[0.343s] -- Up-to-date symlink: /root/ros2_ws/install/detection_msgs/share/detection_msgs/local_setup.sh
[0.343s] -- Up-to-date symlink: /root/ros2_ws/install/detection_msgs/share/detection_msgs/local_setup.zsh
[0.344s] -- Up-to-date symlink: /root/ros2_ws/install/detection_msgs/share/detection_msgs/local_setup.dsv
[0.344s] -- Symlinking: /root/ros2_ws/install/detection_msgs/share/detection_msgs/package.dsv
[0.354s] -- Up-to-date symlink: /root/ros2_ws/install/detection_msgs/share/ament_index/resource_index/packages/detection_msgs
[0.354s] -- Up-to-date symlink: /root/ros2_ws/install/detection_msgs/share/detection_msgs/cmake/rosidl_cmake-extras.cmake
[0.354s] -- Up-to-date symlink: /root/ros2_ws/install/detection_msgs/share/detection_msgs/cmake/ament_cmake_export_dependencies-extras.cmake
[0.354s] -- Up-to-date symlink: /root/ros2_ws/install/detection_msgs/share/detection_msgs/cmake/ament_cmake_export_include_directories-extras.cmake
[0.354s] -- Up-to-date symlink: /root/ros2_ws/install/detection_msgs/share/detection_msgs/cmake/ament_cmake_export_libraries-extras.cmake
[0.354s] -- Up-to-date symlink: /root/ros2_ws/install/detection_msgs/share/detection_msgs/cmake/ament_cmake_export_targets-extras.cmake
[0.354s] -- Up-to-date symlink: /root/ros2_ws/install/detection_msgs/share/detection_msgs/cmake/rosidl_cmake_export_typesupport_targets-extras.cmake
[0.354s] -- Up-to-date symlink: /root/ros2_ws/install/detection_msgs/share/detection_msgs/cmake/rosidl_cmake_export_typesupport_libraries-extras.cmake
[0.355s] -- Up-to-date symlink: /root/ros2_ws/install/detection_msgs/share/detection_msgs/cmake/detection_msgsConfig.cmake
[0.355s] -- Up-to-date symlink: /root/ros2_ws/install/detection_msgs/share/detection_msgs/cmake/detection_msgsConfig-version.cmake
[0.355s] -- Up-to-date symlink: /root/ros2_ws/install/detection_msgs/share/detection_msgs/package.xml
[0.355s] -- Up-to-date: /root/ros2_ws/install/detection_msgs/lib/libdetection_msgs__rosidl_generator_c.so
[0.355s] -- Up-to-date: /root/ros2_ws/install/detection_msgs/lib/libdetection_msgs__rosidl_typesupport_fastrtps_c.so
[0.355s] -- Up-to-date: /root/ros2_ws/install/detection_msgs/lib/libdetection_msgs__rosidl_typesupport_introspection_c.so
[0.355s] -- Up-to-date: /root/ros2_ws/install/detection_msgs/lib/libdetection_msgs__rosidl_typesupport_c.so
[0.355s] -- Up-to-date: /root/ros2_ws/install/detection_msgs/lib/libdetection_msgs__rosidl_typesupport_fastrtps_cpp.so
[0.355s] -- Up-to-date: /root/ros2_ws/install/detection_msgs/lib/libdetection_msgs__rosidl_typesupport_introspection_cpp.so
[0.355s] -- Up-to-date: /root/ros2_ws/install/detection_msgs/lib/libdetection_msgs__rosidl_typesupport_cpp.so
[0.394s] Listing '/root/ros2_ws/install/detection_msgs/lib/python3.12/site-packages/detection_msgs'...
[0.394s] Listing '/root/ros2_ws/install/detection_msgs/lib/python3.12/site-packages/detection_msgs/msg'...
[0.401s] -- Up-to-date: /root/ros2_ws/install/detection_msgs/lib/libdetection_msgs__rosidl_generator_py.so
[0.401s] -- Up-to-date: /root/ros2_ws/install/detection_msgs/share/detection_msgs/cmake/export_detection_msgs__rosidl_generator_cExport.cmake
[0.401s] -- Up-to-date: /root/ros2_ws/install/detection_msgs/share/detection_msgs/cmake/export_detection_msgs__rosidl_generator_cExport-noconfig.cmake
[0.401s] -- Up-to-date: /root/ros2_ws/install/detection_msgs/share/detection_msgs/cmake/export_detection_msgs__rosidl_typesupport_fastrtps_cExport.cmake
[0.401s] -- Up-to-date: /root/ros2_ws/install/detection_msgs/share/detection_msgs/cmake/export_detection_msgs__rosidl_typesupport_fastrtps_cExport-noconfig.cmake
[0.401s] -- Up-to-date: /root/ros2_ws/install/detection_msgs/share/detection_msgs/cmake/detection_msgs__rosidl_typesupport_introspection_cExport.cmake
[0.401s] -- Up-to-date: /root/ros2_ws/install/detection_msgs/share/detection_msgs/cmake/detection_msgs__rosidl_typesupport_introspection_cExport-noconfig.cmake
[0.401s] -- Up-to-date: /root/ros2_ws/install/detection_msgs/share/detection_msgs/cmake/detection_msgs__rosidl_typesupport_cExport.cmake
[0.401s] -- Up-to-date: /root/ros2_ws/install/detection_msgs/share/detection_msgs/cmake/detection_msgs__rosidl_typesupport_cExport-noconfig.cmake
[0.401s] -- Up-to-date: /root/ros2_ws/install/detection_msgs/share/detection_msgs/cmake/export_detection_msgs__rosidl_generator_cppExport.cmake
[0.401s] -- Up-to-date: /root/ros2_ws/install/detection_msgs/share/detection_msgs/cmake/export_detection_msgs__rosidl_typesupport_fastrtps_cppExport.cmake
[0.401s] -- Up-to-date: /root/ros2_ws/install/detection_msgs/share/detection_msgs/cmake/export_detection_msgs__rosidl_typesupport_fastrtps_cppExport-noconfig.cmake
[0.402s] -- Up-to-date: /root/ros2_ws/install/detection_msgs/share/detection_msgs/cmake/detection_msgs__rosidl_typesupport_introspection_cppExport.cmake
[0.402s] -- Up-to-date: /root/ros2_ws/install/detection_msgs/share/detection_msgs/cmake/detection_msgs__rosidl_typesupport_introspection_cppExport-noconfig.cmake
[0.402s] -- Up-to-date: /root/ros2_ws/install/detection_msgs/share/detection_msgs/cmake/detection_msgs__rosidl_typesupport_cppExport.cmake
[0.402s] -- Up-to-date: /root/ros2_ws/install/detection_msgs/share/detection_msgs/cmake/detection_msgs__rosidl_typesupport_cppExport-noconfig.cmake
[0.402s] -- Up-to-date: /root/ros2_ws/install/detection_msgs/share/detection_msgs/cmake/export_detection_msgs__rosidl_generator_pyExport.cmake
[0.402s] -- Up-to-date: /root/ros2_ws/install/detection_msgs/share/detection_msgs/cmake/export_detection_msgs__rosidl_generator_pyExport-noconfig.cmake
[0.404s] Invoked command in '/root/ros2_ws/build/detection_msgs' returned '0': CMAKE_PREFIX_PATH=${CMAKE_PREFIX_PATH}:/opt/ros/jazzy PS1=(yolo_venv) VIRTUAL_ENV_PROMPT=(yolo_venv) /usr/bin/cmake --install /root/ros2_ws/build/detection_msgs
