[0.009s] Invoking command in '/root/ros2_ws/build/detection_msgs': CMAKE_PREFIX_PATH=${CMAKE_PREFIX_PATH}:/opt/ros/jazzy /usr/bin/cmake --build /root/ros2_ws/build/detection_msgs -- -j20 -l20
[0.083s] [  2%] Built target detection_msgs__rosidl_generator_type_description
[0.084s] [  4%] Built target detection_msgs__rs
[0.090s] [  4%] Built target ament_cmake_python_symlink_detection_msgs
[0.102s] [  6%] Built target detection_msgs__cpp
[0.111s] [ 24%] Built target detection_msgs__rosidl_generator_c
[0.136s] [ 33%] Built target detection_msgs__rosidl_typesupport_introspection_c
[0.136s] [ 48%] Built target detection_msgs__rosidl_typesupport_c
[0.136s] [ 51%] Built target detection_msgs__rosidl_typesupport_cpp
[0.139s] [ 60%] Built target detection_msgs__rosidl_typesupport_fastrtps_cpp
[0.141s] [ 68%] Built target detection_msgs__rosidl_typesupport_introspection_cpp
[0.141s] [ 77%] Built target detection_msgs__rosidl_typesupport_fastrtps_c
[0.156s] [ 77%] Built target detection_msgs
[0.176s] [ 80%] Built target detection_msgs__py
[0.199s] [ 86%] Built target detection_msgs__rosidl_generator_py
[0.221s] [ 91%] Built target detection_msgs_s__rosidl_typesupport_introspection_c
[0.223s] [100%] Built target detection_msgs_s__rosidl_typesupport_c
[0.223s] [100%] Built target detection_msgs_s__rosidl_typesupport_fastrtps_c
[0.233s] running egg_info
[0.285s] writing detection_msgs.egg-info/PKG-INFO
[0.285s] writing dependency_links to detection_msgs.egg-info/dependency_links.txt
[0.285s] writing top-level names to detection_msgs.egg-info/top_level.txt
[0.318s] reading manifest file 'detection_msgs.egg-info/SOURCES.txt'
[0.320s] writing manifest file 'detection_msgs.egg-info/SOURCES.txt'
[0.342s] [100%] Built target ament_cmake_python_build_detection_msgs_egg
[0.351s] Invoked command in '/root/ros2_ws/build/detection_msgs' returned '0': CMAKE_PREFIX_PATH=${CMAKE_PREFIX_PATH}:/opt/ros/jazzy /usr/bin/cmake --build /root/ros2_ws/build/detection_msgs -- -j20 -l20
[0.359s] Invoking command in '/root/ros2_ws/build/detection_msgs': CMAKE_PREFIX_PATH=${CMAKE_PREFIX_PATH}:/opt/ros/jazzy /usr/bin/cmake --install /root/ros2_ws/build/detection_msgs
[0.365s] -- Install configuration: ""
[0.366s] -- Execute custom install script
[0.366s] -- Up-to-date symlink: /root/ros2_ws/install/detection_msgs/share/ament_index/resource_index/rosidl_interfaces/detection_msgs
[0.366s] -- Up-to-date symlink: /root/ros2_ws/install/detection_msgs/share/detection_msgs/msg/Detection2D.json
[0.366s] -- Up-to-date symlink: /root/ros2_ws/install/detection_msgs/share/detection_msgs/msg/Detection2DArray.json
[0.367s] -- Up-to-date symlink: /root/ros2_ws/install/detection_msgs/include/detection_msgs/detection_msgs/msg/detail/detection2_d__functions.h
[0.367s] -- Up-to-date symlink: /root/ros2_ws/install/detection_msgs/include/detection_msgs/detection_msgs/msg/detail/detection2_d__struct.h
[0.367s] -- Up-to-date symlink: /root/ros2_ws/install/detection_msgs/include/detection_msgs/detection_msgs/msg/detail/detection2_d__type_support.h
[0.367s] -- Up-to-date symlink: /root/ros2_ws/install/detection_msgs/include/detection_msgs/detection_msgs/msg/detail/detection2_d_array__functions.h
[0.367s] -- Up-to-date symlink: /root/ros2_ws/install/detection_msgs/include/detection_msgs/detection_msgs/msg/detail/detection2_d_array__struct.h
[0.367s] -- Up-to-date symlink: /root/ros2_ws/install/detection_msgs/include/detection_msgs/detection_msgs/msg/detail/detection2_d_array__type_support.h
[0.367s] -- Up-to-date symlink: /root/ros2_ws/install/detection_msgs/include/detection_msgs/detection_msgs/msg/detection2_d.h
[0.368s] -- Up-to-date symlink: /root/ros2_ws/install/detection_msgs/include/detection_msgs/detection_msgs/msg/detection2_d_array.h
[0.368s] -- Up-to-date symlink: /root/ros2_ws/install/detection_msgs/include/detection_msgs/detection_msgs/msg/rosidl_generator_c__visibility_control.h
[0.368s] -- Up-to-date symlink: /root/ros2_ws/install/detection_msgs/share/detection_msgs/environment/library_path.sh
[0.368s] -- Up-to-date symlink: /root/ros2_ws/install/detection_msgs/share/detection_msgs/environment/library_path.dsv
[0.368s] -- Up-to-date symlink: /root/ros2_ws/install/detection_msgs/include/detection_msgs/detection_msgs/msg/detail/detection2_d__rosidl_typesupport_fastrtps_c.h
[0.368s] -- Up-to-date symlink: /root/ros2_ws/install/detection_msgs/include/detection_msgs/detection_msgs/msg/detail/detection2_d_array__rosidl_typesupport_fastrtps_c.h
[0.368s] -- Up-to-date symlink: /root/ros2_ws/install/detection_msgs/include/detection_msgs/detection_msgs/msg/rosidl_typesupport_fastrtps_c__visibility_control.h
[0.368s] -- Up-to-date symlink: /root/ros2_ws/install/detection_msgs/include/detection_msgs/detection_msgs/msg/detail/detection2_d__rosidl_typesupport_introspection_c.h
[0.368s] -- Up-to-date symlink: /root/ros2_ws/install/detection_msgs/include/detection_msgs/detection_msgs/msg/detail/detection2_d_array__rosidl_typesupport_introspection_c.h
[0.368s] -- Up-to-date symlink: /root/ros2_ws/install/detection_msgs/include/detection_msgs/detection_msgs/msg/rosidl_typesupport_introspection_c__visibility_control.h
[0.368s] -- Up-to-date symlink: /root/ros2_ws/install/detection_msgs/include/detection_msgs/detection_msgs/msg/detail/detection2_d__builder.hpp
[0.368s] -- Up-to-date symlink: /root/ros2_ws/install/detection_msgs/include/detection_msgs/detection_msgs/msg/detail/detection2_d__struct.hpp
[0.369s] -- Up-to-date symlink: /root/ros2_ws/install/detection_msgs/include/detection_msgs/detection_msgs/msg/detail/detection2_d__traits.hpp
[0.369s] -- Up-to-date symlink: /root/ros2_ws/install/detection_msgs/include/detection_msgs/detection_msgs/msg/detail/detection2_d__type_support.hpp
[0.369s] -- Up-to-date symlink: /root/ros2_ws/install/detection_msgs/include/detection_msgs/detection_msgs/msg/detail/detection2_d_array__builder.hpp
[0.369s] -- Up-to-date symlink: /root/ros2_ws/install/detection_msgs/include/detection_msgs/detection_msgs/msg/detail/detection2_d_array__struct.hpp
[0.369s] -- Up-to-date symlink: /root/ros2_ws/install/detection_msgs/include/detection_msgs/detection_msgs/msg/detail/detection2_d_array__traits.hpp
[0.369s] -- Up-to-date symlink: /root/ros2_ws/install/detection_msgs/include/detection_msgs/detection_msgs/msg/detail/detection2_d_array__type_support.hpp
[0.369s] -- Up-to-date symlink: /root/ros2_ws/install/detection_msgs/include/detection_msgs/detection_msgs/msg/detection2_d.hpp
[0.369s] -- Up-to-date symlink: /root/ros2_ws/install/detection_msgs/include/detection_msgs/detection_msgs/msg/detection2_d_array.hpp
[0.369s] -- Up-to-date symlink: /root/ros2_ws/install/detection_msgs/include/detection_msgs/detection_msgs/msg/rosidl_generator_cpp__visibility_control.hpp
[0.369s] -- Up-to-date symlink: /root/ros2_ws/install/detection_msgs/include/detection_msgs/detection_msgs/msg/detail/detection2_d__rosidl_typesupport_fastrtps_cpp.hpp
[0.369s] -- Up-to-date symlink: /root/ros2_ws/install/detection_msgs/include/detection_msgs/detection_msgs/msg/detail/detection2_d_array__rosidl_typesupport_fastrtps_cpp.hpp
[0.369s] -- Up-to-date symlink: /root/ros2_ws/install/detection_msgs/include/detection_msgs/detection_msgs/msg/rosidl_typesupport_fastrtps_cpp__visibility_control.h
[0.370s] -- Up-to-date symlink: /root/ros2_ws/install/detection_msgs/include/detection_msgs/detection_msgs/msg/detail/detection2_d__rosidl_typesupport_introspection_cpp.hpp
[0.370s] -- Up-to-date symlink: /root/ros2_ws/install/detection_msgs/include/detection_msgs/detection_msgs/msg/detail/detection2_d_array__rosidl_typesupport_introspection_cpp.hpp
[0.370s] -- Up-to-date symlink: /root/ros2_ws/install/detection_msgs/share/detection_msgs/environment/pythonpath.sh
[0.370s] -- Up-to-date symlink: /root/ros2_ws/install/detection_msgs/share/detection_msgs/environment/pythonpath.dsv
[0.370s] -- Up-to-date symlink: /root/ros2_ws/install/detection_msgs/lib/python3.12/site-packages/detection_msgs-0.0.1-py3.12.egg-info/PKG-INFO
[0.370s] -- Up-to-date symlink: /root/ros2_ws/install/detection_msgs/lib/python3.12/site-packages/detection_msgs-0.0.1-py3.12.egg-info/SOURCES.txt
[0.370s] -- Up-to-date symlink: /root/ros2_ws/install/detection_msgs/lib/python3.12/site-packages/detection_msgs-0.0.1-py3.12.egg-info/dependency_links.txt
[0.370s] -- Up-to-date symlink: /root/ros2_ws/install/detection_msgs/lib/python3.12/site-packages/detection_msgs-0.0.1-py3.12.egg-info/top_level.txt
[0.370s] -- Up-to-date symlink: /root/ros2_ws/install/detection_msgs/lib/python3.12/site-packages/detection_msgs/__init__.py
[0.370s] -- Up-to-date symlink: /root/ros2_ws/install/detection_msgs/lib/python3.12/site-packages/detection_msgs/_detection_msgs_s.ep.rosidl_typesupport_c.c
[0.370s] -- Up-to-date symlink: /root/ros2_ws/install/detection_msgs/lib/python3.12/site-packages/detection_msgs/_detection_msgs_s.ep.rosidl_typesupport_fastrtps_c.c
[0.370s] -- Up-to-date symlink: /root/ros2_ws/install/detection_msgs/lib/python3.12/site-packages/detection_msgs/_detection_msgs_s.ep.rosidl_typesupport_introspection_c.c
[0.370s] -- Up-to-date symlink: /root/ros2_ws/install/detection_msgs/lib/python3.12/site-packages/detection_msgs/detection_msgs_s__rosidl_typesupport_c.so
[0.371s] -- Up-to-date symlink: /root/ros2_ws/install/detection_msgs/lib/python3.12/site-packages/detection_msgs/detection_msgs_s__rosidl_typesupport_fastrtps_c.so
[0.371s] -- Up-to-date symlink: /root/ros2_ws/install/detection_msgs/lib/python3.12/site-packages/detection_msgs/detection_msgs_s__rosidl_typesupport_introspection_c.so
[0.371s] -- Up-to-date symlink: /root/ros2_ws/install/detection_msgs/lib/python3.12/site-packages/detection_msgs/msg/__init__.py
[0.371s] -- Up-to-date symlink: /root/ros2_ws/install/detection_msgs/lib/python3.12/site-packages/detection_msgs/msg/_detection2_d.py
[0.371s] -- Up-to-date symlink: /root/ros2_ws/install/detection_msgs/lib/python3.12/site-packages/detection_msgs/msg/_detection2_d_array.py
[0.371s] -- Up-to-date symlink: /root/ros2_ws/install/detection_msgs/lib/python3.12/site-packages/detection_msgs/msg/_detection2_d_array_s.c
[0.371s] -- Up-to-date symlink: /root/ros2_ws/install/detection_msgs/lib/python3.12/site-packages/detection_msgs/msg/_detection2_d_s.c
[0.371s] -- Up-to-date symlink: /root/ros2_ws/install/detection_msgs/lib/python3.12/site-packages/detection_msgs/detection_msgs_s__rosidl_typesupport_fastrtps_c.so
[0.371s] -- Up-to-date symlink: /root/ros2_ws/install/detection_msgs/lib/python3.12/site-packages/detection_msgs/detection_msgs_s__rosidl_typesupport_introspection_c.so
[0.371s] -- Up-to-date symlink: /root/ros2_ws/install/detection_msgs/lib/python3.12/site-packages/detection_msgs/detection_msgs_s__rosidl_typesupport_c.so
[0.371s] -- Up-to-date symlink: /root/ros2_ws/install/detection_msgs/share/ament_index/resource_index/rust_packages/detection_msgs
[0.371s] -- Up-to-date symlink: /root/ros2_ws/install/detection_msgs/share/detection_msgs/rust/Cargo.toml
[0.372s] -- Up-to-date symlink: /root/ros2_ws/install/detection_msgs/share/detection_msgs/rust/build.rs
[0.372s] -- Up-to-date symlink: /root/ros2_ws/install/detection_msgs/share/detection_msgs/rust/src/lib.rs
[0.372s] -- Up-to-date symlink: /root/ros2_ws/install/detection_msgs/share/detection_msgs/rust/src/msg.rs
[0.372s] -- Up-to-date symlink: /root/ros2_ws/install/detection_msgs/share/detection_msgs/rust/src/msg/rmw.rs
[0.372s] -- Up-to-date symlink: /root/ros2_ws/install/detection_msgs/share/detection_msgs/msg/Detection2D.idl
[0.372s] -- Up-to-date symlink: /root/ros2_ws/install/detection_msgs/share/detection_msgs/msg/Detection2DArray.idl
[0.372s] -- Up-to-date symlink: /root/ros2_ws/install/detection_msgs/share/detection_msgs/msg/Detection2D.msg
[0.372s] -- Up-to-date symlink: /root/ros2_ws/install/detection_msgs/share/detection_msgs/msg/Detection2DArray.msg
[0.372s] -- Up-to-date symlink: /root/ros2_ws/install/detection_msgs/share/ament_index/resource_index/package_run_dependencies/detection_msgs
[0.372s] -- Up-to-date symlink: /root/ros2_ws/install/detection_msgs/share/ament_index/resource_index/parent_prefix_path/detection_msgs
[0.372s] -- Up-to-date symlink: /root/ros2_ws/install/detection_msgs/share/detection_msgs/environment/ament_prefix_path.sh
[0.372s] -- Up-to-date symlink: /root/ros2_ws/install/detection_msgs/share/detection_msgs/environment/ament_prefix_path.dsv
[0.373s] -- Up-to-date symlink: /root/ros2_ws/install/detection_msgs/share/detection_msgs/environment/path.sh
[0.373s] -- Up-to-date symlink: /root/ros2_ws/install/detection_msgs/share/detection_msgs/environment/path.dsv
[0.373s] -- Up-to-date symlink: /root/ros2_ws/install/detection_msgs/share/detection_msgs/local_setup.bash
[0.373s] -- Up-to-date symlink: /root/ros2_ws/install/detection_msgs/share/detection_msgs/local_setup.sh
[0.373s] -- Up-to-date symlink: /root/ros2_ws/install/detection_msgs/share/detection_msgs/local_setup.zsh
[0.373s] -- Up-to-date symlink: /root/ros2_ws/install/detection_msgs/share/detection_msgs/local_setup.dsv
[0.373s] -- Symlinking: /root/ros2_ws/install/detection_msgs/share/detection_msgs/package.dsv
[0.378s] -- Up-to-date symlink: /root/ros2_ws/install/detection_msgs/share/ament_index/resource_index/packages/detection_msgs
[0.378s] -- Up-to-date symlink: /root/ros2_ws/install/detection_msgs/share/detection_msgs/cmake/rosidl_cmake-extras.cmake
[0.378s] -- Up-to-date symlink: /root/ros2_ws/install/detection_msgs/share/detection_msgs/cmake/ament_cmake_export_dependencies-extras.cmake
[0.379s] -- Up-to-date symlink: /root/ros2_ws/install/detection_msgs/share/detection_msgs/cmake/ament_cmake_export_include_directories-extras.cmake
[0.379s] -- Up-to-date symlink: /root/ros2_ws/install/detection_msgs/share/detection_msgs/cmake/ament_cmake_export_libraries-extras.cmake
[0.379s] -- Up-to-date symlink: /root/ros2_ws/install/detection_msgs/share/detection_msgs/cmake/ament_cmake_export_targets-extras.cmake
[0.379s] -- Up-to-date symlink: /root/ros2_ws/install/detection_msgs/share/detection_msgs/cmake/rosidl_cmake_export_typesupport_targets-extras.cmake
[0.379s] -- Up-to-date symlink: /root/ros2_ws/install/detection_msgs/share/detection_msgs/cmake/rosidl_cmake_export_typesupport_libraries-extras.cmake
[0.379s] -- Up-to-date symlink: /root/ros2_ws/install/detection_msgs/share/detection_msgs/cmake/detection_msgsConfig.cmake
[0.379s] -- Up-to-date symlink: /root/ros2_ws/install/detection_msgs/share/detection_msgs/cmake/detection_msgsConfig-version.cmake
[0.379s] -- Up-to-date symlink: /root/ros2_ws/install/detection_msgs/share/detection_msgs/package.xml
[0.379s] -- Up-to-date: /root/ros2_ws/install/detection_msgs/lib/libdetection_msgs__rosidl_generator_c.so
[0.379s] -- Up-to-date: /root/ros2_ws/install/detection_msgs/lib/libdetection_msgs__rosidl_typesupport_fastrtps_c.so
[0.379s] -- Up-to-date: /root/ros2_ws/install/detection_msgs/lib/libdetection_msgs__rosidl_typesupport_introspection_c.so
[0.380s] -- Up-to-date: /root/ros2_ws/install/detection_msgs/lib/libdetection_msgs__rosidl_typesupport_c.so
[0.380s] -- Up-to-date: /root/ros2_ws/install/detection_msgs/lib/libdetection_msgs__rosidl_typesupport_fastrtps_cpp.so
[0.381s] -- Up-to-date: /root/ros2_ws/install/detection_msgs/lib/libdetection_msgs__rosidl_typesupport_introspection_cpp.so
[0.381s] -- Up-to-date: /root/ros2_ws/install/detection_msgs/lib/libdetection_msgs__rosidl_typesupport_cpp.so
[0.403s] Listing '/root/ros2_ws/install/detection_msgs/lib/python3.12/site-packages/detection_msgs'...
[0.403s] Listing '/root/ros2_ws/install/detection_msgs/lib/python3.12/site-packages/detection_msgs/msg'...
[0.406s] -- Up-to-date: /root/ros2_ws/install/detection_msgs/lib/libdetection_msgs__rosidl_generator_py.so
[0.406s] -- Up-to-date: /root/ros2_ws/install/detection_msgs/share/detection_msgs/cmake/export_detection_msgs__rosidl_generator_cExport.cmake
[0.406s] -- Up-to-date: /root/ros2_ws/install/detection_msgs/share/detection_msgs/cmake/export_detection_msgs__rosidl_generator_cExport-noconfig.cmake
[0.406s] -- Up-to-date: /root/ros2_ws/install/detection_msgs/share/detection_msgs/cmake/export_detection_msgs__rosidl_typesupport_fastrtps_cExport.cmake
[0.406s] -- Up-to-date: /root/ros2_ws/install/detection_msgs/share/detection_msgs/cmake/export_detection_msgs__rosidl_typesupport_fastrtps_cExport-noconfig.cmake
[0.406s] -- Up-to-date: /root/ros2_ws/install/detection_msgs/share/detection_msgs/cmake/detection_msgs__rosidl_typesupport_introspection_cExport.cmake
[0.407s] -- Up-to-date: /root/ros2_ws/install/detection_msgs/share/detection_msgs/cmake/detection_msgs__rosidl_typesupport_introspection_cExport-noconfig.cmake
[0.407s] -- Up-to-date: /root/ros2_ws/install/detection_msgs/share/detection_msgs/cmake/detection_msgs__rosidl_typesupport_cExport.cmake
[0.407s] -- Up-to-date: /root/ros2_ws/install/detection_msgs/share/detection_msgs/cmake/detection_msgs__rosidl_typesupport_cExport-noconfig.cmake
[0.407s] -- Up-to-date: /root/ros2_ws/install/detection_msgs/share/detection_msgs/cmake/export_detection_msgs__rosidl_generator_cppExport.cmake
[0.407s] -- Up-to-date: /root/ros2_ws/install/detection_msgs/share/detection_msgs/cmake/export_detection_msgs__rosidl_typesupport_fastrtps_cppExport.cmake
[0.407s] -- Up-to-date: /root/ros2_ws/install/detection_msgs/share/detection_msgs/cmake/export_detection_msgs__rosidl_typesupport_fastrtps_cppExport-noconfig.cmake
[0.408s] -- Up-to-date: /root/ros2_ws/install/detection_msgs/share/detection_msgs/cmake/detection_msgs__rosidl_typesupport_introspection_cppExport.cmake
[0.408s] -- Up-to-date: /root/ros2_ws/install/detection_msgs/share/detection_msgs/cmake/detection_msgs__rosidl_typesupport_introspection_cppExport-noconfig.cmake
[0.408s] -- Up-to-date: /root/ros2_ws/install/detection_msgs/share/detection_msgs/cmake/detection_msgs__rosidl_typesupport_cppExport.cmake
[0.408s] -- Up-to-date: /root/ros2_ws/install/detection_msgs/share/detection_msgs/cmake/detection_msgs__rosidl_typesupport_cppExport-noconfig.cmake
[0.408s] -- Up-to-date: /root/ros2_ws/install/detection_msgs/share/detection_msgs/cmake/export_detection_msgs__rosidl_generator_pyExport.cmake
[0.408s] -- Up-to-date: /root/ros2_ws/install/detection_msgs/share/detection_msgs/cmake/export_detection_msgs__rosidl_generator_pyExport-noconfig.cmake
[0.410s] Invoked command in '/root/ros2_ws/build/detection_msgs' returned '0': CMAKE_PREFIX_PATH=${CMAKE_PREFIX_PATH}:/opt/ros/jazzy /usr/bin/cmake --install /root/ros2_ws/build/detection_msgs
