[0.000000] (-) TimerEvent: {}
[0.006267] (-) JobUnselected: {'identifier': 'detection_msgs'}
[0.006466] (yolo_detection) JobQueued: {'identifier': 'yolo_detection', 'dependencies': OrderedDict({'detection_msgs': '/root/ros2_ws/install/detection_msgs'})}
[0.006542] (yolo_detection) JobStarted: {'identifier': 'yolo_detection'}
[0.101257] (-) TimerEvent: {}
[0.201582] (-) TimerEvent: {}
[0.301887] (-) TimerEvent: {}
[0.403425] (-) TimerEvent: {}
[0.503719] (-) TimerEvent: {}
[0.604949] (-) TimerEvent: {}
[0.705825] (-) TimerEvent: {}
[0.807815] (-) TimerEvent: {}
[0.910387] (-) TimerEvent: {}
[1.010754] (-) TimerEvent: {}
[1.119154] (-) TimerEvent: {}
[1.220242] (-) TimerEvent: {}
[1.326459] (-) TimerEvent: {}
[1.426909] (-) TimerEvent: {}
[1.527295] (-) TimerEvent: {}
[1.627630] (-) TimerEvent: {}
[1.738622] (-) TimerEvent: {}
[1.838925] (-) TimerEvent: {}
[1.939310] (-) TimerEvent: {}
[2.044625] (-) TimerEvent: {}
[2.145342] (-) TimerEvent: {}
[2.247979] (-) TimerEvent: {}
[2.348266] (-) TimerEvent: {}
[2.455277] (-) TimerEvent: {}
[2.555580] (-) TimerEvent: {}
[2.655969] (-) TimerEvent: {}
[2.759239] (-) TimerEvent: {}
[2.859564] (-) TimerEvent: {}
[2.960071] (-) TimerEvent: {}
[3.064577] (-) TimerEvent: {}
[3.165297] (-) TimerEvent: {}
[3.267763] (-) TimerEvent: {}
[3.368064] (-) TimerEvent: {}
[3.468419] (-) TimerEvent: {}
[3.568797] (-) TimerEvent: {}
[3.581934] (yolo_detection) Command: {'cmd': ['/usr/bin/python3', '-W', 'ignore:setup.py install is deprecated', '-W', 'ignore:easy_install command is deprecated', 'setup.py', 'develop', '--editable', '--build-directory', '/root/ros2_ws/build/yolo_detection/build', '--no-deps', 'symlink_data'], 'cwd': '/root/ros2_ws/build/yolo_detection', 'env': {'GZ_SIM_RESOURCE_PATH': '/opt/ros/jazzy/share', 'GZ_CONFIG_PATH': '/opt/ros/jazzy/opt/gz_sim_vendor/share/gz:/opt/ros/jazzy/opt/sdformat_vendor/share/gz:/opt/ros/jazzy/opt/gz_gui_vendor/share/gz:/opt/ros/jazzy/opt/gz_transport_vendor/share/gz:/opt/ros/jazzy/opt/gz_rendering_vendor/share/gz:/opt/ros/jazzy/opt/gz_plugin_vendor/share/gz:/opt/ros/jazzy/opt/gz_fuel_tools_vendor/share/gz:/opt/ros/jazzy/opt/gz_msgs_vendor/share/gz:/opt/ros/jazzy/opt/gz_common_vendor/share/gz', 'HOSTNAME': '5f0c40f48c0e', 'SHLVL': '0', 'LD_LIBRARY_PATH': '/root/ros2_ws/install/detection_msgs/lib:/opt/ros/jazzy/opt/gz_sim_vendor/lib:/opt/ros/jazzy/opt/gz_sensors_vendor/lib:/opt/ros/jazzy/opt/gz_physics_vendor/lib:/opt/ros/jazzy/opt/sdformat_vendor/lib:/opt/ros/jazzy/opt/rviz_ogre_vendor/lib:/opt/ros/jazzy/lib/x86_64-linux-gnu:/opt/ros/jazzy/opt/gz_gui_vendor/lib:/opt/ros/jazzy/opt/gz_transport_vendor/lib:/opt/ros/jazzy/opt/gz_rendering_vendor/lib:/opt/ros/jazzy/opt/gz_plugin_vendor/lib:/opt/ros/jazzy/opt/gz_fuel_tools_vendor/lib:/opt/ros/jazzy/opt/gz_msgs_vendor/lib:/opt/ros/jazzy/opt/gz_common_vendor/lib:/opt/ros/jazzy/opt/gz_math_vendor/lib:/opt/ros/jazzy/opt/gz_utils_vendor/lib:/opt/ros/jazzy/opt/gz_tools_vendor/lib:/opt/ros/jazzy/opt/gz_ogre_next_vendor/lib:/opt/ros/jazzy/opt/gz_dartsim_vendor/lib:/opt/ros/jazzy/opt/gz_cmake_vendor/lib:/opt/ros/jazzy/lib', 'HOME': '/root', 'OLDPWD': '/root', 'ROS_PYTHON_VERSION': '3', 'ROS_DISTRO': 'jazzy', '_': '/usr/bin/colcon', 'ROS_VERSION': '2', 'PATH': '/opt/ros/jazzy/opt/gz_msgs_vendor/bin:/opt/ros/jazzy/opt/gz_tools_vendor/bin:/opt/ros/jazzy/opt/gz_ogre_next_vendor/bin:/opt/ros/jazzy/bin:/usr/local/sbin:/usr/local/bin:/usr/sbin:/usr/bin:/sbin:/bin', 'DISPLAY': ':1', 'LANG': 'en_US.UTF-8', 'AMENT_PREFIX_PATH': '/root/ros2_ws/install/detection_msgs:/opt/ros/jazzy', 'DEBIAN_FRONTEND': 'noninteractive', 'ROS_AUTOMATIC_DISCOVERY_RANGE': 'SUBNET', 'PWD': '/root/ros2_ws/build/yolo_detection', 'LC_ALL': 'C.UTF-8', 'XDG_DATA_DIRS': '/usr/share/gnome:/usr/local/share/:/usr/share/', 'PYTHONPATH': '/root/ros2_ws/build/yolo_detection/prefix_override:/usr/lib/python3/dist-packages/colcon_core/task/python/colcon_distutils_commands:/root/ros2_ws/install/yolo_detection/lib/python3.12/site-packages:/root/ros2_ws/install/detection_msgs/lib/python3.12/site-packages:/opt/ros/jazzy/lib/python3.12/site-packages', 'COLCON': '1', 'CMAKE_PREFIX_PATH': '/root/ros2_ws/install/detection_msgs:/opt/ros/jazzy/opt/gz_sim_vendor:/opt/ros/jazzy/opt/gz_sensors_vendor:/opt/ros/jazzy/opt/gz_physics_vendor:/opt/ros/jazzy/opt/sdformat_vendor:/opt/ros/jazzy/opt/gz_gui_vendor:/opt/ros/jazzy/opt/gz_transport_vendor:/opt/ros/jazzy/opt/gz_rendering_vendor:/opt/ros/jazzy/opt/gz_plugin_vendor:/opt/ros/jazzy/opt/gz_fuel_tools_vendor:/opt/ros/jazzy/opt/gz_msgs_vendor:/opt/ros/jazzy/opt/gz_common_vendor:/opt/ros/jazzy/opt/gz_math_vendor:/opt/ros/jazzy/opt/gz_utils_vendor:/opt/ros/jazzy/opt/gz_tools_vendor:/opt/ros/jazzy/opt/gz_ogre_next_vendor:/opt/ros/jazzy/opt/gz_dartsim_vendor:/opt/ros/jazzy/opt/gz_cmake_vendor'}, 'shell': False}
[3.671465] (-) TimerEvent: {}
[3.771799] (-) TimerEvent: {}
[3.872326] (-) TimerEvent: {}
[3.973298] (-) TimerEvent: {}
[4.077289] (-) TimerEvent: {}
[4.177964] (-) TimerEvent: {}
[4.278320] (-) TimerEvent: {}
[4.378652] (-) TimerEvent: {}
[4.483092] (-) TimerEvent: {}
[4.586249] (-) TimerEvent: {}
[4.688286] (-) TimerEvent: {}
[4.791748] (-) TimerEvent: {}
[4.888717] (yolo_detection) StdoutLine: {'line': b'running develop\n'}
[4.896798] (-) TimerEvent: {}
[4.997235] (-) TimerEvent: {}
[5.105294] (-) TimerEvent: {}
[5.205624] (-) TimerEvent: {}
[5.306059] (-) TimerEvent: {}
[5.407270] (-) TimerEvent: {}
[5.508491] (-) TimerEvent: {}
[5.614033] (-) TimerEvent: {}
[5.714338] (-) TimerEvent: {}
[5.814923] (-) TimerEvent: {}
[5.915276] (-) TimerEvent: {}
[5.924268] (yolo_detection) StdoutLine: {'line': b'running egg_info\n'}
[6.015499] (-) TimerEvent: {}
[6.043442] (yolo_detection) StdoutLine: {'line': b'writing yolo_detection.egg-info/PKG-INFO\n'}
[6.046551] (yolo_detection) StdoutLine: {'line': b'writing dependency_links to yolo_detection.egg-info/dependency_links.txt\n'}
[6.047478] (yolo_detection) StdoutLine: {'line': b'writing entry points to yolo_detection.egg-info/entry_points.txt\n'}
[6.047887] (yolo_detection) StdoutLine: {'line': b'writing requirements to yolo_detection.egg-info/requires.txt\n'}
[6.048390] (yolo_detection) StdoutLine: {'line': b'writing top-level names to yolo_detection.egg-info/top_level.txt\n'}
[6.116485] (-) TimerEvent: {}
[6.221733] (-) TimerEvent: {}
[6.275762] (yolo_detection) StdoutLine: {'line': b"reading manifest file 'yolo_detection.egg-info/SOURCES.txt'\n"}
[6.286793] (yolo_detection) StdoutLine: {'line': b"writing manifest file 'yolo_detection.egg-info/SOURCES.txt'\n"}
[6.322175] (-) TimerEvent: {}
[6.416632] (yolo_detection) StdoutLine: {'line': b'running build_ext\n'}
[6.417352] (yolo_detection) StdoutLine: {'line': b'Creating /root/ros2_ws/install/yolo_detection/lib/python3.12/site-packages/yolo-detection.egg-link (link to .)\n'}
[6.422548] (-) TimerEvent: {}
[6.429720] (yolo_detection) StdoutLine: {'line': b'Installing visualizer_node script to /root/ros2_ws/install/yolo_detection/lib/yolo_detection\n'}
[6.436962] (yolo_detection) StdoutLine: {'line': b'Installing yolo_node script to /root/ros2_ws/install/yolo_detection/lib/yolo_detection\n'}
[6.438933] (yolo_detection) StdoutLine: {'line': b'\n'}
[6.443818] (yolo_detection) StdoutLine: {'line': b'Installed /root/ros2_ws/build/yolo_detection\n'}
[6.446843] (yolo_detection) StdoutLine: {'line': b'running symlink_data\n'}
[6.525041] (-) TimerEvent: {}
[6.630005] (-) TimerEvent: {}
[6.677546] (yolo_detection) CommandEnded: {'returncode': 0}
[6.731515] (-) TimerEvent: {}
[6.757846] (yolo_detection) JobEnded: {'identifier': 'yolo_detection', 'rc': 0}
[6.760522] (-) EventReactorShutdown: {}
