[0.077s] DEBUG:colcon:Command line arguments: ['/usr/bin/colcon', 'build', '--symlink-install']
[0.077s] DEBUG:colcon:Parsed command line arguments: Namespace(log_base=None, log_level=None, verb_name='build', build_base='build', install_base='install', merge_install=False, symlink_install=True, test_result_base=None, continue_on_error=False, executor='parallel', parallel_workers=20, event_handlers=None, ignore_user_meta=False, metas=['./colcon.meta'], base_paths=['.'], packages_ignore=None, packages_ignore_regex=None, paths=None, packages_up_to=None, packages_up_to_regex=None, packages_above=None, packages_above_and_dependencies=None, packages_above_depth=None, packages_select_by_dep=None, packages_skip_by_dep=None, packages_skip_up_to=None, packages_select_build_failed=False, packages_skip_build_finished=False, packages_select_test_failures=False, packages_skip_test_passed=False, packages_select=None, packages_skip=None, packages_select_regex=None, packages_skip_regex=None, packages_start=None, packages_end=None, allow_overriding=[], cmake_args=None, cmake_target=None, cmake_target_skip_unavailable=False, cmake_clean_cache=False, cmake_clean_first=False, cmake_force_configure=False, ament_cmake_args=None, catkin_cmake_args=None, catkin_skip_building_tests=False, mixin_files=None, mixin=None, verb_parser=<colcon_mixin.mixin.mixin_argument.MixinArgumentDecorator object at 0x7f75ea7974d0>, verb_extension=<colcon_core.verb.build.BuildVerb object at 0x7f75eb196420>, main=<bound method BuildVerb.main of <colcon_core.verb.build.BuildVerb object at 0x7f75eb196420>>, mixin_verb=('build',))
[0.105s] Level 1:colcon.colcon_core.package_discovery:discover_packages(colcon_meta) check parameters
[0.105s] Level 1:colcon.colcon_core.package_discovery:discover_packages(recursive) check parameters
[0.105s] Level 1:colcon.colcon_core.package_discovery:discover_packages(ignore) check parameters
[0.105s] Level 1:colcon.colcon_core.package_discovery:discover_packages(path) check parameters
[0.105s] Level 1:colcon.colcon_core.package_discovery:discover_packages(colcon_meta) discover
[0.105s] Level 1:colcon.colcon_core.package_discovery:discover_packages(recursive) discover
[0.106s] INFO:colcon.colcon_core.package_discovery:Crawling recursively for packages in '/root/ros2_ws'
[0.106s] Level 1:colcon.colcon_core.package_identification:_identify(.) by extensions ['ignore', 'ignore_ament_install']
[0.106s] Level 1:colcon.colcon_core.package_identification:_identify(.) by extension 'ignore'
[0.106s] Level 1:colcon.colcon_core.package_identification:_identify(.) by extension 'ignore_ament_install'
[0.106s] Level 1:colcon.colcon_core.package_identification:_identify(.) by extensions ['colcon_pkg']
[0.106s] Level 1:colcon.colcon_core.package_identification:_identify(.) by extension 'colcon_pkg'
[0.106s] Level 1:colcon.colcon_core.package_identification:_identify(.) by extensions ['colcon_meta']
[0.106s] Level 1:colcon.colcon_core.package_identification:_identify(.) by extension 'colcon_meta'
[0.106s] Level 1:colcon.colcon_core.package_identification:_identify(.) by extensions ['ros']
[0.106s] Level 1:colcon.colcon_core.package_identification:_identify(.) by extension 'ros'
[0.125s] Level 1:colcon.colcon_core.package_identification:_identify(.) by extensions ['cmake', 'python']
[0.125s] Level 1:colcon.colcon_core.package_identification:_identify(.) by extension 'cmake'
[0.126s] Level 1:colcon.colcon_core.package_identification:_identify(.) by extension 'python'
[0.126s] Level 1:colcon.colcon_core.package_identification:_identify(.) by extensions ['python_setup_py']
[0.126s] Level 1:colcon.colcon_core.package_identification:_identify(.) by extension 'python_setup_py'
[0.126s] Level 1:colcon.colcon_core.package_identification:_identify(build) by extensions ['ignore', 'ignore_ament_install']
[0.126s] Level 1:colcon.colcon_core.package_identification:_identify(build) by extension 'ignore'
[0.126s] Level 1:colcon.colcon_core.package_identification:_identify(build) ignored
[0.126s] Level 1:colcon.colcon_core.package_identification:_identify(install) by extensions ['ignore', 'ignore_ament_install']
[0.126s] Level 1:colcon.colcon_core.package_identification:_identify(install) by extension 'ignore'
[0.126s] Level 1:colcon.colcon_core.package_identification:_identify(install) ignored
[0.126s] Level 1:colcon.colcon_core.package_identification:_identify(log) by extensions ['ignore', 'ignore_ament_install']
[0.126s] Level 1:colcon.colcon_core.package_identification:_identify(log) by extension 'ignore'
[0.126s] Level 1:colcon.colcon_core.package_identification:_identify(log) ignored
[0.126s] Level 1:colcon.colcon_core.package_identification:_identify(src) by extensions ['ignore', 'ignore_ament_install']
[0.126s] Level 1:colcon.colcon_core.package_identification:_identify(src) by extension 'ignore'
[0.126s] Level 1:colcon.colcon_core.package_identification:_identify(src) by extension 'ignore_ament_install'
[0.126s] Level 1:colcon.colcon_core.package_identification:_identify(src) by extensions ['colcon_pkg']
[0.126s] Level 1:colcon.colcon_core.package_identification:_identify(src) by extension 'colcon_pkg'
[0.126s] Level 1:colcon.colcon_core.package_identification:_identify(src) by extensions ['colcon_meta']
[0.126s] Level 1:colcon.colcon_core.package_identification:_identify(src) by extension 'colcon_meta'
[0.126s] Level 1:colcon.colcon_core.package_identification:_identify(src) by extensions ['ros']
[0.126s] Level 1:colcon.colcon_core.package_identification:_identify(src) by extension 'ros'
[0.126s] Level 1:colcon.colcon_core.package_identification:_identify(src) by extensions ['cmake', 'python']
[0.126s] Level 1:colcon.colcon_core.package_identification:_identify(src) by extension 'cmake'
[0.126s] Level 1:colcon.colcon_core.package_identification:_identify(src) by extension 'python'
[0.126s] Level 1:colcon.colcon_core.package_identification:_identify(src) by extensions ['python_setup_py']
[0.126s] Level 1:colcon.colcon_core.package_identification:_identify(src) by extension 'python_setup_py'
[0.127s] Level 1:colcon.colcon_core.package_identification:_identify(src/depth_perception) by extensions ['ignore', 'ignore_ament_install']
[0.127s] Level 1:colcon.colcon_core.package_identification:_identify(src/depth_perception) by extension 'ignore'
[0.127s] Level 1:colcon.colcon_core.package_identification:_identify(src/depth_perception) by extension 'ignore_ament_install'
[0.127s] Level 1:colcon.colcon_core.package_identification:_identify(src/depth_perception) by extensions ['colcon_pkg']
[0.127s] Level 1:colcon.colcon_core.package_identification:_identify(src/depth_perception) by extension 'colcon_pkg'
[0.127s] Level 1:colcon.colcon_core.package_identification:_identify(src/depth_perception) by extensions ['colcon_meta']
[0.127s] Level 1:colcon.colcon_core.package_identification:_identify(src/depth_perception) by extension 'colcon_meta'
[0.127s] Level 1:colcon.colcon_core.package_identification:_identify(src/depth_perception) by extensions ['ros']
[0.127s] Level 1:colcon.colcon_core.package_identification:_identify(src/depth_perception) by extension 'ros'
[0.129s] DEBUG:colcon.colcon_core.package_identification:Package 'src/depth_perception' with type 'ros.ament_python' and name 'depth_perception'
[0.129s] Level 1:colcon.colcon_core.package_identification:_identify(src/detection_msgs) by extensions ['ignore', 'ignore_ament_install']
[0.129s] Level 1:colcon.colcon_core.package_identification:_identify(src/detection_msgs) by extension 'ignore'
[0.129s] Level 1:colcon.colcon_core.package_identification:_identify(src/detection_msgs) by extension 'ignore_ament_install'
[0.129s] Level 1:colcon.colcon_core.package_identification:_identify(src/detection_msgs) by extensions ['colcon_pkg']
[0.129s] Level 1:colcon.colcon_core.package_identification:_identify(src/detection_msgs) by extension 'colcon_pkg'
[0.129s] Level 1:colcon.colcon_core.package_identification:_identify(src/detection_msgs) by extensions ['colcon_meta']
[0.129s] Level 1:colcon.colcon_core.package_identification:_identify(src/detection_msgs) by extension 'colcon_meta'
[0.129s] Level 1:colcon.colcon_core.package_identification:_identify(src/detection_msgs) by extensions ['ros']
[0.129s] Level 1:colcon.colcon_core.package_identification:_identify(src/detection_msgs) by extension 'ros'
[0.129s] DEBUG:colcon.colcon_core.package_identification:Package 'src/detection_msgs' with type 'ros.ament_cmake' and name 'detection_msgs'
[0.130s] Level 1:colcon.colcon_core.package_identification:_identify(src/yolo_detection) by extensions ['ignore', 'ignore_ament_install']
[0.130s] Level 1:colcon.colcon_core.package_identification:_identify(src/yolo_detection) by extension 'ignore'
[0.130s] Level 1:colcon.colcon_core.package_identification:_identify(src/yolo_detection) by extension 'ignore_ament_install'
[0.130s] Level 1:colcon.colcon_core.package_identification:_identify(src/yolo_detection) by extensions ['colcon_pkg']
[0.130s] Level 1:colcon.colcon_core.package_identification:_identify(src/yolo_detection) by extension 'colcon_pkg'
[0.130s] Level 1:colcon.colcon_core.package_identification:_identify(src/yolo_detection) by extensions ['colcon_meta']
[0.130s] Level 1:colcon.colcon_core.package_identification:_identify(src/yolo_detection) by extension 'colcon_meta'
[0.130s] Level 1:colcon.colcon_core.package_identification:_identify(src/yolo_detection) by extensions ['ros']
[0.130s] Level 1:colcon.colcon_core.package_identification:_identify(src/yolo_detection) by extension 'ros'
[0.130s] DEBUG:colcon.colcon_core.package_identification:Package 'src/yolo_detection' with type 'ros.ament_python' and name 'yolo_detection'
[0.130s] Level 1:colcon.colcon_core.package_discovery:discover_packages(recursive) using defaults
[0.130s] Level 1:colcon.colcon_core.package_discovery:discover_packages(ignore) discover
[0.130s] Level 1:colcon.colcon_core.package_discovery:discover_packages(ignore) using defaults
[0.130s] Level 1:colcon.colcon_core.package_discovery:discover_packages(path) discover
[0.130s] Level 1:colcon.colcon_core.package_discovery:discover_packages(path) using defaults
[0.144s] Level 1:colcon.colcon_core.package_discovery:discover_packages(prefix_path) check parameters
[0.144s] Level 1:colcon.colcon_core.package_discovery:discover_packages(prefix_path) discover
[0.146s] DEBUG:colcon.colcon_installed_package_information.package_discovery:Found 325 installed packages in /opt/ros/jazzy
[0.147s] Level 1:colcon.colcon_core.package_discovery:discover_packages(prefix_path) using defaults
[0.177s] Level 5:colcon.colcon_core.verb:set package 'depth_perception' build argument 'cmake_args' from command line to 'None'
[0.177s] Level 5:colcon.colcon_core.verb:set package 'depth_perception' build argument 'cmake_target' from command line to 'None'
[0.177s] Level 5:colcon.colcon_core.verb:set package 'depth_perception' build argument 'cmake_target_skip_unavailable' from command line to 'False'
[0.177s] Level 5:colcon.colcon_core.verb:set package 'depth_perception' build argument 'cmake_clean_cache' from command line to 'False'
[0.177s] Level 5:colcon.colcon_core.verb:set package 'depth_perception' build argument 'cmake_clean_first' from command line to 'False'
[0.177s] Level 5:colcon.colcon_core.verb:set package 'depth_perception' build argument 'cmake_force_configure' from command line to 'False'
[0.177s] Level 5:colcon.colcon_core.verb:set package 'depth_perception' build argument 'ament_cmake_args' from command line to 'None'
[0.177s] Level 5:colcon.colcon_core.verb:set package 'depth_perception' build argument 'catkin_cmake_args' from command line to 'None'
[0.177s] Level 5:colcon.colcon_core.verb:set package 'depth_perception' build argument 'catkin_skip_building_tests' from command line to 'False'
[0.177s] DEBUG:colcon.colcon_core.verb:Building package 'depth_perception' with the following arguments: {'ament_cmake_args': None, 'build_base': '/root/ros2_ws/build/depth_perception', 'catkin_cmake_args': None, 'catkin_skip_building_tests': False, 'cmake_args': None, 'cmake_clean_cache': False, 'cmake_clean_first': False, 'cmake_force_configure': False, 'cmake_target': None, 'cmake_target_skip_unavailable': False, 'install_base': '/root/ros2_ws/install/depth_perception', 'merge_install': False, 'path': '/root/ros2_ws/src/depth_perception', 'symlink_install': True, 'test_result_base': None}
[0.177s] Level 5:colcon.colcon_core.verb:set package 'detection_msgs' build argument 'cmake_args' from command line to 'None'
[0.177s] Level 5:colcon.colcon_core.verb:set package 'detection_msgs' build argument 'cmake_target' from command line to 'None'
[0.178s] Level 5:colcon.colcon_core.verb:set package 'detection_msgs' build argument 'cmake_target_skip_unavailable' from command line to 'False'
[0.178s] Level 5:colcon.colcon_core.verb:set package 'detection_msgs' build argument 'cmake_clean_cache' from command line to 'False'
[0.178s] Level 5:colcon.colcon_core.verb:set package 'detection_msgs' build argument 'cmake_clean_first' from command line to 'False'
[0.178s] Level 5:colcon.colcon_core.verb:set package 'detection_msgs' build argument 'cmake_force_configure' from command line to 'False'
[0.178s] Level 5:colcon.colcon_core.verb:set package 'detection_msgs' build argument 'ament_cmake_args' from command line to 'None'
[0.178s] Level 5:colcon.colcon_core.verb:set package 'detection_msgs' build argument 'catkin_cmake_args' from command line to 'None'
[0.178s] Level 5:colcon.colcon_core.verb:set package 'detection_msgs' build argument 'catkin_skip_building_tests' from command line to 'False'
[0.178s] DEBUG:colcon.colcon_core.verb:Building package 'detection_msgs' with the following arguments: {'ament_cmake_args': None, 'build_base': '/root/ros2_ws/build/detection_msgs', 'catkin_cmake_args': None, 'catkin_skip_building_tests': False, 'cmake_args': None, 'cmake_clean_cache': False, 'cmake_clean_first': False, 'cmake_force_configure': False, 'cmake_target': None, 'cmake_target_skip_unavailable': False, 'install_base': '/root/ros2_ws/install/detection_msgs', 'merge_install': False, 'path': '/root/ros2_ws/src/detection_msgs', 'symlink_install': True, 'test_result_base': None}
[0.178s] Level 5:colcon.colcon_core.verb:set package 'yolo_detection' build argument 'cmake_args' from command line to 'None'
[0.178s] Level 5:colcon.colcon_core.verb:set package 'yolo_detection' build argument 'cmake_target' from command line to 'None'
[0.178s] Level 5:colcon.colcon_core.verb:set package 'yolo_detection' build argument 'cmake_target_skip_unavailable' from command line to 'False'
[0.178s] Level 5:colcon.colcon_core.verb:set package 'yolo_detection' build argument 'cmake_clean_cache' from command line to 'False'
[0.178s] Level 5:colcon.colcon_core.verb:set package 'yolo_detection' build argument 'cmake_clean_first' from command line to 'False'
[0.178s] Level 5:colcon.colcon_core.verb:set package 'yolo_detection' build argument 'cmake_force_configure' from command line to 'False'
[0.178s] Level 5:colcon.colcon_core.verb:set package 'yolo_detection' build argument 'ament_cmake_args' from command line to 'None'
[0.178s] Level 5:colcon.colcon_core.verb:set package 'yolo_detection' build argument 'catkin_cmake_args' from command line to 'None'
[0.178s] Level 5:colcon.colcon_core.verb:set package 'yolo_detection' build argument 'catkin_skip_building_tests' from command line to 'False'
[0.178s] DEBUG:colcon.colcon_core.verb:Building package 'yolo_detection' with the following arguments: {'ament_cmake_args': None, 'build_base': '/root/ros2_ws/build/yolo_detection', 'catkin_cmake_args': None, 'catkin_skip_building_tests': False, 'cmake_args': None, 'cmake_clean_cache': False, 'cmake_clean_first': False, 'cmake_force_configure': False, 'cmake_target': None, 'cmake_target_skip_unavailable': False, 'install_base': '/root/ros2_ws/install/yolo_detection', 'merge_install': False, 'path': '/root/ros2_ws/src/yolo_detection', 'symlink_install': True, 'test_result_base': None}
[0.178s] INFO:colcon.colcon_core.executor:Executing jobs using 'parallel' executor
[0.179s] DEBUG:colcon.colcon_parallel_executor.executor.parallel:run_until_complete
[0.179s] INFO:colcon.colcon_ros.task.ament_cmake.build:Building ROS package in '/root/ros2_ws/src/detection_msgs' with build type 'ament_cmake'
[0.179s] INFO:colcon.colcon_cmake.task.cmake.build:Building CMake package in '/root/ros2_ws/src/detection_msgs'
[0.181s] INFO:colcon.colcon_core.plugin_system:Skipping extension 'colcon_core.shell.bat': Not used on non-Windows systems
[0.181s] INFO:colcon.colcon_core.shell:Skip shell extension 'powershell' for command environment: Not usable outside of PowerShell
[0.181s] DEBUG:colcon.colcon_core.shell:Skip shell extension 'dsv' for command environment
[0.183s] INFO:colcon.colcon_ros.task.ament_python.build:Building ROS package in '/root/ros2_ws/src/depth_perception' with build type 'ament_python'
[0.183s] Level 1:colcon.colcon_core.shell:create_environment_hook('depth_perception', 'ament_prefix_path')
[0.183s] INFO:colcon.colcon_core.shell:Creating environment hook '/root/ros2_ws/install/depth_perception/share/depth_perception/hook/ament_prefix_path.ps1'
[0.184s] INFO:colcon.colcon_core.shell:Creating environment descriptor '/root/ros2_ws/install/depth_perception/share/depth_perception/hook/ament_prefix_path.dsv'
[0.184s] INFO:colcon.colcon_core.shell:Creating environment hook '/root/ros2_ws/install/depth_perception/share/depth_perception/hook/ament_prefix_path.sh'
[0.184s] INFO:colcon.colcon_core.shell:Skip shell extension 'powershell' for command environment: Not usable outside of PowerShell
[0.184s] DEBUG:colcon.colcon_core.shell:Skip shell extension 'dsv' for command environment
[0.189s] DEBUG:colcon.colcon_core.event_handler.log_command:Invoking command in '/root/ros2_ws/build/detection_msgs': CMAKE_PREFIX_PATH=${CMAKE_PREFIX_PATH}:/opt/ros/jazzy /usr/bin/cmake --build /root/ros2_ws/build/detection_msgs -- -j20 -l20
[0.355s] INFO:colcon.colcon_core.task.python.build:Building Python package in '/root/ros2_ws/src/depth_perception'
[0.356s] INFO:colcon.colcon_core.shell:Skip shell extension 'powershell' for command environment: Not usable outside of PowerShell
[0.356s] DEBUG:colcon.colcon_core.shell:Skip shell extension 'dsv' for command environment
[0.609s] DEBUG:colcon.colcon_core.event_handler.log_command:Invoked command in '/root/ros2_ws/build/detection_msgs' returned '0': CMAKE_PREFIX_PATH=${CMAKE_PREFIX_PATH}:/opt/ros/jazzy /usr/bin/cmake --build /root/ros2_ws/build/detection_msgs -- -j20 -l20
[0.619s] DEBUG:colcon.colcon_core.event_handler.log_command:Invoking command in '/root/ros2_ws/build/detection_msgs': CMAKE_PREFIX_PATH=${CMAKE_PREFIX_PATH}:/opt/ros/jazzy /usr/bin/cmake --install /root/ros2_ws/build/detection_msgs
[0.682s] Level 1:colcon.colcon_core.environment:create_environment_scripts_only(detection_msgs)
[0.683s] DEBUG:colcon.colcon_core.event_handler.log_command:Invoked command in '/root/ros2_ws/build/detection_msgs' returned '0': CMAKE_PREFIX_PATH=${CMAKE_PREFIX_PATH}:/opt/ros/jazzy /usr/bin/cmake --install /root/ros2_ws/build/detection_msgs
[0.684s] Level 1:colcon.colcon_core.environment:checking '/root/ros2_ws/install/detection_msgs' for CMake module files
[0.685s] Level 1:colcon.colcon_core.environment:checking '/root/ros2_ws/install/detection_msgs' for CMake config files
[0.685s] Level 1:colcon.colcon_core.shell:create_environment_hook('detection_msgs', 'cmake_prefix_path')
[0.685s] INFO:colcon.colcon_core.shell:Creating environment hook '/root/ros2_ws/install/detection_msgs/share/detection_msgs/hook/cmake_prefix_path.ps1'
[0.685s] INFO:colcon.colcon_core.shell:Creating environment descriptor '/root/ros2_ws/install/detection_msgs/share/detection_msgs/hook/cmake_prefix_path.dsv'
[0.686s] INFO:colcon.colcon_core.shell:Creating environment hook '/root/ros2_ws/install/detection_msgs/share/detection_msgs/hook/cmake_prefix_path.sh'
[0.686s] Level 1:colcon.colcon_core.environment:checking '/root/ros2_ws/install/detection_msgs/lib'
[0.686s] Level 1:colcon.colcon_core.shell:create_environment_hook('detection_msgs', 'ld_library_path_lib')
[0.686s] INFO:colcon.colcon_core.shell:Creating environment hook '/root/ros2_ws/install/detection_msgs/share/detection_msgs/hook/ld_library_path_lib.ps1'
[0.687s] INFO:colcon.colcon_core.shell:Creating environment descriptor '/root/ros2_ws/install/detection_msgs/share/detection_msgs/hook/ld_library_path_lib.dsv'
[0.687s] INFO:colcon.colcon_core.shell:Creating environment hook '/root/ros2_ws/install/detection_msgs/share/detection_msgs/hook/ld_library_path_lib.sh'
[0.687s] Level 1:colcon.colcon_core.environment:checking '/root/ros2_ws/install/detection_msgs/bin'
[0.687s] Level 1:colcon.colcon_core.environment:checking '/root/ros2_ws/install/detection_msgs/lib/pkgconfig/detection_msgs.pc'
[0.688s] Level 1:colcon.colcon_core.environment:checking '/root/ros2_ws/install/detection_msgs/lib/python3.12/site-packages'
[0.688s] Level 1:colcon.colcon_core.shell:create_environment_hook('detection_msgs', 'pythonpath')
[0.688s] INFO:colcon.colcon_core.shell:Creating environment hook '/root/ros2_ws/install/detection_msgs/share/detection_msgs/hook/pythonpath.ps1'
[0.688s] INFO:colcon.colcon_core.shell:Creating environment descriptor '/root/ros2_ws/install/detection_msgs/share/detection_msgs/hook/pythonpath.dsv'
[0.688s] INFO:colcon.colcon_core.shell:Creating environment hook '/root/ros2_ws/install/detection_msgs/share/detection_msgs/hook/pythonpath.sh'
[0.689s] Level 1:colcon.colcon_core.environment:checking '/root/ros2_ws/install/detection_msgs/bin'
[0.689s] INFO:colcon.colcon_core.shell:Creating package script '/root/ros2_ws/install/detection_msgs/share/detection_msgs/package.ps1'
[0.690s] INFO:colcon.colcon_core.shell:Creating package descriptor '/root/ros2_ws/install/detection_msgs/share/detection_msgs/package.dsv'
[0.690s] INFO:colcon.colcon_core.shell:Creating package script '/root/ros2_ws/install/detection_msgs/share/detection_msgs/package.sh'
[0.691s] INFO:colcon.colcon_core.shell:Creating package script '/root/ros2_ws/install/detection_msgs/share/detection_msgs/package.bash'
[0.691s] INFO:colcon.colcon_core.shell:Creating package script '/root/ros2_ws/install/detection_msgs/share/detection_msgs/package.zsh'
[0.692s] Level 1:colcon.colcon_core.environment:create_file_with_runtime_dependencies(/root/ros2_ws/install/detection_msgs/share/colcon-core/packages/detection_msgs)
[0.692s] Level 1:colcon.colcon_core.environment:create_environment_scripts_only(detection_msgs)
[0.692s] Level 1:colcon.colcon_core.environment:checking '/root/ros2_ws/install/detection_msgs' for CMake module files
[0.693s] Level 1:colcon.colcon_core.environment:checking '/root/ros2_ws/install/detection_msgs' for CMake config files
[0.693s] Level 1:colcon.colcon_core.shell:create_environment_hook('detection_msgs', 'cmake_prefix_path')
[0.693s] INFO:colcon.colcon_core.shell:Creating environment hook '/root/ros2_ws/install/detection_msgs/share/detection_msgs/hook/cmake_prefix_path.ps1'
[0.694s] INFO:colcon.colcon_core.shell:Creating environment descriptor '/root/ros2_ws/install/detection_msgs/share/detection_msgs/hook/cmake_prefix_path.dsv'
[0.694s] INFO:colcon.colcon_core.shell:Creating environment hook '/root/ros2_ws/install/detection_msgs/share/detection_msgs/hook/cmake_prefix_path.sh'
[0.694s] Level 1:colcon.colcon_core.environment:checking '/root/ros2_ws/install/detection_msgs/lib'
[0.694s] Level 1:colcon.colcon_core.shell:create_environment_hook('detection_msgs', 'ld_library_path_lib')
[0.694s] INFO:colcon.colcon_core.shell:Creating environment hook '/root/ros2_ws/install/detection_msgs/share/detection_msgs/hook/ld_library_path_lib.ps1'
[0.695s] INFO:colcon.colcon_core.shell:Creating environment descriptor '/root/ros2_ws/install/detection_msgs/share/detection_msgs/hook/ld_library_path_lib.dsv'
[0.695s] INFO:colcon.colcon_core.shell:Creating environment hook '/root/ros2_ws/install/detection_msgs/share/detection_msgs/hook/ld_library_path_lib.sh'
[0.695s] Level 1:colcon.colcon_core.environment:checking '/root/ros2_ws/install/detection_msgs/bin'
[0.695s] Level 1:colcon.colcon_core.environment:checking '/root/ros2_ws/install/detection_msgs/lib/pkgconfig/detection_msgs.pc'
[0.696s] Level 1:colcon.colcon_core.environment:checking '/root/ros2_ws/install/detection_msgs/lib/python3.12/site-packages'
[0.696s] Level 1:colcon.colcon_core.shell:create_environment_hook('detection_msgs', 'pythonpath')
[0.696s] INFO:colcon.colcon_core.shell:Creating environment hook '/root/ros2_ws/install/detection_msgs/share/detection_msgs/hook/pythonpath.ps1'
[0.696s] INFO:colcon.colcon_core.shell:Creating environment descriptor '/root/ros2_ws/install/detection_msgs/share/detection_msgs/hook/pythonpath.dsv'
[0.696s] INFO:colcon.colcon_core.shell:Creating environment hook '/root/ros2_ws/install/detection_msgs/share/detection_msgs/hook/pythonpath.sh'
[0.697s] Level 1:colcon.colcon_core.environment:checking '/root/ros2_ws/install/detection_msgs/bin'
[0.697s] INFO:colcon.colcon_core.shell:Creating package script '/root/ros2_ws/install/detection_msgs/share/detection_msgs/package.ps1'
[0.698s] INFO:colcon.colcon_core.shell:Creating package descriptor '/root/ros2_ws/install/detection_msgs/share/detection_msgs/package.dsv'
[0.698s] INFO:colcon.colcon_core.shell:Creating package script '/root/ros2_ws/install/detection_msgs/share/detection_msgs/package.sh'
[0.698s] INFO:colcon.colcon_core.shell:Creating package script '/root/ros2_ws/install/detection_msgs/share/detection_msgs/package.bash'
[0.699s] INFO:colcon.colcon_core.shell:Creating package script '/root/ros2_ws/install/detection_msgs/share/detection_msgs/package.zsh'
[0.699s] Level 1:colcon.colcon_core.environment:create_file_with_runtime_dependencies(/root/ros2_ws/install/detection_msgs/share/colcon-core/packages/detection_msgs)
[0.699s] INFO:colcon.colcon_ros.task.ament_python.build:Building ROS package in '/root/ros2_ws/src/yolo_detection' with build type 'ament_python'
[0.699s] Level 1:colcon.colcon_core.shell:create_environment_hook('yolo_detection', 'ament_prefix_path')
[0.699s] INFO:colcon.colcon_core.shell:Creating environment hook '/root/ros2_ws/install/yolo_detection/share/yolo_detection/hook/ament_prefix_path.ps1'
[0.700s] INFO:colcon.colcon_core.shell:Creating environment descriptor '/root/ros2_ws/install/yolo_detection/share/yolo_detection/hook/ament_prefix_path.dsv'
[0.701s] INFO:colcon.colcon_core.shell:Creating environment hook '/root/ros2_ws/install/yolo_detection/share/yolo_detection/hook/ament_prefix_path.sh'
[0.701s] INFO:colcon.colcon_core.shell:Skip shell extension 'powershell' for command environment: Not usable outside of PowerShell
[0.701s] DEBUG:colcon.colcon_core.shell:Skip shell extension 'dsv' for command environment
[0.889s] INFO:colcon.colcon_core.task.python.build:Building Python package in '/root/ros2_ws/src/yolo_detection'
[0.890s] INFO:colcon.colcon_core.shell:Skip shell extension 'powershell' for command environment: Not usable outside of PowerShell
[0.890s] DEBUG:colcon.colcon_core.shell:Skip shell extension 'dsv' for command environment
[0.893s] DEBUG:colcon.colcon_core.event_handler.log_command:Invoking command in '/root/ros2_ws/build/depth_perception': PYTHONPATH=/root/ros2_ws/build/depth_perception/prefix_override:/usr/lib/python3/dist-packages/colcon_core/task/python/colcon_distutils_commands:/root/ros2_ws/install/depth_perception/lib/python3.12/site-packages:${PYTHONPATH} /usr/bin/python3 -W ignore:setup.py install is deprecated -W ignore:easy_install command is deprecated setup.py develop --editable --build-directory /root/ros2_ws/build/depth_perception/build --no-deps symlink_data
[1.333s] DEBUG:colcon.colcon_core.event_handler.log_command:Invoking command in '/root/ros2_ws/build/yolo_detection': AMENT_PREFIX_PATH=/root/ros2_ws/install/detection_msgs:${AMENT_PREFIX_PATH} CMAKE_PREFIX_PATH=/root/ros2_ws/install/detection_msgs:${CMAKE_PREFIX_PATH} LD_LIBRARY_PATH=/root/ros2_ws/install/detection_msgs/lib:${LD_LIBRARY_PATH} PYTHONPATH=/root/ros2_ws/build/yolo_detection/prefix_override:/usr/lib/python3/dist-packages/colcon_core/task/python/colcon_distutils_commands:/root/ros2_ws/install/yolo_detection/lib/python3.12/site-packages:/root/ros2_ws/install/detection_msgs/lib/python3.12/site-packages:${PYTHONPATH} /usr/bin/python3 -W ignore:setup.py install is deprecated -W ignore:easy_install command is deprecated setup.py develop --editable --build-directory /root/ros2_ws/build/yolo_detection/build --no-deps symlink_data
[1.371s] Level 1:colcon.colcon_core.shell:create_environment_hook('depth_perception', 'pythonpath_develop')
[1.372s] INFO:colcon.colcon_core.shell:Creating environment hook '/root/ros2_ws/build/depth_perception/share/depth_perception/hook/pythonpath_develop.ps1'
[1.372s] DEBUG:colcon.colcon_core.event_handler.log_command:Invoked command in '/root/ros2_ws/build/depth_perception' returned '0': PYTHONPATH=/root/ros2_ws/build/depth_perception/prefix_override:/usr/lib/python3/dist-packages/colcon_core/task/python/colcon_distutils_commands:/root/ros2_ws/install/depth_perception/lib/python3.12/site-packages:${PYTHONPATH} /usr/bin/python3 -W ignore:setup.py install is deprecated -W ignore:easy_install command is deprecated setup.py develop --editable --build-directory /root/ros2_ws/build/depth_perception/build --no-deps symlink_data
[1.372s] INFO:colcon.colcon_core.shell:Creating environment descriptor '/root/ros2_ws/build/depth_perception/share/depth_perception/hook/pythonpath_develop.dsv'
[1.372s] INFO:colcon.colcon_core.shell:Creating environment hook '/root/ros2_ws/build/depth_perception/share/depth_perception/hook/pythonpath_develop.sh'
[1.373s] Level 1:colcon.colcon_core.environment:checking '/root/ros2_ws/install/depth_perception' for CMake module files
[1.373s] Level 1:colcon.colcon_core.environment:checking '/root/ros2_ws/install/depth_perception' for CMake config files
[1.373s] Level 1:colcon.colcon_core.environment:checking '/root/ros2_ws/install/depth_perception/lib'
[1.373s] Level 1:colcon.colcon_core.environment:checking '/root/ros2_ws/install/depth_perception/bin'
[1.373s] Level 1:colcon.colcon_core.environment:checking '/root/ros2_ws/install/depth_perception/lib/pkgconfig/depth_perception.pc'
[1.374s] Level 1:colcon.colcon_core.environment:checking '/root/ros2_ws/install/depth_perception/lib/python3.12/site-packages'
[1.374s] Level 1:colcon.colcon_core.shell:create_environment_hook('depth_perception', 'pythonpath')
[1.374s] INFO:colcon.colcon_core.shell:Creating environment hook '/root/ros2_ws/install/depth_perception/share/depth_perception/hook/pythonpath.ps1'
[1.374s] INFO:colcon.colcon_core.shell:Creating environment descriptor '/root/ros2_ws/install/depth_perception/share/depth_perception/hook/pythonpath.dsv'
[1.374s] INFO:colcon.colcon_core.shell:Creating environment hook '/root/ros2_ws/install/depth_perception/share/depth_perception/hook/pythonpath.sh'
[1.375s] Level 1:colcon.colcon_core.environment:checking '/root/ros2_ws/install/depth_perception/bin'
[1.375s] Level 1:colcon.colcon_core.environment:create_environment_scripts_only(depth_perception)
[1.375s] INFO:colcon.colcon_core.shell:Creating package script '/root/ros2_ws/install/depth_perception/share/depth_perception/package.ps1'
[1.376s] INFO:colcon.colcon_core.shell:Creating package descriptor '/root/ros2_ws/install/depth_perception/share/depth_perception/package.dsv'
[1.376s] INFO:colcon.colcon_core.shell:Creating package script '/root/ros2_ws/install/depth_perception/share/depth_perception/package.sh'
[1.376s] INFO:colcon.colcon_core.shell:Creating package script '/root/ros2_ws/install/depth_perception/share/depth_perception/package.bash'
[1.376s] INFO:colcon.colcon_core.shell:Creating package script '/root/ros2_ws/install/depth_perception/share/depth_perception/package.zsh'
[1.376s] Level 1:colcon.colcon_core.environment:create_file_with_runtime_dependencies(/root/ros2_ws/install/depth_perception/share/colcon-core/packages/depth_perception)
[1.834s] Level 1:colcon.colcon_core.shell:create_environment_hook('yolo_detection', 'pythonpath_develop')
[1.834s] INFO:colcon.colcon_core.shell:Creating environment hook '/root/ros2_ws/build/yolo_detection/share/yolo_detection/hook/pythonpath_develop.ps1'
[1.835s] DEBUG:colcon.colcon_core.event_handler.log_command:Invoked command in '/root/ros2_ws/build/yolo_detection' returned '0': AMENT_PREFIX_PATH=/root/ros2_ws/install/detection_msgs:${AMENT_PREFIX_PATH} CMAKE_PREFIX_PATH=/root/ros2_ws/install/detection_msgs:${CMAKE_PREFIX_PATH} LD_LIBRARY_PATH=/root/ros2_ws/install/detection_msgs/lib:${LD_LIBRARY_PATH} PYTHONPATH=/root/ros2_ws/build/yolo_detection/prefix_override:/usr/lib/python3/dist-packages/colcon_core/task/python/colcon_distutils_commands:/root/ros2_ws/install/yolo_detection/lib/python3.12/site-packages:/root/ros2_ws/install/detection_msgs/lib/python3.12/site-packages:${PYTHONPATH} /usr/bin/python3 -W ignore:setup.py install is deprecated -W ignore:easy_install command is deprecated setup.py develop --editable --build-directory /root/ros2_ws/build/yolo_detection/build --no-deps symlink_data
[1.835s] INFO:colcon.colcon_core.shell:Creating environment descriptor '/root/ros2_ws/build/yolo_detection/share/yolo_detection/hook/pythonpath_develop.dsv'
[1.835s] INFO:colcon.colcon_core.shell:Creating environment hook '/root/ros2_ws/build/yolo_detection/share/yolo_detection/hook/pythonpath_develop.sh'
[1.836s] Level 1:colcon.colcon_core.environment:checking '/root/ros2_ws/install/yolo_detection' for CMake module files
[1.836s] Level 1:colcon.colcon_core.environment:checking '/root/ros2_ws/install/yolo_detection' for CMake config files
[1.836s] Level 1:colcon.colcon_core.environment:checking '/root/ros2_ws/install/yolo_detection/lib'
[1.836s] Level 1:colcon.colcon_core.environment:checking '/root/ros2_ws/install/yolo_detection/bin'
[1.836s] Level 1:colcon.colcon_core.environment:checking '/root/ros2_ws/install/yolo_detection/lib/pkgconfig/yolo_detection.pc'
[1.837s] Level 1:colcon.colcon_core.environment:checking '/root/ros2_ws/install/yolo_detection/lib/python3.12/site-packages'
[1.837s] Level 1:colcon.colcon_core.shell:create_environment_hook('yolo_detection', 'pythonpath')
[1.837s] INFO:colcon.colcon_core.shell:Creating environment hook '/root/ros2_ws/install/yolo_detection/share/yolo_detection/hook/pythonpath.ps1'
[1.837s] INFO:colcon.colcon_core.shell:Creating environment descriptor '/root/ros2_ws/install/yolo_detection/share/yolo_detection/hook/pythonpath.dsv'
[1.837s] INFO:colcon.colcon_core.shell:Creating environment hook '/root/ros2_ws/install/yolo_detection/share/yolo_detection/hook/pythonpath.sh'
[1.838s] Level 1:colcon.colcon_core.environment:checking '/root/ros2_ws/install/yolo_detection/bin'
[1.838s] Level 1:colcon.colcon_core.environment:create_environment_scripts_only(yolo_detection)
[1.838s] INFO:colcon.colcon_core.shell:Creating package script '/root/ros2_ws/install/yolo_detection/share/yolo_detection/package.ps1'
[1.838s] INFO:colcon.colcon_core.shell:Creating package descriptor '/root/ros2_ws/install/yolo_detection/share/yolo_detection/package.dsv'
[1.839s] INFO:colcon.colcon_core.shell:Creating package script '/root/ros2_ws/install/yolo_detection/share/yolo_detection/package.sh'
[1.839s] INFO:colcon.colcon_core.shell:Creating package script '/root/ros2_ws/install/yolo_detection/share/yolo_detection/package.bash'
[1.839s] INFO:colcon.colcon_core.shell:Creating package script '/root/ros2_ws/install/yolo_detection/share/yolo_detection/package.zsh'
[1.839s] Level 1:colcon.colcon_core.environment:create_file_with_runtime_dependencies(/root/ros2_ws/install/yolo_detection/share/colcon-core/packages/yolo_detection)
[1.840s] DEBUG:colcon.colcon_parallel_executor.executor.parallel:closing loop
[1.840s] DEBUG:colcon.colcon_parallel_executor.executor.parallel:loop closed
[1.840s] DEBUG:colcon.colcon_parallel_executor.executor.parallel:run_until_complete finished with '0'
[1.840s] DEBUG:colcon.colcon_core.event_reactor:joining thread
[1.844s] INFO:colcon.colcon_core.plugin_system:Skipping extension 'colcon_notification.desktop_notification.terminal_notifier': Not used on non-Darwin systems
[1.844s] INFO:colcon.colcon_core.plugin_system:Skipping extension 'colcon_notification.desktop_notification.win32': Not used on non-Windows systems
[1.844s] INFO:colcon.colcon_notification.desktop_notification:Sending desktop notification using 'notify2'
[1.899s] DEBUG:colcon.colcon_core.event_reactor:joined thread
[1.900s] INFO:colcon.colcon_core.shell:Creating prefix script '/root/ros2_ws/install/local_setup.ps1'
[1.900s] INFO:colcon.colcon_core.shell:Creating prefix util module '/root/ros2_ws/install/_local_setup_util_ps1.py'
[1.901s] INFO:colcon.colcon_core.shell:Creating prefix chain script '/root/ros2_ws/install/setup.ps1'
[1.902s] INFO:colcon.colcon_core.shell:Creating prefix script '/root/ros2_ws/install/local_setup.sh'
[1.902s] INFO:colcon.colcon_core.shell:Creating prefix util module '/root/ros2_ws/install/_local_setup_util_sh.py'
[1.902s] INFO:colcon.colcon_core.shell:Creating prefix chain script '/root/ros2_ws/install/setup.sh'
[1.903s] INFO:colcon.colcon_core.shell:Creating prefix script '/root/ros2_ws/install/local_setup.bash'
[1.903s] INFO:colcon.colcon_core.shell:Creating prefix chain script '/root/ros2_ws/install/setup.bash'
[1.903s] INFO:colcon.colcon_core.shell:Creating prefix script '/root/ros2_ws/install/local_setup.zsh'
[1.904s] INFO:colcon.colcon_core.shell:Creating prefix chain script '/root/ros2_ws/install/setup.zsh'
