running egg_info
creating ../../build/depth_perception/depth_perception.egg-info
writing ../../build/depth_perception/depth_perception.egg-info/PKG-INFO
writing dependency_links to ../../build/depth_perception/depth_perception.egg-info/dependency_links.txt
writing entry points to ../../build/depth_perception/depth_perception.egg-info/entry_points.txt
writing requirements to ../../build/depth_perception/depth_perception.egg-info/requires.txt
writing top-level names to ../../build/depth_perception/depth_perception.egg-info/top_level.txt
writing manifest file '../../build/depth_perception/depth_perception.egg-info/SOURCES.txt'
reading manifest file '../../build/depth_perception/depth_perception.egg-info/SOURCES.txt'
writing manifest file '../../build/depth_perception/depth_perception.egg-info/SOURCES.txt'
running build
running build_py
creating /root/ros2_ws/build/depth_perception/build
creating /root/ros2_ws/build/depth_perception/build/lib
creating /root/ros2_ws/build/depth_perception/build/lib/depth_perception
copying depth_perception/depth_error_node.py -> /root/ros2_ws/build/depth_perception/build/lib/depth_perception
copying depth_perception/__init__.py -> /root/ros2_ws/build/depth_perception/build/lib/depth_perception
copying depth_perception/point_cloud_node.py -> /root/ros2_ws/build/depth_perception/build/lib/depth_perception
running install
running install_lib
creating /root/ros2_ws/install/depth_perception/lib/python3.12/site-packages/depth_perception
copying /root/ros2_ws/build/depth_perception/build/lib/depth_perception/depth_error_node.py -> /root/ros2_ws/install/depth_perception/lib/python3.12/site-packages/depth_perception
copying /root/ros2_ws/build/depth_perception/build/lib/depth_perception/__init__.py -> /root/ros2_ws/install/depth_perception/lib/python3.12/site-packages/depth_perception
copying /root/ros2_ws/build/depth_perception/build/lib/depth_perception/point_cloud_node.py -> /root/ros2_ws/install/depth_perception/lib/python3.12/site-packages/depth_perception
byte-compiling /root/ros2_ws/install/depth_perception/lib/python3.12/site-packages/depth_perception/depth_error_node.py to depth_error_node.cpython-312.pyc
byte-compiling /root/ros2_ws/install/depth_perception/lib/python3.12/site-packages/depth_perception/__init__.py to __init__.cpython-312.pyc
byte-compiling /root/ros2_ws/install/depth_perception/lib/python3.12/site-packages/depth_perception/point_cloud_node.py to point_cloud_node.cpython-312.pyc
running install_data
creating /root/ros2_ws/install/depth_perception/share/ament_index
creating /root/ros2_ws/install/depth_perception/share/ament_index/resource_index
creating /root/ros2_ws/install/depth_perception/share/ament_index/resource_index/packages
copying resource/depth_perception -> /root/ros2_ws/install/depth_perception/share/ament_index/resource_index/packages
copying package.xml -> /root/ros2_ws/install/depth_perception/share/depth_perception
creating /root/ros2_ws/install/depth_perception/share/depth_perception/launch
copying launch/depth_perception.launch.py -> /root/ros2_ws/install/depth_perception/share/depth_perception/launch
creating /root/ros2_ws/install/depth_perception/share/depth_perception/rviz
copying rviz/depth_perception.rviz -> /root/ros2_ws/install/depth_perception/share/depth_perception/rviz
running install_egg_info
Copying ../../build/depth_perception/depth_perception.egg-info to /root/ros2_ws/install/depth_perception/lib/python3.12/site-packages/depth_perception-0.0.1-py3.12.egg-info
running install_scripts
Installing depth_error_node script to /root/ros2_ws/install/depth_perception/lib/depth_perception
Installing point_cloud_node script to /root/ros2_ws/install/depth_perception/lib/depth_perception
writing list of installed files to '/root/ros2_ws/build/depth_perception/install.log'
