running develop
running egg_info
creating yolo_detection.egg-info
writing yolo_detection.egg-info/PKG-INFO
writing dependency_links to yolo_detection.egg-info/dependency_links.txt
writing entry points to yolo_detection.egg-info/entry_points.txt
writing requirements to yolo_detection.egg-info/requires.txt
writing top-level names to yolo_detection.egg-info/top_level.txt
writing manifest file 'yolo_detection.egg-info/SOURCES.txt'
reading manifest file 'yolo_detection.egg-info/SOURCES.txt'
writing manifest file 'yolo_detection.egg-info/SOURCES.txt'
running build_ext
Creating /root/ros2_ws/install/yolo_detection/lib/python3.12/site-packages/yolo-detection.egg-link (link to .)
Installing visualizer_node script to /root/ros2_ws/install/yolo_detection/lib/yolo_detection
Installing yolo_node script to /root/ros2_ws/install/yolo_detection/lib/yolo_detection

Installed /root/ros2_ws/build/yolo_detection
running symlink_data
creating /root/ros2_ws/install/yolo_detection/share/ament_index
creating /root/ros2_ws/install/yolo_detection/share/ament_index/resource_index
creating /root/ros2_ws/install/yolo_detection/share/ament_index/resource_index/packages
symbolically linking /root/ros2_ws/build/yolo_detection/resource/yolo_detection -> /root/ros2_ws/install/yolo_detection/share/ament_index/resource_index/packages
symbolically linking /root/ros2_ws/build/yolo_detection/package.xml -> /root/ros2_ws/install/yolo_detection/share/yolo_detection
creating /root/ros2_ws/install/yolo_detection/share/yolo_detection/launch
symbolically linking /root/ros2_ws/build/yolo_detection/launch/yolo_detection.launch.py -> /root/ros2_ws/install/yolo_detection/share/yolo_detection/launch
