[0.760s] Invoking command in '/root/ros2_ws/build/depth_perception': PYTHONPATH=/root/ros2_ws/build/depth_perception/prefix_override:/usr/lib/python3/dist-packages/colcon_core/task/python/colcon_distutils_commands:/root/ros2_ws/install/depth_perception/lib/python3.12/site-packages:${PYTHONPATH} /usr/bin/python3 -W ignore:setup.py install is deprecated -W ignore:easy_install command is deprecated setup.py develop --editable --build-directory /root/ros2_ws/build/depth_perception/build --no-deps symlink_data --force
[1.042s] running develop
[1.211s] running egg_info
[1.230s] writing depth_perception.egg-info/PKG-INFO
[1.230s] writing dependency_links to depth_perception.egg-info/dependency_links.txt
[1.230s] writing entry points to depth_perception.egg-info/entry_points.txt
[1.230s] writing requirements to depth_perception.egg-info/requires.txt
[1.230s] writing top-level names to depth_perception.egg-info/top_level.txt
[1.266s] reading manifest file 'depth_perception.egg-info/SOURCES.txt'
[1.267s] writing manifest file 'depth_perception.egg-info/SOURCES.txt'
[1.286s] running build_ext
[1.286s] Creating /root/ros2_ws/install/depth_perception/lib/python3.12/site-packages/depth-perception.egg-link (link to .)
[1.287s] Installing depth_error_node script to /root/ros2_ws/install/depth_perception/lib/depth_perception
[1.287s] Installing point_cloud_node script to /root/ros2_ws/install/depth_perception/lib/depth_perception
[1.287s] 
[1.287s] Installed /root/ros2_ws/build/depth_perception
[1.287s] running symlink_data
[1.287s] symbolically linking /root/ros2_ws/build/depth_perception/resource/depth_perception -> /root/ros2_ws/install/depth_perception/share/ament_index/resource_index/packages
[1.288s] symbolically linking /root/ros2_ws/build/depth_perception/package.xml -> /root/ros2_ws/install/depth_perception/share/depth_perception
[1.288s] symbolically linking /root/ros2_ws/build/depth_perception/launch/depth_perception.launch.py -> /root/ros2_ws/install/depth_perception/share/depth_perception/launch
[1.288s] symbolically linking /root/ros2_ws/build/depth_perception/rviz/depth_perception.rviz -> /root/ros2_ws/install/depth_perception/share/depth_perception/rviz
[1.317s] Invoked command in '/root/ros2_ws/build/depth_perception' returned '0': PYTHONPATH=/root/ros2_ws/build/depth_perception/prefix_override:/usr/lib/python3/dist-packages/colcon_core/task/python/colcon_distutils_commands:/root/ros2_ws/install/depth_perception/lib/python3.12/site-packages:${PYTHONPATH} /usr/bin/python3 -W ignore:setup.py install is deprecated -W ignore:easy_install command is deprecated setup.py develop --editable --build-directory /root/ros2_ws/build/depth_perception/build --no-deps symlink_data --force
